/home/optimus/virtual/optimus/optimus_ws1_20240711/install/optimus_vision0/lib/python3.10/site-packages/optimus_vision0/streaming_node.py
/home/optimus/virtual/optimus/optimus_ws1_20240711/install/optimus_vision0/lib/python3.10/site-packages/optimus_vision0/publication_node copy.py
/home/optimus/virtual/optimus/optimus_ws1_20240711/install/optimus_vision0/lib/python3.10/site-packages/optimus_vision0/__init__.py
/home/optimus/virtual/optimus/optimus_ws1_20240711/install/optimus_vision0/lib/python3.10/site-packages/optimus_vision0/publication_node.py
/home/optimus/virtual/optimus/optimus_ws1_20240711/install/optimus_vision0/lib/python3.10/site-packages/optimus_vision0/util/temp.py
/home/optimus/virtual/optimus/optimus_ws1_20240711/install/optimus_vision0/lib/python3.10/site-packages/optimus_vision0/util/test.py
/home/optimus/virtual/optimus/optimus_ws1_20240711/install/optimus_vision0/lib/python3.10/site-packages/optimus_vision0/util/move_block_api.py
/home/optimus/virtual/optimus/optimus_ws1_20240711/install/optimus_vision0/lib/python3.10/site-packages/optimus_vision0/util/camera_data.py
/home/optimus/virtual/optimus/optimus_ws1_20240711/install/optimus_vision0/lib/python3.10/site-packages/optimus_vision0/util/packMasg_client3.py
/home/optimus/virtual/optimus/optimus_ws1_20240711/install/optimus_vision0/lib/python3.10/site-packages/optimus_vision0/util/robot_navigation_sequence.py
/home/optimus/virtual/optimus/optimus_ws1_20240711/install/optimus_vision0/lib/python3.10/site-packages/optimus_vision0/util/robot_navigation_sequence_execution.py
/home/optimus/virtual/optimus/optimus_ws1_20240711/install/optimus_vision0/lib/python3.10/site-packages/optimus_vision0/util/temp0.py
/home/optimus/virtual/optimus/optimus_ws1_20240711/install/optimus_vision0/lib/python3.10/site-packages/optimus_vision0/util/packMasg_client2.py
/home/optimus/virtual/optimus/optimus_ws1_20240711/install/optimus_vision0/lib/python3.10/site-packages/optimus_vision0/util/packMasg_client.py
/home/optimus/virtual/optimus/optimus_ws1_20240711/install/optimus_vision0/lib/python3.10/site-packages/optimus_vision0/__pycache__/streaming_node.cpython-310.pyc
/home/optimus/virtual/optimus/optimus_ws1_20240711/install/optimus_vision0/lib/python3.10/site-packages/optimus_vision0/__pycache__/publication_node copy.cpython-310.pyc
/home/optimus/virtual/optimus/optimus_ws1_20240711/install/optimus_vision0/lib/python3.10/site-packages/optimus_vision0/__pycache__/__init__.cpython-310.pyc
/home/optimus/virtual/optimus/optimus_ws1_20240711/install/optimus_vision0/lib/python3.10/site-packages/optimus_vision0/__pycache__/publication_node.cpython-310.pyc
/home/optimus/virtual/optimus/optimus_ws1_20240711/install/optimus_vision0/lib/python3.10/site-packages/optimus_vision0/util/__pycache__/temp.cpython-310.pyc
/home/optimus/virtual/optimus/optimus_ws1_20240711/install/optimus_vision0/lib/python3.10/site-packages/optimus_vision0/util/__pycache__/test.cpython-310.pyc
/home/optimus/virtual/optimus/optimus_ws1_20240711/install/optimus_vision0/lib/python3.10/site-packages/optimus_vision0/util/__pycache__/move_block_api.cpython-310.pyc
/home/optimus/virtual/optimus/optimus_ws1_20240711/install/optimus_vision0/lib/python3.10/site-packages/optimus_vision0/util/__pycache__/camera_data.cpython-310.pyc
/home/optimus/virtual/optimus/optimus_ws1_20240711/install/optimus_vision0/lib/python3.10/site-packages/optimus_vision0/util/__pycache__/packMasg_client3.cpython-310.pyc
/home/optimus/virtual/optimus/optimus_ws1_20240711/install/optimus_vision0/lib/python3.10/site-packages/optimus_vision0/util/__pycache__/robot_navigation_sequence.cpython-310.pyc
/home/optimus/virtual/optimus/optimus_ws1_20240711/install/optimus_vision0/lib/python3.10/site-packages/optimus_vision0/util/__pycache__/robot_navigation_sequence_execution.cpython-310.pyc
/home/optimus/virtual/optimus/optimus_ws1_20240711/install/optimus_vision0/lib/python3.10/site-packages/optimus_vision0/util/__pycache__/temp0.cpython-310.pyc
/home/optimus/virtual/optimus/optimus_ws1_20240711/install/optimus_vision0/lib/python3.10/site-packages/optimus_vision0/util/__pycache__/packMasg_client2.cpython-310.pyc
/home/optimus/virtual/optimus/optimus_ws1_20240711/install/optimus_vision0/lib/python3.10/site-packages/optimus_vision0/util/__pycache__/packMasg_client.cpython-310.pyc
/home/optimus/virtual/optimus/optimus_ws1_20240711/install/optimus_vision0/share/ament_index/resource_index/packages/optimus_vision0
/home/optimus/virtual/optimus/optimus_ws1_20240711/install/optimus_vision0/share/optimus_vision0/package.xml
/home/optimus/virtual/optimus/optimus_ws1_20240711/install/optimus_vision0/share/optimus_vision0/launch/nn_camera.launch.py
/home/optimus/virtual/optimus/optimus_ws1_20240711/install/optimus_vision0/lib/python3.10/site-packages/optimus_vision0-0.0.0-py3.10.egg-info/zip-safe
/home/optimus/virtual/optimus/optimus_ws1_20240711/install/optimus_vision0/lib/python3.10/site-packages/optimus_vision0-0.0.0-py3.10.egg-info/top_level.txt
/home/optimus/virtual/optimus/optimus_ws1_20240711/install/optimus_vision0/lib/python3.10/site-packages/optimus_vision0-0.0.0-py3.10.egg-info/requires.txt
/home/optimus/virtual/optimus/optimus_ws1_20240711/install/optimus_vision0/lib/python3.10/site-packages/optimus_vision0-0.0.0-py3.10.egg-info/PKG-INFO
/home/optimus/virtual/optimus/optimus_ws1_20240711/install/optimus_vision0/lib/python3.10/site-packages/optimus_vision0-0.0.0-py3.10.egg-info/SOURCES.txt
/home/optimus/virtual/optimus/optimus_ws1_20240711/install/optimus_vision0/lib/python3.10/site-packages/optimus_vision0-0.0.0-py3.10.egg-info/entry_points.txt
/home/optimus/virtual/optimus/optimus_ws1_20240711/install/optimus_vision0/lib/python3.10/site-packages/optimus_vision0-0.0.0-py3.10.egg-info/dependency_links.txt
/home/optimus/virtual/optimus/optimus_ws1_20240711/install/optimus_vision0/lib/optimus_vision0/publication_node
/home/optimus/virtual/optimus/optimus_ws1_20240711/install/optimus_vision0/lib/optimus_vision0/streaming_node
