[  3%] Built target ssd_mobilenet_inference_msgs__cpp
[ 12%] Built target ssd_mobilenet_inference_msgs__rosidl_generator_c
[ 22%] Built target ssd_mobilenet_inference_msgs__rosidl_typesupport_cpp
[ 22%] Built target ament_cmake_python_copy_ssd_mobilenet_inference_msgs
[ 35%] Built target ssd_mobilenet_inference_msgs__rosidl_typesupport_fastrtps_cpp
[ 41%] Built target ssd_mobilenet_inference_msgs__rosidl_typesupport_introspection_cpp
[ 58%] Built target ssd_mobilenet_inference_msgs__rosidl_typesupport_fastrtps_c
[ 61%] Built target ssd_mobilenet_inference_msgs__rosidl_typesupport_introspection_c
[ 70%] Built target ssd_mobilenet_inference_msgs__rosidl_typesupport_c
[ 70%] Built target ssd_mobilenet_inference_msgs
[ 74%] Built target ssd_mobilenet_inference_msgs__py
[ 80%] Built target ssd_mobilenet_inference_msgs__rosidl_generator_py
[ 87%] Built target ssd_mobilenet_inference_msgs__rosidl_typesupport_fastrtps_c__pyext
[ 93%] Built target ssd_mobilenet_inference_msgs__rosidl_typesupport_introspection_c__pyext
[100%] Built target ssd_mobilenet_inference_msgs__rosidl_typesupport_c__pyext
running egg_info
writing ssd_mobilenet_inference_msgs.egg-info/PKG-INFO
writing dependency_links to ssd_mobilenet_inference_msgs.egg-info/dependency_links.txt
writing top-level names to ssd_mobilenet_inference_msgs.egg-info/top_level.txt
reading manifest file 'ssd_mobilenet_inference_msgs.egg-info/SOURCES.txt'
writing manifest file 'ssd_mobilenet_inference_msgs.egg-info/SOURCES.txt'
[100%] Built target ament_cmake_python_build_ssd_mobilenet_inference_msgs_egg
-- Install configuration: ""
-- Up-to-date: /home/optimus/virtual/optimus/optimus_ws1_20240711/install/ssd_mobilenet_inference_msgs/share/ament_index/resource_index/rosidl_interfaces/ssd_mobilenet_inference_msgs
-- Up-to-date: /home/optimus/virtual/optimus/optimus_ws1_20240711/install/ssd_mobilenet_inference_msgs/include/ssd_mobilenet_inference_msgs/ssd_mobilenet_inference_msgs
-- Up-to-date: /home/optimus/virtual/optimus/optimus_ws1_20240711/install/ssd_mobilenet_inference_msgs/include/ssd_mobilenet_inference_msgs/ssd_mobilenet_inference_msgs/msg
-- Up-to-date: /home/optimus/virtual/optimus/optimus_ws1_20240711/install/ssd_mobilenet_inference_msgs/include/ssd_mobilenet_inference_msgs/ssd_mobilenet_inference_msgs/msg/rosidl_generator_c__visibility_control.h
-- Up-to-date: /home/optimus/virtual/optimus/optimus_ws1_20240711/install/ssd_mobilenet_inference_msgs/include/ssd_mobilenet_inference_msgs/ssd_mobilenet_inference_msgs/msg/inference_result.h
-- Up-to-date: /home/optimus/virtual/optimus/optimus_ws1_20240711/install/ssd_mobilenet_inference_msgs/include/ssd_mobilenet_inference_msgs/ssd_mobilenet_inference_msgs/msg/detail
-- Up-to-date: /home/optimus/virtual/optimus/optimus_ws1_20240711/install/ssd_mobilenet_inference_msgs/include/ssd_mobilenet_inference_msgs/ssd_mobilenet_inference_msgs/msg/detail/inference_result__struct.h
-- Up-to-date: /home/optimus/virtual/optimus/optimus_ws1_20240711/install/ssd_mobilenet_inference_msgs/include/ssd_mobilenet_inference_msgs/ssd_mobilenet_inference_msgs/msg/detail/inference_result__functions.c
-- Up-to-date: /home/optimus/virtual/optimus/optimus_ws1_20240711/install/ssd_mobilenet_inference_msgs/include/ssd_mobilenet_inference_msgs/ssd_mobilenet_inference_msgs/msg/detail/inference_result__type_support.h
-- Up-to-date: /home/optimus/virtual/optimus/optimus_ws1_20240711/install/ssd_mobilenet_inference_msgs/include/ssd_mobilenet_inference_msgs/ssd_mobilenet_inference_msgs/msg/detail/inference_result__functions.h
-- Up-to-date: /home/optimus/virtual/optimus/optimus_ws1_20240711/install/ssd_mobilenet_inference_msgs/share/ssd_mobilenet_inference_msgs/environment/library_path.sh
-- Up-to-date: /home/optimus/virtual/optimus/optimus_ws1_20240711/install/ssd_mobilenet_inference_msgs/share/ssd_mobilenet_inference_msgs/environment/library_path.dsv
-- Up-to-date: /home/optimus/virtual/optimus/optimus_ws1_20240711/install/ssd_mobilenet_inference_msgs/lib/libssd_mobilenet_inference_msgs__rosidl_generator_c.so
-- Up-to-date: /home/optimus/virtual/optimus/optimus_ws1_20240711/install/ssd_mobilenet_inference_msgs/include/ssd_mobilenet_inference_msgs/ssd_mobilenet_inference_msgs
-- Up-to-date: /home/optimus/virtual/optimus/optimus_ws1_20240711/install/ssd_mobilenet_inference_msgs/include/ssd_mobilenet_inference_msgs/ssd_mobilenet_inference_msgs/msg
-- Up-to-date: /home/optimus/virtual/optimus/optimus_ws1_20240711/install/ssd_mobilenet_inference_msgs/include/ssd_mobilenet_inference_msgs/ssd_mobilenet_inference_msgs/msg/rosidl_typesupport_fastrtps_c__visibility_control.h
-- Up-to-date: /home/optimus/virtual/optimus/optimus_ws1_20240711/install/ssd_mobilenet_inference_msgs/include/ssd_mobilenet_inference_msgs/ssd_mobilenet_inference_msgs/msg/detail
-- Up-to-date: /home/optimus/virtual/optimus/optimus_ws1_20240711/install/ssd_mobilenet_inference_msgs/include/ssd_mobilenet_inference_msgs/ssd_mobilenet_inference_msgs/msg/detail/inference_result__rosidl_typesupport_fastrtps_c.h
-- Up-to-date: /home/optimus/virtual/optimus/optimus_ws1_20240711/install/ssd_mobilenet_inference_msgs/lib/libssd_mobilenet_inference_msgs__rosidl_typesupport_fastrtps_c.so
-- Up-to-date: /home/optimus/virtual/optimus/optimus_ws1_20240711/install/ssd_mobilenet_inference_msgs/include/ssd_mobilenet_inference_msgs/ssd_mobilenet_inference_msgs
-- Up-to-date: /home/optimus/virtual/optimus/optimus_ws1_20240711/install/ssd_mobilenet_inference_msgs/include/ssd_mobilenet_inference_msgs/ssd_mobilenet_inference_msgs/msg
-- Up-to-date: /home/optimus/virtual/optimus/optimus_ws1_20240711/install/ssd_mobilenet_inference_msgs/include/ssd_mobilenet_inference_msgs/ssd_mobilenet_inference_msgs/msg/inference_result.hpp
-- Up-to-date: /home/optimus/virtual/optimus/optimus_ws1_20240711/install/ssd_mobilenet_inference_msgs/include/ssd_mobilenet_inference_msgs/ssd_mobilenet_inference_msgs/msg/detail
-- Up-to-date: /home/optimus/virtual/optimus/optimus_ws1_20240711/install/ssd_mobilenet_inference_msgs/include/ssd_mobilenet_inference_msgs/ssd_mobilenet_inference_msgs/msg/detail/inference_result__builder.hpp
-- Up-to-date: /home/optimus/virtual/optimus/optimus_ws1_20240711/install/ssd_mobilenet_inference_msgs/include/ssd_mobilenet_inference_msgs/ssd_mobilenet_inference_msgs/msg/detail/inference_result__struct.hpp
-- Up-to-date: /home/optimus/virtual/optimus/optimus_ws1_20240711/install/ssd_mobilenet_inference_msgs/include/ssd_mobilenet_inference_msgs/ssd_mobilenet_inference_msgs/msg/detail/inference_result__traits.hpp
-- Up-to-date: /home/optimus/virtual/optimus/optimus_ws1_20240711/install/ssd_mobilenet_inference_msgs/include/ssd_mobilenet_inference_msgs/ssd_mobilenet_inference_msgs
-- Up-to-date: /home/optimus/virtual/optimus/optimus_ws1_20240711/install/ssd_mobilenet_inference_msgs/include/ssd_mobilenet_inference_msgs/ssd_mobilenet_inference_msgs/msg
-- Up-to-date: /home/optimus/virtual/optimus/optimus_ws1_20240711/install/ssd_mobilenet_inference_msgs/include/ssd_mobilenet_inference_msgs/ssd_mobilenet_inference_msgs/msg/rosidl_typesupport_fastrtps_cpp__visibility_control.h
-- Up-to-date: /home/optimus/virtual/optimus/optimus_ws1_20240711/install/ssd_mobilenet_inference_msgs/include/ssd_mobilenet_inference_msgs/ssd_mobilenet_inference_msgs/msg/detail
-- Up-to-date: /home/optimus/virtual/optimus/optimus_ws1_20240711/install/ssd_mobilenet_inference_msgs/include/ssd_mobilenet_inference_msgs/ssd_mobilenet_inference_msgs/msg/detail/dds_fastrtps
-- Up-to-date: /home/optimus/virtual/optimus/optimus_ws1_20240711/install/ssd_mobilenet_inference_msgs/include/ssd_mobilenet_inference_msgs/ssd_mobilenet_inference_msgs/msg/detail/inference_result__rosidl_typesupport_fastrtps_cpp.hpp
-- Up-to-date: /home/optimus/virtual/optimus/optimus_ws1_20240711/install/ssd_mobilenet_inference_msgs/lib/libssd_mobilenet_inference_msgs__rosidl_typesupport_fastrtps_cpp.so
-- Up-to-date: /home/optimus/virtual/optimus/optimus_ws1_20240711/install/ssd_mobilenet_inference_msgs/include/ssd_mobilenet_inference_msgs/ssd_mobilenet_inference_msgs
-- Up-to-date: /home/optimus/virtual/optimus/optimus_ws1_20240711/install/ssd_mobilenet_inference_msgs/include/ssd_mobilenet_inference_msgs/ssd_mobilenet_inference_msgs/msg
-- Up-to-date: /home/optimus/virtual/optimus/optimus_ws1_20240711/install/ssd_mobilenet_inference_msgs/include/ssd_mobilenet_inference_msgs/ssd_mobilenet_inference_msgs/msg/detail
-- Up-to-date: /home/optimus/virtual/optimus/optimus_ws1_20240711/install/ssd_mobilenet_inference_msgs/include/ssd_mobilenet_inference_msgs/ssd_mobilenet_inference_msgs/msg/detail/inference_result__rosidl_typesupport_introspection_c.h
-- Up-to-date: /home/optimus/virtual/optimus/optimus_ws1_20240711/install/ssd_mobilenet_inference_msgs/include/ssd_mobilenet_inference_msgs/ssd_mobilenet_inference_msgs/msg/detail/inference_result__type_support.c
-- Up-to-date: /home/optimus/virtual/optimus/optimus_ws1_20240711/install/ssd_mobilenet_inference_msgs/include/ssd_mobilenet_inference_msgs/ssd_mobilenet_inference_msgs/msg/rosidl_typesupport_introspection_c__visibility_control.h
-- Up-to-date: /home/optimus/virtual/optimus/optimus_ws1_20240711/install/ssd_mobilenet_inference_msgs/lib/libssd_mobilenet_inference_msgs__rosidl_typesupport_introspection_c.so
-- Up-to-date: /home/optimus/virtual/optimus/optimus_ws1_20240711/install/ssd_mobilenet_inference_msgs/lib/libssd_mobilenet_inference_msgs__rosidl_typesupport_c.so
-- Up-to-date: /home/optimus/virtual/optimus/optimus_ws1_20240711/install/ssd_mobilenet_inference_msgs/include/ssd_mobilenet_inference_msgs/ssd_mobilenet_inference_msgs
-- Up-to-date: /home/optimus/virtual/optimus/optimus_ws1_20240711/install/ssd_mobilenet_inference_msgs/include/ssd_mobilenet_inference_msgs/ssd_mobilenet_inference_msgs/msg
-- Up-to-date: /home/optimus/virtual/optimus/optimus_ws1_20240711/install/ssd_mobilenet_inference_msgs/include/ssd_mobilenet_inference_msgs/ssd_mobilenet_inference_msgs/msg/detail
-- Up-to-date: /home/optimus/virtual/optimus/optimus_ws1_20240711/install/ssd_mobilenet_inference_msgs/include/ssd_mobilenet_inference_msgs/ssd_mobilenet_inference_msgs/msg/detail/inference_result__rosidl_typesupport_introspection_cpp.hpp
-- Up-to-date: /home/optimus/virtual/optimus/optimus_ws1_20240711/install/ssd_mobilenet_inference_msgs/include/ssd_mobilenet_inference_msgs/ssd_mobilenet_inference_msgs/msg/detail/inference_result__type_support.cpp
-- Up-to-date: /home/optimus/virtual/optimus/optimus_ws1_20240711/install/ssd_mobilenet_inference_msgs/lib/libssd_mobilenet_inference_msgs__rosidl_typesupport_introspection_cpp.so
-- Up-to-date: /home/optimus/virtual/optimus/optimus_ws1_20240711/install/ssd_mobilenet_inference_msgs/lib/libssd_mobilenet_inference_msgs__rosidl_typesupport_cpp.so
-- Up-to-date: /home/optimus/virtual/optimus/optimus_ws1_20240711/install/ssd_mobilenet_inference_msgs/share/ssd_mobilenet_inference_msgs/environment/pythonpath.sh
-- Up-to-date: /home/optimus/virtual/optimus/optimus_ws1_20240711/install/ssd_mobilenet_inference_msgs/share/ssd_mobilenet_inference_msgs/environment/pythonpath.dsv
-- Up-to-date: /home/optimus/virtual/optimus/optimus_ws1_20240711/install/ssd_mobilenet_inference_msgs/local/lib/python3.10/dist-packages/ssd_mobilenet_inference_msgs-0.0.0-py3.10.egg-info
-- Installing: /home/optimus/virtual/optimus/optimus_ws1_20240711/install/ssd_mobilenet_inference_msgs/local/lib/python3.10/dist-packages/ssd_mobilenet_inference_msgs-0.0.0-py3.10.egg-info/top_level.txt
-- Installing: /home/optimus/virtual/optimus/optimus_ws1_20240711/install/ssd_mobilenet_inference_msgs/local/lib/python3.10/dist-packages/ssd_mobilenet_inference_msgs-0.0.0-py3.10.egg-info/PKG-INFO
-- Installing: /home/optimus/virtual/optimus/optimus_ws1_20240711/install/ssd_mobilenet_inference_msgs/local/lib/python3.10/dist-packages/ssd_mobilenet_inference_msgs-0.0.0-py3.10.egg-info/SOURCES.txt
-- Installing: /home/optimus/virtual/optimus/optimus_ws1_20240711/install/ssd_mobilenet_inference_msgs/local/lib/python3.10/dist-packages/ssd_mobilenet_inference_msgs-0.0.0-py3.10.egg-info/dependency_links.txt
-- Up-to-date: /home/optimus/virtual/optimus/optimus_ws1_20240711/install/ssd_mobilenet_inference_msgs/local/lib/python3.10/dist-packages/ssd_mobilenet_inference_msgs
-- Up-to-date: /home/optimus/virtual/optimus/optimus_ws1_20240711/install/ssd_mobilenet_inference_msgs/local/lib/python3.10/dist-packages/ssd_mobilenet_inference_msgs/ssd_mobilenet_inference_msgs_s__rosidl_typesupport_c.cpython-310-x86_64-linux-gnu.so
-- Up-to-date: /home/optimus/virtual/optimus/optimus_ws1_20240711/install/ssd_mobilenet_inference_msgs/local/lib/python3.10/dist-packages/ssd_mobilenet_inference_msgs/_ssd_mobilenet_inference_msgs_s.ep.rosidl_typesupport_introspection_c.c
-- Up-to-date: /home/optimus/virtual/optimus/optimus_ws1_20240711/install/ssd_mobilenet_inference_msgs/local/lib/python3.10/dist-packages/ssd_mobilenet_inference_msgs/__init__.py
-- Up-to-date: /home/optimus/virtual/optimus/optimus_ws1_20240711/install/ssd_mobilenet_inference_msgs/local/lib/python3.10/dist-packages/ssd_mobilenet_inference_msgs/ssd_mobilenet_inference_msgs_s__rosidl_typesupport_introspection_c.cpython-310-x86_64-linux-gnu.so
-- Up-to-date: /home/optimus/virtual/optimus/optimus_ws1_20240711/install/ssd_mobilenet_inference_msgs/local/lib/python3.10/dist-packages/ssd_mobilenet_inference_msgs/_ssd_mobilenet_inference_msgs_s.ep.rosidl_typesupport_fastrtps_c.c
-- Up-to-date: /home/optimus/virtual/optimus/optimus_ws1_20240711/install/ssd_mobilenet_inference_msgs/local/lib/python3.10/dist-packages/ssd_mobilenet_inference_msgs/msg
-- Up-to-date: /home/optimus/virtual/optimus/optimus_ws1_20240711/install/ssd_mobilenet_inference_msgs/local/lib/python3.10/dist-packages/ssd_mobilenet_inference_msgs/msg/__init__.py
-- Up-to-date: /home/optimus/virtual/optimus/optimus_ws1_20240711/install/ssd_mobilenet_inference_msgs/local/lib/python3.10/dist-packages/ssd_mobilenet_inference_msgs/msg/_inference_result_s.c
-- Up-to-date: /home/optimus/virtual/optimus/optimus_ws1_20240711/install/ssd_mobilenet_inference_msgs/local/lib/python3.10/dist-packages/ssd_mobilenet_inference_msgs/msg/_inference_result.py
-- Up-to-date: /home/optimus/virtual/optimus/optimus_ws1_20240711/install/ssd_mobilenet_inference_msgs/local/lib/python3.10/dist-packages/ssd_mobilenet_inference_msgs/ssd_mobilenet_inference_msgs_s__rosidl_typesupport_fastrtps_c.cpython-310-x86_64-linux-gnu.so
-- Up-to-date: /home/optimus/virtual/optimus/optimus_ws1_20240711/install/ssd_mobilenet_inference_msgs/local/lib/python3.10/dist-packages/ssd_mobilenet_inference_msgs/libssd_mobilenet_inference_msgs__rosidl_generator_py.so
-- Up-to-date: /home/optimus/virtual/optimus/optimus_ws1_20240711/install/ssd_mobilenet_inference_msgs/local/lib/python3.10/dist-packages/ssd_mobilenet_inference_msgs/_ssd_mobilenet_inference_msgs_s.ep.rosidl_typesupport_c.c
Listing '/home/optimus/virtual/optimus/optimus_ws1_20240711/install/ssd_mobilenet_inference_msgs/local/lib/python3.10/dist-packages/ssd_mobilenet_inference_msgs'...
Listing '/home/optimus/virtual/optimus/optimus_ws1_20240711/install/ssd_mobilenet_inference_msgs/local/lib/python3.10/dist-packages/ssd_mobilenet_inference_msgs/msg'...
-- Up-to-date: /home/optimus/virtual/optimus/optimus_ws1_20240711/install/ssd_mobilenet_inference_msgs/local/lib/python3.10/dist-packages/ssd_mobilenet_inference_msgs/ssd_mobilenet_inference_msgs_s__rosidl_typesupport_fastrtps_c.cpython-310-x86_64-linux-gnu.so
-- Up-to-date: /home/optimus/virtual/optimus/optimus_ws1_20240711/install/ssd_mobilenet_inference_msgs/local/lib/python3.10/dist-packages/ssd_mobilenet_inference_msgs/ssd_mobilenet_inference_msgs_s__rosidl_typesupport_introspection_c.cpython-310-x86_64-linux-gnu.so
-- Up-to-date: /home/optimus/virtual/optimus/optimus_ws1_20240711/install/ssd_mobilenet_inference_msgs/local/lib/python3.10/dist-packages/ssd_mobilenet_inference_msgs/ssd_mobilenet_inference_msgs_s__rosidl_typesupport_c.cpython-310-x86_64-linux-gnu.so
-- Up-to-date: /home/optimus/virtual/optimus/optimus_ws1_20240711/install/ssd_mobilenet_inference_msgs/lib/libssd_mobilenet_inference_msgs__rosidl_generator_py.so
-- Up-to-date: /home/optimus/virtual/optimus/optimus_ws1_20240711/install/ssd_mobilenet_inference_msgs/share/ssd_mobilenet_inference_msgs/msg/InferenceResult.idl
-- Up-to-date: /home/optimus/virtual/optimus/optimus_ws1_20240711/install/ssd_mobilenet_inference_msgs/share/ssd_mobilenet_inference_msgs/msg/InferenceResult.msg
-- Up-to-date: /home/optimus/virtual/optimus/optimus_ws1_20240711/install/ssd_mobilenet_inference_msgs/share/ament_index/resource_index/package_run_dependencies/ssd_mobilenet_inference_msgs
-- Up-to-date: /home/optimus/virtual/optimus/optimus_ws1_20240711/install/ssd_mobilenet_inference_msgs/share/ament_index/resource_index/parent_prefix_path/ssd_mobilenet_inference_msgs
-- Up-to-date: /home/optimus/virtual/optimus/optimus_ws1_20240711/install/ssd_mobilenet_inference_msgs/share/ssd_mobilenet_inference_msgs/environment/ament_prefix_path.sh
-- Up-to-date: /home/optimus/virtual/optimus/optimus_ws1_20240711/install/ssd_mobilenet_inference_msgs/share/ssd_mobilenet_inference_msgs/environment/ament_prefix_path.dsv
-- Up-to-date: /home/optimus/virtual/optimus/optimus_ws1_20240711/install/ssd_mobilenet_inference_msgs/share/ssd_mobilenet_inference_msgs/environment/path.sh
-- Up-to-date: /home/optimus/virtual/optimus/optimus_ws1_20240711/install/ssd_mobilenet_inference_msgs/share/ssd_mobilenet_inference_msgs/environment/path.dsv
-- Up-to-date: /home/optimus/virtual/optimus/optimus_ws1_20240711/install/ssd_mobilenet_inference_msgs/share/ssd_mobilenet_inference_msgs/local_setup.bash
-- Up-to-date: /home/optimus/virtual/optimus/optimus_ws1_20240711/install/ssd_mobilenet_inference_msgs/share/ssd_mobilenet_inference_msgs/local_setup.sh
-- Up-to-date: /home/optimus/virtual/optimus/optimus_ws1_20240711/install/ssd_mobilenet_inference_msgs/share/ssd_mobilenet_inference_msgs/local_setup.zsh
-- Up-to-date: /home/optimus/virtual/optimus/optimus_ws1_20240711/install/ssd_mobilenet_inference_msgs/share/ssd_mobilenet_inference_msgs/local_setup.dsv
-- Installing: /home/optimus/virtual/optimus/optimus_ws1_20240711/install/ssd_mobilenet_inference_msgs/share/ssd_mobilenet_inference_msgs/package.dsv
-- Up-to-date: /home/optimus/virtual/optimus/optimus_ws1_20240711/install/ssd_mobilenet_inference_msgs/share/ament_index/resource_index/packages/ssd_mobilenet_inference_msgs
-- Up-to-date: /home/optimus/virtual/optimus/optimus_ws1_20240711/install/ssd_mobilenet_inference_msgs/share/ssd_mobilenet_inference_msgs/cmake/export_ssd_mobilenet_inference_msgs__rosidl_generator_cExport.cmake
-- Up-to-date: /home/optimus/virtual/optimus/optimus_ws1_20240711/install/ssd_mobilenet_inference_msgs/share/ssd_mobilenet_inference_msgs/cmake/export_ssd_mobilenet_inference_msgs__rosidl_generator_cExport-noconfig.cmake
-- Up-to-date: /home/optimus/virtual/optimus/optimus_ws1_20240711/install/ssd_mobilenet_inference_msgs/share/ssd_mobilenet_inference_msgs/cmake/export_ssd_mobilenet_inference_msgs__rosidl_typesupport_fastrtps_cExport.cmake
-- Up-to-date: /home/optimus/virtual/optimus/optimus_ws1_20240711/install/ssd_mobilenet_inference_msgs/share/ssd_mobilenet_inference_msgs/cmake/export_ssd_mobilenet_inference_msgs__rosidl_typesupport_fastrtps_cExport-noconfig.cmake
-- Up-to-date: /home/optimus/virtual/optimus/optimus_ws1_20240711/install/ssd_mobilenet_inference_msgs/share/ssd_mobilenet_inference_msgs/cmake/export_ssd_mobilenet_inference_msgs__rosidl_generator_cppExport.cmake
-- Up-to-date: /home/optimus/virtual/optimus/optimus_ws1_20240711/install/ssd_mobilenet_inference_msgs/share/ssd_mobilenet_inference_msgs/cmake/export_ssd_mobilenet_inference_msgs__rosidl_typesupport_fastrtps_cppExport.cmake
-- Up-to-date: /home/optimus/virtual/optimus/optimus_ws1_20240711/install/ssd_mobilenet_inference_msgs/share/ssd_mobilenet_inference_msgs/cmake/export_ssd_mobilenet_inference_msgs__rosidl_typesupport_fastrtps_cppExport-noconfig.cmake
-- Up-to-date: /home/optimus/virtual/optimus/optimus_ws1_20240711/install/ssd_mobilenet_inference_msgs/share/ssd_mobilenet_inference_msgs/cmake/ssd_mobilenet_inference_msgs__rosidl_typesupport_introspection_cExport.cmake
-- Up-to-date: /home/optimus/virtual/optimus/optimus_ws1_20240711/install/ssd_mobilenet_inference_msgs/share/ssd_mobilenet_inference_msgs/cmake/ssd_mobilenet_inference_msgs__rosidl_typesupport_introspection_cExport-noconfig.cmake
-- Up-to-date: /home/optimus/virtual/optimus/optimus_ws1_20240711/install/ssd_mobilenet_inference_msgs/share/ssd_mobilenet_inference_msgs/cmake/ssd_mobilenet_inference_msgs__rosidl_typesupport_cExport.cmake
-- Up-to-date: /home/optimus/virtual/optimus/optimus_ws1_20240711/install/ssd_mobilenet_inference_msgs/share/ssd_mobilenet_inference_msgs/cmake/ssd_mobilenet_inference_msgs__rosidl_typesupport_cExport-noconfig.cmake
-- Up-to-date: /home/optimus/virtual/optimus/optimus_ws1_20240711/install/ssd_mobilenet_inference_msgs/share/ssd_mobilenet_inference_msgs/cmake/ssd_mobilenet_inference_msgs__rosidl_typesupport_introspection_cppExport.cmake
-- Up-to-date: /home/optimus/virtual/optimus/optimus_ws1_20240711/install/ssd_mobilenet_inference_msgs/share/ssd_mobilenet_inference_msgs/cmake/ssd_mobilenet_inference_msgs__rosidl_typesupport_introspection_cppExport-noconfig.cmake
-- Up-to-date: /home/optimus/virtual/optimus/optimus_ws1_20240711/install/ssd_mobilenet_inference_msgs/share/ssd_mobilenet_inference_msgs/cmake/ssd_mobilenet_inference_msgs__rosidl_typesupport_cppExport.cmake
-- Up-to-date: /home/optimus/virtual/optimus/optimus_ws1_20240711/install/ssd_mobilenet_inference_msgs/share/ssd_mobilenet_inference_msgs/cmake/ssd_mobilenet_inference_msgs__rosidl_typesupport_cppExport-noconfig.cmake
-- Up-to-date: /home/optimus/virtual/optimus/optimus_ws1_20240711/install/ssd_mobilenet_inference_msgs/share/ssd_mobilenet_inference_msgs/cmake/export_ssd_mobilenet_inference_msgs__rosidl_generator_pyExport.cmake
-- Up-to-date: /home/optimus/virtual/optimus/optimus_ws1_20240711/install/ssd_mobilenet_inference_msgs/share/ssd_mobilenet_inference_msgs/cmake/export_ssd_mobilenet_inference_msgs__rosidl_generator_pyExport-noconfig.cmake
-- Up-to-date: /home/optimus/virtual/optimus/optimus_ws1_20240711/install/ssd_mobilenet_inference_msgs/share/ssd_mobilenet_inference_msgs/cmake/rosidl_cmake-extras.cmake
-- Up-to-date: /home/optimus/virtual/optimus/optimus_ws1_20240711/install/ssd_mobilenet_inference_msgs/share/ssd_mobilenet_inference_msgs/cmake/ament_cmake_export_include_directories-extras.cmake
-- Up-to-date: /home/optimus/virtual/optimus/optimus_ws1_20240711/install/ssd_mobilenet_inference_msgs/share/ssd_mobilenet_inference_msgs/cmake/ament_cmake_export_libraries-extras.cmake
-- Up-to-date: /home/optimus/virtual/optimus/optimus_ws1_20240711/install/ssd_mobilenet_inference_msgs/share/ssd_mobilenet_inference_msgs/cmake/ament_cmake_export_targets-extras.cmake
-- Up-to-date: /home/optimus/virtual/optimus/optimus_ws1_20240711/install/ssd_mobilenet_inference_msgs/share/ssd_mobilenet_inference_msgs/cmake/rosidl_cmake_export_typesupport_targets-extras.cmake
-- Up-to-date: /home/optimus/virtual/optimus/optimus_ws1_20240711/install/ssd_mobilenet_inference_msgs/share/ssd_mobilenet_inference_msgs/cmake/ament_cmake_export_dependencies-extras.cmake
-- Up-to-date: /home/optimus/virtual/optimus/optimus_ws1_20240711/install/ssd_mobilenet_inference_msgs/share/ssd_mobilenet_inference_msgs/cmake/rosidl_cmake_export_typesupport_libraries-extras.cmake
-- Up-to-date: /home/optimus/virtual/optimus/optimus_ws1_20240711/install/ssd_mobilenet_inference_msgs/share/ssd_mobilenet_inference_msgs/cmake/ssd_mobilenet_inference_msgsConfig.cmake
-- Up-to-date: /home/optimus/virtual/optimus/optimus_ws1_20240711/install/ssd_mobilenet_inference_msgs/share/ssd_mobilenet_inference_msgs/cmake/ssd_mobilenet_inference_msgsConfig-version.cmake
-- Up-to-date: /home/optimus/virtual/optimus/optimus_ws1_20240711/install/ssd_mobilenet_inference_msgs/share/ssd_mobilenet_inference_msgs/package.xml
