[0.066s] DEBUG:colcon:Command line arguments: ['/usr/bin/colcon', 'build']
[0.066s] DEBUG:colcon:Parsed command line arguments: Namespace(log_base=None, log_level=None, verb_name='build', build_base='build', install_base='install', merge_install=False, symlink_install=False, test_result_base=None, continue_on_error=False, executor='parallel', parallel_workers=12, event_handlers=None, ignore_user_meta=False, metas=['./colcon.meta'], base_paths=['.'], packages_ignore=None, packages_ignore_regex=None, paths=None, packages_up_to=None, packages_up_to_regex=None, packages_above=None, packages_above_and_dependencies=None, packages_above_depth=None, packages_select_by_dep=None, packages_skip_by_dep=None, packages_skip_up_to=None, packages_select_build_failed=False, packages_skip_build_finished=False, packages_select_test_failures=False, packages_skip_test_passed=False, packages_select=None, packages_skip=None, packages_select_regex=None, packages_skip_regex=None, packages_start=None, packages_end=None, allow_overriding=[], cmake_args=None, cmake_target=None, cmake_target_skip_unavailable=False, cmake_clean_cache=False, cmake_clean_first=False, cmake_force_configure=False, ament_cmake_args=None, catkin_cmake_args=None, catkin_skip_building_tests=False, verb_parser=<colcon_defaults.argument_parser.defaults.DefaultArgumentsDecorator object at 0x79cad6fd5180>, verb_extension=<colcon_core.verb.build.BuildVerb object at 0x79cad6fd4ac0>, main=<bound method BuildVerb.main of <colcon_core.verb.build.BuildVerb object at 0x79cad6fd4ac0>>)
[0.167s] Level 1:colcon.colcon_core.package_discovery:discover_packages(colcon_meta) check parameters
[0.167s] Level 1:colcon.colcon_core.package_discovery:discover_packages(recursive) check parameters
[0.167s] Level 1:colcon.colcon_core.package_discovery:discover_packages(ignore) check parameters
[0.167s] Level 1:colcon.colcon_core.package_discovery:discover_packages(path) check parameters
[0.167s] Level 1:colcon.colcon_core.package_discovery:discover_packages(colcon_meta) discover
[0.167s] Level 1:colcon.colcon_core.package_discovery:discover_packages(recursive) discover
[0.167s] INFO:colcon.colcon_core.package_discovery:Crawling recursively for packages in '/home/optimus/virtual/optimus/optimus_ws1_20240711'
[0.168s] Level 1:colcon.colcon_core.package_identification:_identify(.) by extensions ['ignore', 'ignore_ament_install']
[0.168s] Level 1:colcon.colcon_core.package_identification:_identify(.) by extension 'ignore'
[0.168s] Level 1:colcon.colcon_core.package_identification:_identify(.) by extension 'ignore_ament_install'
[0.168s] Level 1:colcon.colcon_core.package_identification:_identify(.) by extensions ['colcon_pkg']
[0.168s] Level 1:colcon.colcon_core.package_identification:_identify(.) by extension 'colcon_pkg'
[0.168s] Level 1:colcon.colcon_core.package_identification:_identify(.) by extensions ['colcon_meta']
[0.168s] Level 1:colcon.colcon_core.package_identification:_identify(.) by extension 'colcon_meta'
[0.168s] Level 1:colcon.colcon_core.package_identification:_identify(.) by extensions ['ros']
[0.168s] Level 1:colcon.colcon_core.package_identification:_identify(.) by extension 'ros'
[0.176s] Level 1:colcon.colcon_core.package_identification:_identify(.) by extensions ['cmake', 'python']
[0.176s] Level 1:colcon.colcon_core.package_identification:_identify(.) by extension 'cmake'
[0.176s] Level 1:colcon.colcon_core.package_identification:_identify(.) by extension 'python'
[0.176s] Level 1:colcon.colcon_core.package_identification:_identify(.) by extensions ['python_setup_py']
[0.176s] Level 1:colcon.colcon_core.package_identification:_identify(.) by extension 'python_setup_py'
[0.176s] Level 1:colcon.colcon_core.package_identification:_identify(build) by extensions ['ignore', 'ignore_ament_install']
[0.176s] Level 1:colcon.colcon_core.package_identification:_identify(build) by extension 'ignore'
[0.176s] Level 1:colcon.colcon_core.package_identification:_identify(build) ignored
[0.176s] Level 1:colcon.colcon_core.package_identification:_identify(install) by extensions ['ignore', 'ignore_ament_install']
[0.176s] Level 1:colcon.colcon_core.package_identification:_identify(install) by extension 'ignore'
[0.176s] Level 1:colcon.colcon_core.package_identification:_identify(install) ignored
[0.176s] Level 1:colcon.colcon_core.package_identification:_identify(log) by extensions ['ignore', 'ignore_ament_install']
[0.176s] Level 1:colcon.colcon_core.package_identification:_identify(log) by extension 'ignore'
[0.176s] Level 1:colcon.colcon_core.package_identification:_identify(log) ignored
[0.176s] Level 1:colcon.colcon_core.package_identification:_identify(src) by extensions ['ignore', 'ignore_ament_install']
[0.176s] Level 1:colcon.colcon_core.package_identification:_identify(src) by extension 'ignore'
[0.176s] Level 1:colcon.colcon_core.package_identification:_identify(src) by extension 'ignore_ament_install'
[0.176s] Level 1:colcon.colcon_core.package_identification:_identify(src) by extensions ['colcon_pkg']
[0.176s] Level 1:colcon.colcon_core.package_identification:_identify(src) by extension 'colcon_pkg'
[0.176s] Level 1:colcon.colcon_core.package_identification:_identify(src) by extensions ['colcon_meta']
[0.176s] Level 1:colcon.colcon_core.package_identification:_identify(src) by extension 'colcon_meta'
[0.176s] Level 1:colcon.colcon_core.package_identification:_identify(src) by extensions ['ros']
[0.177s] Level 1:colcon.colcon_core.package_identification:_identify(src) by extension 'ros'
[0.177s] Level 1:colcon.colcon_core.package_identification:_identify(src) by extensions ['cmake', 'python']
[0.177s] Level 1:colcon.colcon_core.package_identification:_identify(src) by extension 'cmake'
[0.177s] Level 1:colcon.colcon_core.package_identification:_identify(src) by extension 'python'
[0.177s] Level 1:colcon.colcon_core.package_identification:_identify(src) by extensions ['python_setup_py']
[0.177s] Level 1:colcon.colcon_core.package_identification:_identify(src) by extension 'python_setup_py'
[0.177s] Level 1:colcon.colcon_core.package_identification:_identify(src/__pycache__) by extensions ['ignore', 'ignore_ament_install']
[0.177s] Level 1:colcon.colcon_core.package_identification:_identify(src/__pycache__) by extension 'ignore'
[0.177s] Level 1:colcon.colcon_core.package_identification:_identify(src/__pycache__) by extension 'ignore_ament_install'
[0.177s] Level 1:colcon.colcon_core.package_identification:_identify(src/__pycache__) by extensions ['colcon_pkg']
[0.177s] Level 1:colcon.colcon_core.package_identification:_identify(src/__pycache__) by extension 'colcon_pkg'
[0.177s] Level 1:colcon.colcon_core.package_identification:_identify(src/__pycache__) by extensions ['colcon_meta']
[0.177s] Level 1:colcon.colcon_core.package_identification:_identify(src/__pycache__) by extension 'colcon_meta'
[0.177s] Level 1:colcon.colcon_core.package_identification:_identify(src/__pycache__) by extensions ['ros']
[0.177s] Level 1:colcon.colcon_core.package_identification:_identify(src/__pycache__) by extension 'ros'
[0.177s] Level 1:colcon.colcon_core.package_identification:_identify(src/__pycache__) by extensions ['cmake', 'python']
[0.177s] Level 1:colcon.colcon_core.package_identification:_identify(src/__pycache__) by extension 'cmake'
[0.177s] Level 1:colcon.colcon_core.package_identification:_identify(src/__pycache__) by extension 'python'
[0.177s] Level 1:colcon.colcon_core.package_identification:_identify(src/__pycache__) by extensions ['python_setup_py']
[0.177s] Level 1:colcon.colcon_core.package_identification:_identify(src/__pycache__) by extension 'python_setup_py'
[0.177s] Level 1:colcon.colcon_core.package_identification:_identify(src/optimus_vision0) by extensions ['ignore', 'ignore_ament_install']
[0.177s] Level 1:colcon.colcon_core.package_identification:_identify(src/optimus_vision0) by extension 'ignore'
[0.177s] Level 1:colcon.colcon_core.package_identification:_identify(src/optimus_vision0) by extension 'ignore_ament_install'
[0.177s] Level 1:colcon.colcon_core.package_identification:_identify(src/optimus_vision0) by extensions ['colcon_pkg']
[0.177s] Level 1:colcon.colcon_core.package_identification:_identify(src/optimus_vision0) by extension 'colcon_pkg'
[0.177s] Level 1:colcon.colcon_core.package_identification:_identify(src/optimus_vision0) by extensions ['colcon_meta']
[0.177s] Level 1:colcon.colcon_core.package_identification:_identify(src/optimus_vision0) by extension 'colcon_meta'
[0.177s] Level 1:colcon.colcon_core.package_identification:_identify(src/optimus_vision0) by extensions ['ros']
[0.177s] Level 1:colcon.colcon_core.package_identification:_identify(src/optimus_vision0) by extension 'ros'
[0.179s] DEBUG:colcon.colcon_core.package_identification:Package 'src/optimus_vision0' with type 'ros.ament_python' and name 'optimus_vision0'
[0.179s] Level 1:colcon.colcon_core.package_identification:_identify(src/ssd_mobilenet_inference_msgs) by extensions ['ignore', 'ignore_ament_install']
[0.179s] Level 1:colcon.colcon_core.package_identification:_identify(src/ssd_mobilenet_inference_msgs) by extension 'ignore'
[0.179s] Level 1:colcon.colcon_core.package_identification:_identify(src/ssd_mobilenet_inference_msgs) by extension 'ignore_ament_install'
[0.179s] Level 1:colcon.colcon_core.package_identification:_identify(src/ssd_mobilenet_inference_msgs) by extensions ['colcon_pkg']
[0.179s] Level 1:colcon.colcon_core.package_identification:_identify(src/ssd_mobilenet_inference_msgs) by extension 'colcon_pkg'
[0.179s] Level 1:colcon.colcon_core.package_identification:_identify(src/ssd_mobilenet_inference_msgs) by extensions ['colcon_meta']
[0.179s] Level 1:colcon.colcon_core.package_identification:_identify(src/ssd_mobilenet_inference_msgs) by extension 'colcon_meta'
[0.179s] Level 1:colcon.colcon_core.package_identification:_identify(src/ssd_mobilenet_inference_msgs) by extensions ['ros']
[0.179s] Level 1:colcon.colcon_core.package_identification:_identify(src/ssd_mobilenet_inference_msgs) by extension 'ros'
[0.180s] DEBUG:colcon.colcon_core.package_identification:Package 'src/ssd_mobilenet_inference_msgs' with type 'ros.ament_cmake' and name 'ssd_mobilenet_inference_msgs'
[0.180s] Level 1:colcon.colcon_core.package_discovery:discover_packages(recursive) using defaults
[0.180s] Level 1:colcon.colcon_core.package_discovery:discover_packages(ignore) discover
[0.180s] Level 1:colcon.colcon_core.package_discovery:discover_packages(ignore) using defaults
[0.180s] Level 1:colcon.colcon_core.package_discovery:discover_packages(path) discover
[0.180s] Level 1:colcon.colcon_core.package_discovery:discover_packages(path) using defaults
[0.201s] Level 1:colcon.colcon_core.package_discovery:discover_packages(prefix_path) check parameters
[0.201s] Level 1:colcon.colcon_core.package_discovery:discover_packages(prefix_path) discover
[0.202s] DEBUG:colcon.colcon_installed_package_information.package_discovery:Found 297 installed packages in /opt/ros/humble
[0.203s] Level 1:colcon.colcon_core.package_discovery:discover_packages(prefix_path) using defaults
[0.226s] Level 5:colcon.colcon_core.verb:set package 'optimus_vision0' build argument 'cmake_args' from command line to 'None'
[0.226s] Level 5:colcon.colcon_core.verb:set package 'optimus_vision0' build argument 'cmake_target' from command line to 'None'
[0.226s] Level 5:colcon.colcon_core.verb:set package 'optimus_vision0' build argument 'cmake_target_skip_unavailable' from command line to 'False'
[0.226s] Level 5:colcon.colcon_core.verb:set package 'optimus_vision0' build argument 'cmake_clean_cache' from command line to 'False'
[0.226s] Level 5:colcon.colcon_core.verb:set package 'optimus_vision0' build argument 'cmake_clean_first' from command line to 'False'
[0.226s] Level 5:colcon.colcon_core.verb:set package 'optimus_vision0' build argument 'cmake_force_configure' from command line to 'False'
[0.226s] Level 5:colcon.colcon_core.verb:set package 'optimus_vision0' build argument 'ament_cmake_args' from command line to 'None'
[0.226s] Level 5:colcon.colcon_core.verb:set package 'optimus_vision0' build argument 'catkin_cmake_args' from command line to 'None'
[0.226s] Level 5:colcon.colcon_core.verb:set package 'optimus_vision0' build argument 'catkin_skip_building_tests' from command line to 'False'
[0.226s] DEBUG:colcon.colcon_core.verb:Building package 'optimus_vision0' with the following arguments: {'ament_cmake_args': None, 'build_base': '/home/optimus/virtual/optimus/optimus_ws1_20240711/build/optimus_vision0', 'catkin_cmake_args': None, 'catkin_skip_building_tests': False, 'cmake_args': None, 'cmake_clean_cache': False, 'cmake_clean_first': False, 'cmake_force_configure': False, 'cmake_target': None, 'cmake_target_skip_unavailable': False, 'install_base': '/home/optimus/virtual/optimus/optimus_ws1_20240711/install/optimus_vision0', 'merge_install': False, 'path': '/home/optimus/virtual/optimus/optimus_ws1_20240711/src/optimus_vision0', 'symlink_install': False, 'test_result_base': None}
[0.226s] Level 5:colcon.colcon_core.verb:set package 'ssd_mobilenet_inference_msgs' build argument 'cmake_args' from command line to 'None'
[0.226s] Level 5:colcon.colcon_core.verb:set package 'ssd_mobilenet_inference_msgs' build argument 'cmake_target' from command line to 'None'
[0.226s] Level 5:colcon.colcon_core.verb:set package 'ssd_mobilenet_inference_msgs' build argument 'cmake_target_skip_unavailable' from command line to 'False'
[0.226s] Level 5:colcon.colcon_core.verb:set package 'ssd_mobilenet_inference_msgs' build argument 'cmake_clean_cache' from command line to 'False'
[0.226s] Level 5:colcon.colcon_core.verb:set package 'ssd_mobilenet_inference_msgs' build argument 'cmake_clean_first' from command line to 'False'
[0.226s] Level 5:colcon.colcon_core.verb:set package 'ssd_mobilenet_inference_msgs' build argument 'cmake_force_configure' from command line to 'False'
[0.226s] Level 5:colcon.colcon_core.verb:set package 'ssd_mobilenet_inference_msgs' build argument 'ament_cmake_args' from command line to 'None'
[0.226s] Level 5:colcon.colcon_core.verb:set package 'ssd_mobilenet_inference_msgs' build argument 'catkin_cmake_args' from command line to 'None'
[0.226s] Level 5:colcon.colcon_core.verb:set package 'ssd_mobilenet_inference_msgs' build argument 'catkin_skip_building_tests' from command line to 'False'
[0.226s] DEBUG:colcon.colcon_core.verb:Building package 'ssd_mobilenet_inference_msgs' with the following arguments: {'ament_cmake_args': None, 'build_base': '/home/optimus/virtual/optimus/optimus_ws1_20240711/build/ssd_mobilenet_inference_msgs', 'catkin_cmake_args': None, 'catkin_skip_building_tests': False, 'cmake_args': None, 'cmake_clean_cache': False, 'cmake_clean_first': False, 'cmake_force_configure': False, 'cmake_target': None, 'cmake_target_skip_unavailable': False, 'install_base': '/home/optimus/virtual/optimus/optimus_ws1_20240711/install/ssd_mobilenet_inference_msgs', 'merge_install': False, 'path': '/home/optimus/virtual/optimus/optimus_ws1_20240711/src/ssd_mobilenet_inference_msgs', 'symlink_install': False, 'test_result_base': None}
[0.226s] INFO:colcon.colcon_core.executor:Executing jobs using 'parallel' executor
[0.227s] DEBUG:colcon.colcon_parallel_executor.executor.parallel:run_until_complete
[0.228s] INFO:colcon.colcon_ros.task.ament_python.build:Building ROS package in '/home/optimus/virtual/optimus/optimus_ws1_20240711/src/optimus_vision0' with build type 'ament_python'
[0.228s] Level 1:colcon.colcon_core.shell:create_environment_hook('optimus_vision0', 'ament_prefix_path')
[0.229s] INFO:colcon.colcon_core.plugin_system:Skipping extension 'colcon_core.shell.bat': Not used on non-Windows systems
[0.229s] INFO:colcon.colcon_core.shell:Creating environment hook '/home/optimus/virtual/optimus/optimus_ws1_20240711/install/optimus_vision0/share/optimus_vision0/hook/ament_prefix_path.ps1'
[0.230s] INFO:colcon.colcon_core.shell:Creating environment descriptor '/home/optimus/virtual/optimus/optimus_ws1_20240711/install/optimus_vision0/share/optimus_vision0/hook/ament_prefix_path.dsv'
[0.230s] INFO:colcon.colcon_core.shell:Creating environment hook '/home/optimus/virtual/optimus/optimus_ws1_20240711/install/optimus_vision0/share/optimus_vision0/hook/ament_prefix_path.sh'
[0.230s] INFO:colcon.colcon_core.shell:Skip shell extension 'powershell' for command environment: Not usable outside of PowerShell
[0.230s] DEBUG:colcon.colcon_core.shell:Skip shell extension 'dsv' for command environment
[0.232s] INFO:colcon.colcon_ros.task.ament_cmake.build:Building ROS package in '/home/optimus/virtual/optimus/optimus_ws1_20240711/src/ssd_mobilenet_inference_msgs' with build type 'ament_cmake'
[0.232s] INFO:colcon.colcon_cmake.task.cmake.build:Building CMake package in '/home/optimus/virtual/optimus/optimus_ws1_20240711/src/ssd_mobilenet_inference_msgs'
[0.232s] INFO:colcon.colcon_core.shell:Skip shell extension 'powershell' for command environment: Not usable outside of PowerShell
[0.232s] DEBUG:colcon.colcon_core.shell:Skip shell extension 'dsv' for command environment
[0.393s] INFO:colcon.colcon_core.task.python.build:Building Python package in '/home/optimus/virtual/optimus/optimus_ws1_20240711/src/optimus_vision0'
[0.393s] INFO:colcon.colcon_core.shell:Skip shell extension 'powershell' for command environment: Not usable outside of PowerShell
[0.393s] DEBUG:colcon.colcon_core.shell:Skip shell extension 'dsv' for command environment
[0.399s] DEBUG:colcon.colcon_core.event_handler.log_command:Invoking command in '/home/optimus/virtual/optimus/optimus_ws1_20240711/build/ssd_mobilenet_inference_msgs': CMAKE_PREFIX_PATH=/opt/ros/humble /usr/bin/cmake /home/optimus/virtual/optimus/optimus_ws1_20240711/src/ssd_mobilenet_inference_msgs -DCMAKE_INSTALL_PREFIX=/home/optimus/virtual/optimus/optimus_ws1_20240711/install/ssd_mobilenet_inference_msgs
[0.607s] DEBUG:colcon.colcon_core.event_handler.log_command:Invoking command in '/home/optimus/virtual/optimus/optimus_ws1_20240711/src/optimus_vision0': PYTHONPATH=/home/optimus/virtual/optimus/optimus_ws1_20240711/build/optimus_vision0/prefix_override:/home/optimus/virtual/optimus/optimus_ws1_20240711/install/optimus_vision0/lib/python3.10/site-packages:${PYTHONPATH} /usr/bin/python3 -W ignore:setup.py install is deprecated setup.py egg_info --egg-base ../../build/optimus_vision0 build --build-base /home/optimus/virtual/optimus/optimus_ws1_20240711/build/optimus_vision0/build install --record /home/optimus/virtual/optimus/optimus_ws1_20240711/build/optimus_vision0/install.log --single-version-externally-managed install_data
[0.829s] DEBUG:colcon.colcon_core.event_handler.log_command:Invoked command in '/home/optimus/virtual/optimus/optimus_ws1_20240711/src/optimus_vision0' returned '0': PYTHONPATH=/home/optimus/virtual/optimus/optimus_ws1_20240711/build/optimus_vision0/prefix_override:/home/optimus/virtual/optimus/optimus_ws1_20240711/install/optimus_vision0/lib/python3.10/site-packages:${PYTHONPATH} /usr/bin/python3 -W ignore:setup.py install is deprecated setup.py egg_info --egg-base ../../build/optimus_vision0 build --build-base /home/optimus/virtual/optimus/optimus_ws1_20240711/build/optimus_vision0/build install --record /home/optimus/virtual/optimus/optimus_ws1_20240711/build/optimus_vision0/install.log --single-version-externally-managed install_data
[0.831s] Level 1:colcon.colcon_core.environment:checking '/home/optimus/virtual/optimus/optimus_ws1_20240711/install/optimus_vision0' for CMake module files
[0.831s] Level 1:colcon.colcon_core.environment:checking '/home/optimus/virtual/optimus/optimus_ws1_20240711/install/optimus_vision0' for CMake config files
[0.832s] Level 1:colcon.colcon_core.environment:checking '/home/optimus/virtual/optimus/optimus_ws1_20240711/install/optimus_vision0/lib'
[0.832s] Level 1:colcon.colcon_core.environment:checking '/home/optimus/virtual/optimus/optimus_ws1_20240711/install/optimus_vision0/bin'
[0.832s] Level 1:colcon.colcon_core.environment:checking '/home/optimus/virtual/optimus/optimus_ws1_20240711/install/optimus_vision0/lib/pkgconfig/optimus_vision0.pc'
[0.832s] Level 1:colcon.colcon_core.environment:checking '/home/optimus/virtual/optimus/optimus_ws1_20240711/install/optimus_vision0/lib/python3.10/site-packages'
[0.832s] Level 1:colcon.colcon_core.shell:create_environment_hook('optimus_vision0', 'pythonpath')
[0.832s] INFO:colcon.colcon_core.shell:Creating environment hook '/home/optimus/virtual/optimus/optimus_ws1_20240711/install/optimus_vision0/share/optimus_vision0/hook/pythonpath.ps1'
[0.832s] INFO:colcon.colcon_core.shell:Creating environment descriptor '/home/optimus/virtual/optimus/optimus_ws1_20240711/install/optimus_vision0/share/optimus_vision0/hook/pythonpath.dsv'
[0.833s] INFO:colcon.colcon_core.shell:Creating environment hook '/home/optimus/virtual/optimus/optimus_ws1_20240711/install/optimus_vision0/share/optimus_vision0/hook/pythonpath.sh'
[0.833s] Level 1:colcon.colcon_core.environment:checking '/home/optimus/virtual/optimus/optimus_ws1_20240711/install/optimus_vision0/bin'
[0.833s] Level 1:colcon.colcon_core.environment:create_environment_scripts_only(optimus_vision0)
[0.833s] INFO:colcon.colcon_core.shell:Creating package script '/home/optimus/virtual/optimus/optimus_ws1_20240711/install/optimus_vision0/share/optimus_vision0/package.ps1'
[0.834s] INFO:colcon.colcon_core.shell:Creating package descriptor '/home/optimus/virtual/optimus/optimus_ws1_20240711/install/optimus_vision0/share/optimus_vision0/package.dsv'
[0.834s] INFO:colcon.colcon_core.shell:Creating package script '/home/optimus/virtual/optimus/optimus_ws1_20240711/install/optimus_vision0/share/optimus_vision0/package.sh'
[0.834s] INFO:colcon.colcon_core.shell:Creating package script '/home/optimus/virtual/optimus/optimus_ws1_20240711/install/optimus_vision0/share/optimus_vision0/package.bash'
[0.835s] INFO:colcon.colcon_core.shell:Creating package script '/home/optimus/virtual/optimus/optimus_ws1_20240711/install/optimus_vision0/share/optimus_vision0/package.zsh'
[0.835s] Level 1:colcon.colcon_core.environment:create_file_with_runtime_dependencies(/home/optimus/virtual/optimus/optimus_ws1_20240711/install/optimus_vision0/share/colcon-core/packages/optimus_vision0)
[1.394s] DEBUG:colcon.colcon_core.event_handler.log_command:Invoked command in '/home/optimus/virtual/optimus/optimus_ws1_20240711/build/ssd_mobilenet_inference_msgs' returned '0': CMAKE_PREFIX_PATH=/opt/ros/humble /usr/bin/cmake /home/optimus/virtual/optimus/optimus_ws1_20240711/src/ssd_mobilenet_inference_msgs -DCMAKE_INSTALL_PREFIX=/home/optimus/virtual/optimus/optimus_ws1_20240711/install/ssd_mobilenet_inference_msgs
[1.396s] DEBUG:colcon.colcon_core.event_handler.log_command:Invoking command in '/home/optimus/virtual/optimus/optimus_ws1_20240711/build/ssd_mobilenet_inference_msgs': CMAKE_PREFIX_PATH=/opt/ros/humble /usr/bin/cmake --build /home/optimus/virtual/optimus/optimus_ws1_20240711/build/ssd_mobilenet_inference_msgs -- -j12 -l12
[2.703s] DEBUG:colcon.colcon_core.event_handler.log_command:Invoked command in '/home/optimus/virtual/optimus/optimus_ws1_20240711/build/ssd_mobilenet_inference_msgs' returned '0': CMAKE_PREFIX_PATH=/opt/ros/humble /usr/bin/cmake --build /home/optimus/virtual/optimus/optimus_ws1_20240711/build/ssd_mobilenet_inference_msgs -- -j12 -l12
[2.742s] DEBUG:colcon.colcon_core.event_handler.log_command:Invoking command in '/home/optimus/virtual/optimus/optimus_ws1_20240711/build/ssd_mobilenet_inference_msgs': CMAKE_PREFIX_PATH=/opt/ros/humble /usr/bin/cmake --install /home/optimus/virtual/optimus/optimus_ws1_20240711/build/ssd_mobilenet_inference_msgs
[2.782s] Level 1:colcon.colcon_core.environment:create_environment_scripts_only(ssd_mobilenet_inference_msgs)
[2.783s] Level 1:colcon.colcon_core.environment:checking '/home/optimus/virtual/optimus/optimus_ws1_20240711/install/ssd_mobilenet_inference_msgs' for CMake module files
[2.783s] DEBUG:colcon.colcon_core.event_handler.log_command:Invoked command in '/home/optimus/virtual/optimus/optimus_ws1_20240711/build/ssd_mobilenet_inference_msgs' returned '0': CMAKE_PREFIX_PATH=/opt/ros/humble /usr/bin/cmake --install /home/optimus/virtual/optimus/optimus_ws1_20240711/build/ssd_mobilenet_inference_msgs
[2.783s] Level 1:colcon.colcon_core.environment:checking '/home/optimus/virtual/optimus/optimus_ws1_20240711/install/ssd_mobilenet_inference_msgs' for CMake config files
[2.784s] Level 1:colcon.colcon_core.shell:create_environment_hook('ssd_mobilenet_inference_msgs', 'cmake_prefix_path')
[2.784s] INFO:colcon.colcon_core.shell:Creating environment hook '/home/optimus/virtual/optimus/optimus_ws1_20240711/install/ssd_mobilenet_inference_msgs/share/ssd_mobilenet_inference_msgs/hook/cmake_prefix_path.ps1'
[2.784s] INFO:colcon.colcon_core.shell:Creating environment descriptor '/home/optimus/virtual/optimus/optimus_ws1_20240711/install/ssd_mobilenet_inference_msgs/share/ssd_mobilenet_inference_msgs/hook/cmake_prefix_path.dsv'
[2.784s] INFO:colcon.colcon_core.shell:Creating environment hook '/home/optimus/virtual/optimus/optimus_ws1_20240711/install/ssd_mobilenet_inference_msgs/share/ssd_mobilenet_inference_msgs/hook/cmake_prefix_path.sh'
[2.784s] Level 1:colcon.colcon_core.environment:checking '/home/optimus/virtual/optimus/optimus_ws1_20240711/install/ssd_mobilenet_inference_msgs/lib'
[2.785s] Level 1:colcon.colcon_core.shell:create_environment_hook('ssd_mobilenet_inference_msgs', 'ld_library_path_lib')
[2.785s] INFO:colcon.colcon_core.shell:Creating environment hook '/home/optimus/virtual/optimus/optimus_ws1_20240711/install/ssd_mobilenet_inference_msgs/share/ssd_mobilenet_inference_msgs/hook/ld_library_path_lib.ps1'
[2.785s] INFO:colcon.colcon_core.shell:Creating environment descriptor '/home/optimus/virtual/optimus/optimus_ws1_20240711/install/ssd_mobilenet_inference_msgs/share/ssd_mobilenet_inference_msgs/hook/ld_library_path_lib.dsv'
[2.785s] INFO:colcon.colcon_core.shell:Creating environment hook '/home/optimus/virtual/optimus/optimus_ws1_20240711/install/ssd_mobilenet_inference_msgs/share/ssd_mobilenet_inference_msgs/hook/ld_library_path_lib.sh'
[2.785s] Level 1:colcon.colcon_core.environment:checking '/home/optimus/virtual/optimus/optimus_ws1_20240711/install/ssd_mobilenet_inference_msgs/bin'
[2.785s] Level 1:colcon.colcon_core.environment:checking '/home/optimus/virtual/optimus/optimus_ws1_20240711/install/ssd_mobilenet_inference_msgs/lib/pkgconfig/ssd_mobilenet_inference_msgs.pc'
[2.785s] Level 1:colcon.colcon_core.environment:checking '/home/optimus/virtual/optimus/optimus_ws1_20240711/install/ssd_mobilenet_inference_msgs/lib/python3.10/site-packages'
[2.786s] Level 1:colcon.colcon_core.environment:checking '/home/optimus/virtual/optimus/optimus_ws1_20240711/install/ssd_mobilenet_inference_msgs/bin'
[2.786s] INFO:colcon.colcon_core.shell:Creating package script '/home/optimus/virtual/optimus/optimus_ws1_20240711/install/ssd_mobilenet_inference_msgs/share/ssd_mobilenet_inference_msgs/package.ps1'
[2.786s] INFO:colcon.colcon_core.shell:Creating package descriptor '/home/optimus/virtual/optimus/optimus_ws1_20240711/install/ssd_mobilenet_inference_msgs/share/ssd_mobilenet_inference_msgs/package.dsv'
[2.786s] INFO:colcon.colcon_core.shell:Creating package script '/home/optimus/virtual/optimus/optimus_ws1_20240711/install/ssd_mobilenet_inference_msgs/share/ssd_mobilenet_inference_msgs/package.sh'
[2.787s] INFO:colcon.colcon_core.shell:Creating package script '/home/optimus/virtual/optimus/optimus_ws1_20240711/install/ssd_mobilenet_inference_msgs/share/ssd_mobilenet_inference_msgs/package.bash'
[2.787s] INFO:colcon.colcon_core.shell:Creating package script '/home/optimus/virtual/optimus/optimus_ws1_20240711/install/ssd_mobilenet_inference_msgs/share/ssd_mobilenet_inference_msgs/package.zsh'
[2.787s] Level 1:colcon.colcon_core.environment:create_file_with_runtime_dependencies(/home/optimus/virtual/optimus/optimus_ws1_20240711/install/ssd_mobilenet_inference_msgs/share/colcon-core/packages/ssd_mobilenet_inference_msgs)
[2.820s] Level 1:colcon.colcon_core.environment:create_environment_scripts_only(ssd_mobilenet_inference_msgs)
[2.820s] Level 1:colcon.colcon_core.environment:checking '/home/optimus/virtual/optimus/optimus_ws1_20240711/install/ssd_mobilenet_inference_msgs' for CMake module files
[2.821s] Level 1:colcon.colcon_core.environment:checking '/home/optimus/virtual/optimus/optimus_ws1_20240711/install/ssd_mobilenet_inference_msgs' for CMake config files
[2.822s] Level 1:colcon.colcon_core.shell:create_environment_hook('ssd_mobilenet_inference_msgs', 'cmake_prefix_path')
[2.822s] INFO:colcon.colcon_core.shell:Creating environment hook '/home/optimus/virtual/optimus/optimus_ws1_20240711/install/ssd_mobilenet_inference_msgs/share/ssd_mobilenet_inference_msgs/hook/cmake_prefix_path.ps1'
[2.822s] INFO:colcon.colcon_core.shell:Creating environment descriptor '/home/optimus/virtual/optimus/optimus_ws1_20240711/install/ssd_mobilenet_inference_msgs/share/ssd_mobilenet_inference_msgs/hook/cmake_prefix_path.dsv'
[2.823s] INFO:colcon.colcon_core.shell:Creating environment hook '/home/optimus/virtual/optimus/optimus_ws1_20240711/install/ssd_mobilenet_inference_msgs/share/ssd_mobilenet_inference_msgs/hook/cmake_prefix_path.sh'
[2.823s] Level 1:colcon.colcon_core.environment:checking '/home/optimus/virtual/optimus/optimus_ws1_20240711/install/ssd_mobilenet_inference_msgs/lib'
[2.823s] Level 1:colcon.colcon_core.shell:create_environment_hook('ssd_mobilenet_inference_msgs', 'ld_library_path_lib')
[2.823s] INFO:colcon.colcon_core.shell:Creating environment hook '/home/optimus/virtual/optimus/optimus_ws1_20240711/install/ssd_mobilenet_inference_msgs/share/ssd_mobilenet_inference_msgs/hook/ld_library_path_lib.ps1'
[2.824s] INFO:colcon.colcon_core.shell:Creating environment descriptor '/home/optimus/virtual/optimus/optimus_ws1_20240711/install/ssd_mobilenet_inference_msgs/share/ssd_mobilenet_inference_msgs/hook/ld_library_path_lib.dsv'
[2.824s] INFO:colcon.colcon_core.shell:Creating environment hook '/home/optimus/virtual/optimus/optimus_ws1_20240711/install/ssd_mobilenet_inference_msgs/share/ssd_mobilenet_inference_msgs/hook/ld_library_path_lib.sh'
[2.824s] Level 1:colcon.colcon_core.environment:checking '/home/optimus/virtual/optimus/optimus_ws1_20240711/install/ssd_mobilenet_inference_msgs/bin'
[2.824s] Level 1:colcon.colcon_core.environment:checking '/home/optimus/virtual/optimus/optimus_ws1_20240711/install/ssd_mobilenet_inference_msgs/lib/pkgconfig/ssd_mobilenet_inference_msgs.pc'
[2.824s] Level 1:colcon.colcon_core.environment:checking '/home/optimus/virtual/optimus/optimus_ws1_20240711/install/ssd_mobilenet_inference_msgs/lib/python3.10/site-packages'
[2.824s] Level 1:colcon.colcon_core.environment:checking '/home/optimus/virtual/optimus/optimus_ws1_20240711/install/ssd_mobilenet_inference_msgs/bin'
[2.824s] INFO:colcon.colcon_core.shell:Creating package script '/home/optimus/virtual/optimus/optimus_ws1_20240711/install/ssd_mobilenet_inference_msgs/share/ssd_mobilenet_inference_msgs/package.ps1'
[2.825s] INFO:colcon.colcon_core.shell:Creating package descriptor '/home/optimus/virtual/optimus/optimus_ws1_20240711/install/ssd_mobilenet_inference_msgs/share/ssd_mobilenet_inference_msgs/package.dsv'
[2.825s] INFO:colcon.colcon_core.shell:Creating package script '/home/optimus/virtual/optimus/optimus_ws1_20240711/install/ssd_mobilenet_inference_msgs/share/ssd_mobilenet_inference_msgs/package.sh'
[2.825s] INFO:colcon.colcon_core.shell:Creating package script '/home/optimus/virtual/optimus/optimus_ws1_20240711/install/ssd_mobilenet_inference_msgs/share/ssd_mobilenet_inference_msgs/package.bash'
[2.825s] INFO:colcon.colcon_core.shell:Creating package script '/home/optimus/virtual/optimus/optimus_ws1_20240711/install/ssd_mobilenet_inference_msgs/share/ssd_mobilenet_inference_msgs/package.zsh'
[2.825s] Level 1:colcon.colcon_core.environment:create_file_with_runtime_dependencies(/home/optimus/virtual/optimus/optimus_ws1_20240711/install/ssd_mobilenet_inference_msgs/share/colcon-core/packages/ssd_mobilenet_inference_msgs)
[2.826s] DEBUG:colcon.colcon_parallel_executor.executor.parallel:closing loop
[2.826s] DEBUG:colcon.colcon_parallel_executor.executor.parallel:loop closed
[2.826s] DEBUG:colcon.colcon_parallel_executor.executor.parallel:run_until_complete finished with '0'
[2.826s] DEBUG:colcon.colcon_core.event_reactor:joining thread
[2.830s] INFO:colcon.colcon_core.plugin_system:Skipping extension 'colcon_notification.desktop_notification.terminal_notifier': Not used on non-Darwin systems
[2.830s] INFO:colcon.colcon_core.plugin_system:Skipping extension 'colcon_notification.desktop_notification.win32': Not used on non-Windows systems
[2.831s] INFO:colcon.colcon_notification.desktop_notification:Sending desktop notification using 'notify2'
[2.847s] DEBUG:colcon.colcon_core.event_reactor:joined thread
[2.848s] INFO:colcon.colcon_core.shell:Creating prefix script '/home/optimus/virtual/optimus/optimus_ws1_20240711/install/local_setup.ps1'
[2.849s] INFO:colcon.colcon_core.shell:Creating prefix util module '/home/optimus/virtual/optimus/optimus_ws1_20240711/install/_local_setup_util_ps1.py'
[2.850s] INFO:colcon.colcon_core.shell:Creating prefix chain script '/home/optimus/virtual/optimus/optimus_ws1_20240711/install/setup.ps1'
[2.851s] INFO:colcon.colcon_core.shell:Creating prefix script '/home/optimus/virtual/optimus/optimus_ws1_20240711/install/local_setup.sh'
[2.852s] INFO:colcon.colcon_core.shell:Creating prefix util module '/home/optimus/virtual/optimus/optimus_ws1_20240711/install/_local_setup_util_sh.py'
[2.852s] INFO:colcon.colcon_core.shell:Creating prefix chain script '/home/optimus/virtual/optimus/optimus_ws1_20240711/install/setup.sh'
[2.852s] INFO:colcon.colcon_core.shell:Creating prefix script '/home/optimus/virtual/optimus/optimus_ws1_20240711/install/local_setup.bash'
[2.853s] INFO:colcon.colcon_core.shell:Creating prefix chain script '/home/optimus/virtual/optimus/optimus_ws1_20240711/install/setup.bash'
[2.853s] INFO:colcon.colcon_core.shell:Creating prefix script '/home/optimus/virtual/optimus/optimus_ws1_20240711/install/local_setup.zsh'
[2.853s] INFO:colcon.colcon_core.shell:Creating prefix chain script '/home/optimus/virtual/optimus/optimus_ws1_20240711/install/setup.zsh'
