[1.319s] Invoking command in '/data/optimus_ws1/src/optimus_vision0': PS1=(env) \[\e]0;\u@\h: \w\a\]${debian_chroot:+($debian_chroot)}\u@\h:\w\$ PYTHONPATH=/data/optimus_ws1/build/optimus_vision0/prefix_override:/data/optimus_ws1/install/optimus_vision0/lib/python3.8/site-packages:${PYTHONPATH} /usr/bin/python3 setup.py egg_info --egg-base ../../build/optimus_vision0 build --build-base /data/optimus_ws1/build/optimus_vision0/build install --record /data/optimus_ws1/build/optimus_vision0/install.log --single-version-externally-managed
[1.687s] running egg_info
[1.689s] writing ../../build/optimus_vision0/optimus_vision0.egg-info/PKG-INFO
[1.689s] writing dependency_links to ../../build/optimus_vision0/optimus_vision0.egg-info/dependency_links.txt
[1.689s] writing entry points to ../../build/optimus_vision0/optimus_vision0.egg-info/entry_points.txt
[1.689s] writing requirements to ../../build/optimus_vision0/optimus_vision0.egg-info/requires.txt
[1.690s] writing top-level names to ../../build/optimus_vision0/optimus_vision0.egg-info/top_level.txt
[1.742s] package init file 'optimus_vision0/util/__init__.py' not found (or not a regular file)
[1.743s] reading manifest file '../../build/optimus_vision0/optimus_vision0.egg-info/SOURCES.txt'
[1.745s] writing manifest file '../../build/optimus_vision0/optimus_vision0.egg-info/SOURCES.txt'
[1.745s] running build
[1.745s] running build_py
[1.745s] copying optimus_vision0/streaming_node.py -> /data/optimus_ws1/build/optimus_vision0/build/lib/optimus_vision0
[1.747s] running install
[1.748s] running install_lib
[1.750s] copying /data/optimus_ws1/build/optimus_vision0/build/lib/optimus_vision0/streaming_node.py -> /data/optimus_ws1/install/optimus_vision0/lib/python3.8/site-packages/optimus_vision0
[1.752s] byte-compiling /data/optimus_ws1/install/optimus_vision0/lib/python3.8/site-packages/optimus_vision0/streaming_node.py to streaming_node.cpython-38.pyc
[1.757s] running install_data
[1.758s] running install_egg_info
[1.761s] removing '/data/optimus_ws1/install/optimus_vision0/lib/python3.8/site-packages/optimus_vision0-0.0.0-py3.8.egg-info' (and everything under it)
[1.761s] Copying ../../build/optimus_vision0/optimus_vision0.egg-info to /data/optimus_ws1/install/optimus_vision0/lib/python3.8/site-packages/optimus_vision0-0.0.0-py3.8.egg-info
[1.763s] running install_scripts
[1.797s] Installing publication_node script to /data/optimus_ws1/install/optimus_vision0/lib/optimus_vision0
[1.797s] Installing streaming_node script to /data/optimus_ws1/install/optimus_vision0/lib/optimus_vision0
[1.798s] writing list of installed files to '/data/optimus_ws1/build/optimus_vision0/install.log'
[1.896s] Invoked command in '/data/optimus_ws1/src/optimus_vision0' returned '0': PS1=(env) \[\e]0;\u@\h: \w\a\]${debian_chroot:+($debian_chroot)}\u@\h:\w\$ PYTHONPATH=/data/optimus_ws1/build/optimus_vision0/prefix_override:/data/optimus_ws1/install/optimus_vision0/lib/python3.8/site-packages:${PYTHONPATH} /usr/bin/python3 setup.py egg_info --egg-base ../../build/optimus_vision0 build --build-base /data/optimus_ws1/build/optimus_vision0/build install --record /data/optimus_ws1/build/optimus_vision0/install.log --single-version-externally-managed
