running egg_info
creating ../../build/optimus_vision0/optimus_vision0.egg-info
writing ../../build/optimus_vision0/optimus_vision0.egg-info/PKG-INFO
writing dependency_links to ../../build/optimus_vision0/optimus_vision0.egg-info/dependency_links.txt
writing entry points to ../../build/optimus_vision0/optimus_vision0.egg-info/entry_points.txt
writing requirements to ../../build/optimus_vision0/optimus_vision0.egg-info/requires.txt
writing top-level names to ../../build/optimus_vision0/optimus_vision0.egg-info/top_level.txt
writing manifest file '../../build/optimus_vision0/optimus_vision0.egg-info/SOURCES.txt'
package init file 'optimus_vision0/util/__init__.py' not found (or not a regular file)
reading manifest file '../../build/optimus_vision0/optimus_vision0.egg-info/SOURCES.txt'
writing manifest file '../../build/optimus_vision0/optimus_vision0.egg-info/SOURCES.txt'
running build
running build_py
creating /data/optimus_ws1/build/optimus_vision0/build
creating /data/optimus_ws1/build/optimus_vision0/build/lib
creating /data/optimus_ws1/build/optimus_vision0/build/lib/optimus_vision0
copying optimus_vision0/streaming_node copy.py -> /data/optimus_ws1/build/optimus_vision0/build/lib/optimus_vision0
copying optimus_vision0/streaming_node.py -> /data/optimus_ws1/build/optimus_vision0/build/lib/optimus_vision0
copying optimus_vision0/streaming_node_original.py -> /data/optimus_ws1/build/optimus_vision0/build/lib/optimus_vision0
copying optimus_vision0/publication_node.py -> /data/optimus_ws1/build/optimus_vision0/build/lib/optimus_vision0
copying optimus_vision0/publication_node copy.py -> /data/optimus_ws1/build/optimus_vision0/build/lib/optimus_vision0
copying optimus_vision0/__init__.py -> /data/optimus_ws1/build/optimus_vision0/build/lib/optimus_vision0
creating /data/optimus_ws1/build/optimus_vision0/build/lib/optimus_vision0/util
copying optimus_vision0/util/camera_data.py -> /data/optimus_ws1/build/optimus_vision0/build/lib/optimus_vision0/util
copying optimus_vision0/util/move_block_api.py -> /data/optimus_ws1/build/optimus_vision0/build/lib/optimus_vision0/util
copying optimus_vision0/util/robot_navigation_sequence.py -> /data/optimus_ws1/build/optimus_vision0/build/lib/optimus_vision0/util
copying optimus_vision0/util/temp.py -> /data/optimus_ws1/build/optimus_vision0/build/lib/optimus_vision0/util
copying optimus_vision0/util/test.py -> /data/optimus_ws1/build/optimus_vision0/build/lib/optimus_vision0/util
copying optimus_vision0/util/packMasg_client.py -> /data/optimus_ws1/build/optimus_vision0/build/lib/optimus_vision0/util
copying optimus_vision0/util/temp0.py -> /data/optimus_ws1/build/optimus_vision0/build/lib/optimus_vision0/util
copying optimus_vision0/util/packMasg_client2.py -> /data/optimus_ws1/build/optimus_vision0/build/lib/optimus_vision0/util
copying optimus_vision0/util/packMasg_client3.py -> /data/optimus_ws1/build/optimus_vision0/build/lib/optimus_vision0/util
copying optimus_vision0/util/robot_navigation_sequence_execution.py -> /data/optimus_ws1/build/optimus_vision0/build/lib/optimus_vision0/util
running install
running install_lib
creating /data/optimus_ws1/install/optimus_vision0/lib/python3.8/site-packages/optimus_vision0
copying /data/optimus_ws1/build/optimus_vision0/build/lib/optimus_vision0/streaming_node copy.py -> /data/optimus_ws1/install/optimus_vision0/lib/python3.8/site-packages/optimus_vision0
copying /data/optimus_ws1/build/optimus_vision0/build/lib/optimus_vision0/streaming_node.py -> /data/optimus_ws1/install/optimus_vision0/lib/python3.8/site-packages/optimus_vision0
copying /data/optimus_ws1/build/optimus_vision0/build/lib/optimus_vision0/streaming_node_original.py -> /data/optimus_ws1/install/optimus_vision0/lib/python3.8/site-packages/optimus_vision0
copying /data/optimus_ws1/build/optimus_vision0/build/lib/optimus_vision0/publication_node.py -> /data/optimus_ws1/install/optimus_vision0/lib/python3.8/site-packages/optimus_vision0
copying /data/optimus_ws1/build/optimus_vision0/build/lib/optimus_vision0/publication_node copy.py -> /data/optimus_ws1/install/optimus_vision0/lib/python3.8/site-packages/optimus_vision0
creating /data/optimus_ws1/install/optimus_vision0/lib/python3.8/site-packages/optimus_vision0/util
copying /data/optimus_ws1/build/optimus_vision0/build/lib/optimus_vision0/util/camera_data.py -> /data/optimus_ws1/install/optimus_vision0/lib/python3.8/site-packages/optimus_vision0/util
copying /data/optimus_ws1/build/optimus_vision0/build/lib/optimus_vision0/util/move_block_api.py -> /data/optimus_ws1/install/optimus_vision0/lib/python3.8/site-packages/optimus_vision0/util
copying /data/optimus_ws1/build/optimus_vision0/build/lib/optimus_vision0/util/robot_navigation_sequence.py -> /data/optimus_ws1/install/optimus_vision0/lib/python3.8/site-packages/optimus_vision0/util
copying /data/optimus_ws1/build/optimus_vision0/build/lib/optimus_vision0/util/temp.py -> /data/optimus_ws1/install/optimus_vision0/lib/python3.8/site-packages/optimus_vision0/util
copying /data/optimus_ws1/build/optimus_vision0/build/lib/optimus_vision0/util/test.py -> /data/optimus_ws1/install/optimus_vision0/lib/python3.8/site-packages/optimus_vision0/util
copying /data/optimus_ws1/build/optimus_vision0/build/lib/optimus_vision0/util/packMasg_client.py -> /data/optimus_ws1/install/optimus_vision0/lib/python3.8/site-packages/optimus_vision0/util
copying /data/optimus_ws1/build/optimus_vision0/build/lib/optimus_vision0/util/temp0.py -> /data/optimus_ws1/install/optimus_vision0/lib/python3.8/site-packages/optimus_vision0/util
copying /data/optimus_ws1/build/optimus_vision0/build/lib/optimus_vision0/util/packMasg_client2.py -> /data/optimus_ws1/install/optimus_vision0/lib/python3.8/site-packages/optimus_vision0/util
copying /data/optimus_ws1/build/optimus_vision0/build/lib/optimus_vision0/util/packMasg_client3.py -> /data/optimus_ws1/install/optimus_vision0/lib/python3.8/site-packages/optimus_vision0/util
copying /data/optimus_ws1/build/optimus_vision0/build/lib/optimus_vision0/util/robot_navigation_sequence_execution.py -> /data/optimus_ws1/install/optimus_vision0/lib/python3.8/site-packages/optimus_vision0/util
copying /data/optimus_ws1/build/optimus_vision0/build/lib/optimus_vision0/__init__.py -> /data/optimus_ws1/install/optimus_vision0/lib/python3.8/site-packages/optimus_vision0
byte-compiling /data/optimus_ws1/install/optimus_vision0/lib/python3.8/site-packages/optimus_vision0/streaming_node copy.py to streaming_node copy.cpython-38.pyc
byte-compiling /data/optimus_ws1/install/optimus_vision0/lib/python3.8/site-packages/optimus_vision0/streaming_node.py to streaming_node.cpython-38.pyc
byte-compiling /data/optimus_ws1/install/optimus_vision0/lib/python3.8/site-packages/optimus_vision0/streaming_node_original.py to streaming_node_original.cpython-38.pyc
byte-compiling /data/optimus_ws1/install/optimus_vision0/lib/python3.8/site-packages/optimus_vision0/publication_node.py to publication_node.cpython-38.pyc
byte-compiling /data/optimus_ws1/install/optimus_vision0/lib/python3.8/site-packages/optimus_vision0/publication_node copy.py to publication_node copy.cpython-38.pyc
byte-compiling /data/optimus_ws1/install/optimus_vision0/lib/python3.8/site-packages/optimus_vision0/util/camera_data.py to camera_data.cpython-38.pyc
byte-compiling /data/optimus_ws1/install/optimus_vision0/lib/python3.8/site-packages/optimus_vision0/util/move_block_api.py to move_block_api.cpython-38.pyc
byte-compiling /data/optimus_ws1/install/optimus_vision0/lib/python3.8/site-packages/optimus_vision0/util/robot_navigation_sequence.py to robot_navigation_sequence.cpython-38.pyc
byte-compiling /data/optimus_ws1/install/optimus_vision0/lib/python3.8/site-packages/optimus_vision0/util/temp.py to temp.cpython-38.pyc
byte-compiling /data/optimus_ws1/install/optimus_vision0/lib/python3.8/site-packages/optimus_vision0/util/test.py to test.cpython-38.pyc
byte-compiling /data/optimus_ws1/install/optimus_vision0/lib/python3.8/site-packages/optimus_vision0/util/packMasg_client.py to packMasg_client.cpython-38.pyc
byte-compiling /data/optimus_ws1/install/optimus_vision0/lib/python3.8/site-packages/optimus_vision0/util/temp0.py to temp0.cpython-38.pyc
byte-compiling /data/optimus_ws1/install/optimus_vision0/lib/python3.8/site-packages/optimus_vision0/util/packMasg_client2.py to packMasg_client2.cpython-38.pyc
byte-compiling /data/optimus_ws1/install/optimus_vision0/lib/python3.8/site-packages/optimus_vision0/util/packMasg_client3.py to packMasg_client3.cpython-38.pyc
byte-compiling /data/optimus_ws1/install/optimus_vision0/lib/python3.8/site-packages/optimus_vision0/util/robot_navigation_sequence_execution.py to robot_navigation_sequence_execution.cpython-38.pyc
byte-compiling /data/optimus_ws1/install/optimus_vision0/lib/python3.8/site-packages/optimus_vision0/__init__.py to __init__.cpython-38.pyc
running install_data
creating /data/optimus_ws1/install/optimus_vision0/share/ament_index
creating /data/optimus_ws1/install/optimus_vision0/share/ament_index/resource_index
creating /data/optimus_ws1/install/optimus_vision0/share/ament_index/resource_index/packages
copying resource/optimus_vision0 -> /data/optimus_ws1/install/optimus_vision0/share/ament_index/resource_index/packages
copying package.xml -> /data/optimus_ws1/install/optimus_vision0/share/optimus_vision0
creating /data/optimus_ws1/install/optimus_vision0/share/optimus_vision0/launch
copying launch/nn_camera.launch.py -> /data/optimus_ws1/install/optimus_vision0/share/optimus_vision0/launch
running install_egg_info
Copying ../../build/optimus_vision0/optimus_vision0.egg-info to /data/optimus_ws1/install/optimus_vision0/lib/python3.8/site-packages/optimus_vision0-0.0.0-py3.8.egg-info
running install_scripts
Installing publication_node script to /data/optimus_ws1/install/optimus_vision0/lib/optimus_vision0
Installing streaming_node script to /data/optimus_ws1/install/optimus_vision0/lib/optimus_vision0
writing list of installed files to '/data/optimus_ws1/build/optimus_vision0/install.log'
