[1.289s] Invoking command in '/data/optimus_ws1/src/optimus_vision0': PS1=(env) \[\e]0;\u@\h: \w\a\]${debian_chroot:+($debian_chroot)}\u@\h:\w\$ PYTHONPATH=/data/optimus_ws1/build/optimus_vision0/prefix_override:/data/optimus_ws1/install/optimus_vision0/lib/python3.8/site-packages:${PYTHONPATH} /usr/bin/python3 setup.py egg_info --egg-base ../../build/optimus_vision0 build --build-base /data/optimus_ws1/build/optimus_vision0/build install --record /data/optimus_ws1/build/optimus_vision0/install.log --single-version-externally-managed
[1.646s] running egg_info
[1.647s] creating ../../build/optimus_vision0/optimus_vision0.egg-info
[1.647s] writing ../../build/optimus_vision0/optimus_vision0.egg-info/PKG-INFO
[1.648s] writing dependency_links to ../../build/optimus_vision0/optimus_vision0.egg-info/dependency_links.txt
[1.648s] writing entry points to ../../build/optimus_vision0/optimus_vision0.egg-info/entry_points.txt
[1.648s] writing requirements to ../../build/optimus_vision0/optimus_vision0.egg-info/requires.txt
[1.649s] writing top-level names to ../../build/optimus_vision0/optimus_vision0.egg-info/top_level.txt
[1.649s] writing manifest file '../../build/optimus_vision0/optimus_vision0.egg-info/SOURCES.txt'
[1.700s] package init file 'optimus_vision0/util/__init__.py' not found (or not a regular file)
[1.701s] reading manifest file '../../build/optimus_vision0/optimus_vision0.egg-info/SOURCES.txt'
[1.703s] writing manifest file '../../build/optimus_vision0/optimus_vision0.egg-info/SOURCES.txt'
[1.703s] running build
[1.704s] running build_py
[1.704s] creating /data/optimus_ws1/build/optimus_vision0/build
[1.704s] creating /data/optimus_ws1/build/optimus_vision0/build/lib
[1.704s] creating /data/optimus_ws1/build/optimus_vision0/build/lib/optimus_vision0
[1.704s] copying optimus_vision0/streaming_node copy.py -> /data/optimus_ws1/build/optimus_vision0/build/lib/optimus_vision0
[1.704s] copying optimus_vision0/streaming_node.py -> /data/optimus_ws1/build/optimus_vision0/build/lib/optimus_vision0
[1.705s] copying optimus_vision0/streaming_node_original.py -> /data/optimus_ws1/build/optimus_vision0/build/lib/optimus_vision0
[1.705s] copying optimus_vision0/publication_node.py -> /data/optimus_ws1/build/optimus_vision0/build/lib/optimus_vision0
[1.705s] copying optimus_vision0/publication_node copy.py -> /data/optimus_ws1/build/optimus_vision0/build/lib/optimus_vision0
[1.705s] copying optimus_vision0/__init__.py -> /data/optimus_ws1/build/optimus_vision0/build/lib/optimus_vision0
[1.705s] creating /data/optimus_ws1/build/optimus_vision0/build/lib/optimus_vision0/util
[1.706s] copying optimus_vision0/util/camera_data.py -> /data/optimus_ws1/build/optimus_vision0/build/lib/optimus_vision0/util
[1.706s] copying optimus_vision0/util/move_block_api.py -> /data/optimus_ws1/build/optimus_vision0/build/lib/optimus_vision0/util
[1.706s] copying optimus_vision0/util/robot_navigation_sequence.py -> /data/optimus_ws1/build/optimus_vision0/build/lib/optimus_vision0/util
[1.706s] copying optimus_vision0/util/temp.py -> /data/optimus_ws1/build/optimus_vision0/build/lib/optimus_vision0/util
[1.706s] copying optimus_vision0/util/test.py -> /data/optimus_ws1/build/optimus_vision0/build/lib/optimus_vision0/util
[1.707s] copying optimus_vision0/util/packMasg_client.py -> /data/optimus_ws1/build/optimus_vision0/build/lib/optimus_vision0/util
[1.707s] copying optimus_vision0/util/temp0.py -> /data/optimus_ws1/build/optimus_vision0/build/lib/optimus_vision0/util
[1.707s] copying optimus_vision0/util/packMasg_client2.py -> /data/optimus_ws1/build/optimus_vision0/build/lib/optimus_vision0/util
[1.708s] copying optimus_vision0/util/packMasg_client3.py -> /data/optimus_ws1/build/optimus_vision0/build/lib/optimus_vision0/util
[1.708s] copying optimus_vision0/util/robot_navigation_sequence_execution.py -> /data/optimus_ws1/build/optimus_vision0/build/lib/optimus_vision0/util
[1.708s] running install
[1.711s] running install_lib
[1.713s] creating /data/optimus_ws1/install/optimus_vision0/lib/python3.8/site-packages/optimus_vision0
[1.713s] copying /data/optimus_ws1/build/optimus_vision0/build/lib/optimus_vision0/streaming_node copy.py -> /data/optimus_ws1/install/optimus_vision0/lib/python3.8/site-packages/optimus_vision0
[1.713s] copying /data/optimus_ws1/build/optimus_vision0/build/lib/optimus_vision0/streaming_node.py -> /data/optimus_ws1/install/optimus_vision0/lib/python3.8/site-packages/optimus_vision0
[1.713s] copying /data/optimus_ws1/build/optimus_vision0/build/lib/optimus_vision0/streaming_node_original.py -> /data/optimus_ws1/install/optimus_vision0/lib/python3.8/site-packages/optimus_vision0
[1.714s] copying /data/optimus_ws1/build/optimus_vision0/build/lib/optimus_vision0/publication_node.py -> /data/optimus_ws1/install/optimus_vision0/lib/python3.8/site-packages/optimus_vision0
[1.714s] copying /data/optimus_ws1/build/optimus_vision0/build/lib/optimus_vision0/publication_node copy.py -> /data/optimus_ws1/install/optimus_vision0/lib/python3.8/site-packages/optimus_vision0
[1.714s] creating /data/optimus_ws1/install/optimus_vision0/lib/python3.8/site-packages/optimus_vision0/util
[1.714s] copying /data/optimus_ws1/build/optimus_vision0/build/lib/optimus_vision0/util/camera_data.py -> /data/optimus_ws1/install/optimus_vision0/lib/python3.8/site-packages/optimus_vision0/util
[1.714s] copying /data/optimus_ws1/build/optimus_vision0/build/lib/optimus_vision0/util/move_block_api.py -> /data/optimus_ws1/install/optimus_vision0/lib/python3.8/site-packages/optimus_vision0/util
[1.715s] copying /data/optimus_ws1/build/optimus_vision0/build/lib/optimus_vision0/util/robot_navigation_sequence.py -> /data/optimus_ws1/install/optimus_vision0/lib/python3.8/site-packages/optimus_vision0/util
[1.715s] copying /data/optimus_ws1/build/optimus_vision0/build/lib/optimus_vision0/util/temp.py -> /data/optimus_ws1/install/optimus_vision0/lib/python3.8/site-packages/optimus_vision0/util
[1.715s] copying /data/optimus_ws1/build/optimus_vision0/build/lib/optimus_vision0/util/test.py -> /data/optimus_ws1/install/optimus_vision0/lib/python3.8/site-packages/optimus_vision0/util
[1.715s] copying /data/optimus_ws1/build/optimus_vision0/build/lib/optimus_vision0/util/packMasg_client.py -> /data/optimus_ws1/install/optimus_vision0/lib/python3.8/site-packages/optimus_vision0/util
[1.715s] copying /data/optimus_ws1/build/optimus_vision0/build/lib/optimus_vision0/util/temp0.py -> /data/optimus_ws1/install/optimus_vision0/lib/python3.8/site-packages/optimus_vision0/util
[1.715s] copying /data/optimus_ws1/build/optimus_vision0/build/lib/optimus_vision0/util/packMasg_client2.py -> /data/optimus_ws1/install/optimus_vision0/lib/python3.8/site-packages/optimus_vision0/util
[1.716s] copying /data/optimus_ws1/build/optimus_vision0/build/lib/optimus_vision0/util/packMasg_client3.py -> /data/optimus_ws1/install/optimus_vision0/lib/python3.8/site-packages/optimus_vision0/util
[1.716s] copying /data/optimus_ws1/build/optimus_vision0/build/lib/optimus_vision0/util/robot_navigation_sequence_execution.py -> /data/optimus_ws1/install/optimus_vision0/lib/python3.8/site-packages/optimus_vision0/util
[1.716s] copying /data/optimus_ws1/build/optimus_vision0/build/lib/optimus_vision0/__init__.py -> /data/optimus_ws1/install/optimus_vision0/lib/python3.8/site-packages/optimus_vision0
[1.717s] byte-compiling /data/optimus_ws1/install/optimus_vision0/lib/python3.8/site-packages/optimus_vision0/streaming_node copy.py to streaming_node copy.cpython-38.pyc
[1.723s] byte-compiling /data/optimus_ws1/install/optimus_vision0/lib/python3.8/site-packages/optimus_vision0/streaming_node.py to streaming_node.cpython-38.pyc
[1.725s] byte-compiling /data/optimus_ws1/install/optimus_vision0/lib/python3.8/site-packages/optimus_vision0/streaming_node_original.py to streaming_node_original.cpython-38.pyc
[1.729s] byte-compiling /data/optimus_ws1/install/optimus_vision0/lib/python3.8/site-packages/optimus_vision0/publication_node.py to publication_node.cpython-38.pyc
[1.730s] byte-compiling /data/optimus_ws1/install/optimus_vision0/lib/python3.8/site-packages/optimus_vision0/publication_node copy.py to publication_node copy.cpython-38.pyc
[1.731s] byte-compiling /data/optimus_ws1/install/optimus_vision0/lib/python3.8/site-packages/optimus_vision0/util/camera_data.py to camera_data.cpython-38.pyc
[1.732s] byte-compiling /data/optimus_ws1/install/optimus_vision0/lib/python3.8/site-packages/optimus_vision0/util/move_block_api.py to move_block_api.cpython-38.pyc
[1.732s] byte-compiling /data/optimus_ws1/install/optimus_vision0/lib/python3.8/site-packages/optimus_vision0/util/robot_navigation_sequence.py to robot_navigation_sequence.cpython-38.pyc
[1.733s] byte-compiling /data/optimus_ws1/install/optimus_vision0/lib/python3.8/site-packages/optimus_vision0/util/temp.py to temp.cpython-38.pyc
[1.733s] byte-compiling /data/optimus_ws1/install/optimus_vision0/lib/python3.8/site-packages/optimus_vision0/util/test.py to test.cpython-38.pyc
[1.734s] byte-compiling /data/optimus_ws1/install/optimus_vision0/lib/python3.8/site-packages/optimus_vision0/util/packMasg_client.py to packMasg_client.cpython-38.pyc
[1.734s] byte-compiling /data/optimus_ws1/install/optimus_vision0/lib/python3.8/site-packages/optimus_vision0/util/temp0.py to temp0.cpython-38.pyc
[1.735s] byte-compiling /data/optimus_ws1/install/optimus_vision0/lib/python3.8/site-packages/optimus_vision0/util/packMasg_client2.py to packMasg_client2.cpython-38.pyc
[1.736s] byte-compiling /data/optimus_ws1/install/optimus_vision0/lib/python3.8/site-packages/optimus_vision0/util/packMasg_client3.py to packMasg_client3.cpython-38.pyc
[1.737s] byte-compiling /data/optimus_ws1/install/optimus_vision0/lib/python3.8/site-packages/optimus_vision0/util/robot_navigation_sequence_execution.py to robot_navigation_sequence_execution.cpython-38.pyc
[1.738s] byte-compiling /data/optimus_ws1/install/optimus_vision0/lib/python3.8/site-packages/optimus_vision0/__init__.py to __init__.cpython-38.pyc
[1.738s] running install_data
[1.739s] creating /data/optimus_ws1/install/optimus_vision0/share/ament_index
[1.739s] creating /data/optimus_ws1/install/optimus_vision0/share/ament_index/resource_index
[1.740s] creating /data/optimus_ws1/install/optimus_vision0/share/ament_index/resource_index/packages
[1.740s] copying resource/optimus_vision0 -> /data/optimus_ws1/install/optimus_vision0/share/ament_index/resource_index/packages
[1.740s] copying package.xml -> /data/optimus_ws1/install/optimus_vision0/share/optimus_vision0
[1.740s] creating /data/optimus_ws1/install/optimus_vision0/share/optimus_vision0/launch
[1.740s] copying launch/nn_camera.launch.py -> /data/optimus_ws1/install/optimus_vision0/share/optimus_vision0/launch
[1.740s] running install_egg_info
[1.744s] Copying ../../build/optimus_vision0/optimus_vision0.egg-info to /data/optimus_ws1/install/optimus_vision0/lib/python3.8/site-packages/optimus_vision0-0.0.0-py3.8.egg-info
[1.745s] running install_scripts
[1.778s] Installing publication_node script to /data/optimus_ws1/install/optimus_vision0/lib/optimus_vision0
[1.778s] Installing streaming_node script to /data/optimus_ws1/install/optimus_vision0/lib/optimus_vision0
[1.779s] writing list of installed files to '/data/optimus_ws1/build/optimus_vision0/install.log'
[1.845s] Invoked command in '/data/optimus_ws1/src/optimus_vision0' returned '0': PS1=(env) \[\e]0;\u@\h: \w\a\]${debian_chroot:+($debian_chroot)}\u@\h:\w\$ PYTHONPATH=/data/optimus_ws1/build/optimus_vision0/prefix_override:/data/optimus_ws1/install/optimus_vision0/lib/python3.8/site-packages:${PYTHONPATH} /usr/bin/python3 setup.py egg_info --egg-base ../../build/optimus_vision0 build --build-base /data/optimus_ws1/build/optimus_vision0/build install --record /data/optimus_ws1/build/optimus_vision0/install.log --single-version-externally-managed
