[0.379s] Invoking command in '/home/optimus/virtual/optimus/optimus_ws1_20240711/src/optimus_vision0': PYTHONPATH=/home/optimus/virtual/optimus/optimus_ws1_20240711/build/optimus_vision0/prefix_override:/home/optimus/virtual/optimus/optimus_ws1_20240711/install/optimus_vision0/lib/python3.10/site-packages:${PYTHONPATH} /usr/bin/python3 -W ignore:setup.py install is deprecated setup.py egg_info --egg-base ../../build/optimus_vision0 build --build-base /home/optimus/virtual/optimus/optimus_ws1_20240711/build/optimus_vision0/build install --record /home/optimus/virtual/optimus/optimus_ws1_20240711/build/optimus_vision0/install.log --single-version-externally-managed install_data
[0.526s] running egg_info
[0.526s] writing ../../build/optimus_vision0/optimus_vision0.egg-info/PKG-INFO
[0.526s] writing dependency_links to ../../build/optimus_vision0/optimus_vision0.egg-info/dependency_links.txt
[0.526s] writing entry points to ../../build/optimus_vision0/optimus_vision0.egg-info/entry_points.txt
[0.526s] writing requirements to ../../build/optimus_vision0/optimus_vision0.egg-info/requires.txt
[0.526s] writing top-level names to ../../build/optimus_vision0/optimus_vision0.egg-info/top_level.txt
[0.527s] package init file 'optimus_vision0/util/__init__.py' not found (or not a regular file)
[0.527s] reading manifest file '../../build/optimus_vision0/optimus_vision0.egg-info/SOURCES.txt'
[0.528s] writing manifest file '../../build/optimus_vision0/optimus_vision0.egg-info/SOURCES.txt'
[0.528s] running build
[0.528s] running build_py
[0.528s] copying optimus_vision0/publication_node.py -> /home/optimus/virtual/optimus/optimus_ws1_20240711/build/optimus_vision0/build/lib/optimus_vision0
[0.528s] running install
[0.529s] running install_lib
[0.529s] copying /home/optimus/virtual/optimus/optimus_ws1_20240711/build/optimus_vision0/build/lib/optimus_vision0/publication_node.py -> /home/optimus/virtual/optimus/optimus_ws1_20240711/install/optimus_vision0/lib/python3.10/site-packages/optimus_vision0
[0.530s] byte-compiling /home/optimus/virtual/optimus/optimus_ws1_20240711/install/optimus_vision0/lib/python3.10/site-packages/optimus_vision0/publication_node.py to publication_node.cpython-310.pyc
[0.531s] running install_data
[0.531s] running install_egg_info
[0.533s] removing '/home/optimus/virtual/optimus/optimus_ws1_20240711/install/optimus_vision0/lib/python3.10/site-packages/optimus_vision0-0.0.0-py3.10.egg-info' (and everything under it)
[0.533s] Copying ../../build/optimus_vision0/optimus_vision0.egg-info to /home/optimus/virtual/optimus/optimus_ws1_20240711/install/optimus_vision0/lib/python3.10/site-packages/optimus_vision0-0.0.0-py3.10.egg-info
[0.534s] running install_scripts
[0.547s] Installing publication_node script to /home/optimus/virtual/optimus/optimus_ws1_20240711/install/optimus_vision0/lib/optimus_vision0
[0.547s] Installing streaming_node script to /home/optimus/virtual/optimus/optimus_ws1_20240711/install/optimus_vision0/lib/optimus_vision0
[0.547s] writing list of installed files to '/home/optimus/virtual/optimus/optimus_ws1_20240711/build/optimus_vision0/install.log'
[0.564s] Invoked command in '/home/optimus/virtual/optimus/optimus_ws1_20240711/src/optimus_vision0' returned '0': PYTHONPATH=/home/optimus/virtual/optimus/optimus_ws1_20240711/build/optimus_vision0/prefix_override:/home/optimus/virtual/optimus/optimus_ws1_20240711/install/optimus_vision0/lib/python3.10/site-packages:${PYTHONPATH} /usr/bin/python3 -W ignore:setup.py install is deprecated setup.py egg_info --egg-base ../../build/optimus_vision0 build --build-base /home/optimus/virtual/optimus/optimus_ws1_20240711/build/optimus_vision0/build install --record /home/optimus/virtual/optimus/optimus_ws1_20240711/build/optimus_vision0/install.log --single-version-externally-managed install_data
