[0.166s] Invoking command in '/home/optimus/virtual/optimus/optimus_ws1_20240711/build/ssd_mobilenet_inference_msgs': CMAKE_PREFIX_PATH=/opt/ros/humble /usr/bin/cmake /home/optimus/virtual/optimus/optimus_ws1_20240711/src/ssd_mobilenet_inference_msgs -DCMAKE_INSTALL_PREFIX=/home/optimus/virtual/optimus/optimus_ws1_20240711/install/ssd_mobilenet_inference_msgs
[0.207s] -- The C compiler identification is GNU 11.4.0
[0.244s] -- The CXX compiler identification is GNU 11.4.0
[0.248s] -- Detecting C compiler ABI info
[0.290s] -- Detecting C compiler ABI info - done
[0.295s] -- Check for working C compiler: /usr/bin/cc - skipped
[0.295s] -- Detecting C compile features
[0.295s] -- Detecting C compile features - done
[0.297s] -- Detecting CXX compiler ABI info
[0.346s] -- Detecting CXX compiler ABI info - done
[0.351s] -- Check for working CXX compiler: /usr/bin/c++ - skipped
[0.352s] -- Detecting CXX compile features
[0.352s] -- Detecting CXX compile features - done
[0.353s] -- Found ament_cmake: 1.3.8 (/opt/ros/humble/share/ament_cmake/cmake)
[0.456s] -- Found Python3: /usr/bin/python3 (found version "3.10.12") found components: Interpreter 
[0.509s] -- Found std_msgs: 4.2.3 (/opt/ros/humble/share/std_msgs/cmake)
[0.530s] -- Found rosidl_generator_c: 3.1.5 (/opt/ros/humble/share/rosidl_generator_c/cmake)
[0.533s] -- Found rosidl_adapter: 3.1.5 (/opt/ros/humble/share/rosidl_adapter/cmake)
[0.538s] -- Found rosidl_generator_cpp: 3.1.5 (/opt/ros/humble/share/rosidl_generator_cpp/cmake)
[0.546s] -- Using all available rosidl_typesupport_c: rosidl_typesupport_fastrtps_c;rosidl_typesupport_introspection_c
[0.559s] -- Using all available rosidl_typesupport_cpp: rosidl_typesupport_fastrtps_cpp;rosidl_typesupport_introspection_cpp
[0.597s] -- Found rosidl_default_generators: 1.2.0 (/opt/ros/humble/share/rosidl_default_generators/cmake)
[0.768s] -- Found ament_cmake_ros: 0.10.0 (/opt/ros/humble/share/ament_cmake_ros/cmake)
[0.976s] -- Using all available rosidl_typesupport_c: rosidl_typesupport_fastrtps_c;rosidl_typesupport_introspection_c
[1.059s] -- Using all available rosidl_typesupport_cpp: rosidl_typesupport_fastrtps_cpp;rosidl_typesupport_introspection_cpp
[1.074s] -- Found PythonInterp: /usr/bin/python3 (found suitable version "3.10.12", minimum required is "3.6") 
[1.075s] -- Found python_cmake_module: 0.10.0 (/opt/ros/humble/share/python_cmake_module/cmake)
[1.093s] -- Found PythonLibs: /usr/lib/x86_64-linux-gnu/libpython3.10.so (found suitable version "3.10.12", minimum required is "3.5") 
[1.093s] -- Using PYTHON_EXECUTABLE: /usr/bin/python3
[1.093s] -- Using PYTHON_INCLUDE_DIRS: /usr/include/python3.10
[1.093s] -- Using PYTHON_LIBRARIES: /usr/lib/x86_64-linux-gnu/libpython3.10.so
[1.107s] -- Found PythonExtra: .so  
[1.130s] -- Found ament_lint_auto: 0.12.10 (/opt/ros/humble/share/ament_lint_auto/cmake)
[1.139s] -- Added test 'lint_cmake' to check CMake code style
[1.140s] -- Added test 'xmllint' to check XML markup files
[1.141s] -- Configuring done
[1.157s] -- Generating done
[1.158s] -- Build files have been written to: /home/optimus/virtual/optimus/optimus_ws1_20240711/build/ssd_mobilenet_inference_msgs
[1.162s] Invoked command in '/home/optimus/virtual/optimus/optimus_ws1_20240711/build/ssd_mobilenet_inference_msgs' returned '0': CMAKE_PREFIX_PATH=/opt/ros/humble /usr/bin/cmake /home/optimus/virtual/optimus/optimus_ws1_20240711/src/ssd_mobilenet_inference_msgs -DCMAKE_INSTALL_PREFIX=/home/optimus/virtual/optimus/optimus_ws1_20240711/install/ssd_mobilenet_inference_msgs
[1.163s] Invoking command in '/home/optimus/virtual/optimus/optimus_ws1_20240711/build/ssd_mobilenet_inference_msgs': CMAKE_PREFIX_PATH=/opt/ros/humble /usr/bin/cmake --build /home/optimus/virtual/optimus/optimus_ws1_20240711/build/ssd_mobilenet_inference_msgs -- -j12 -l12
[1.189s] [  3%] [34m[1mGenerating C code for ROS interfaces[0m
[1.194s] [  6%] [34m[1mGenerating C++ code for ROS interfaces[0m
[1.214s] [  6%] Built target ament_cmake_python_copy_ssd_mobilenet_inference_msgs
[1.348s] [  6%] Built target ssd_mobilenet_inference_msgs__cpp
[1.354s] [ 12%] [34m[1mGenerating C++ type support dispatch for ROS interfaces[0m
[1.355s] [ 12%] [34m[1mGenerating C++ type support for eProsima Fast-RTPS[0m
[1.359s] [ 16%] [34m[1mGenerating C++ introspection for ROS interfaces[0m
[1.403s] [ 19%] [32mBuilding C object CMakeFiles/ssd_mobilenet_inference_msgs__rosidl_generator_c.dir/rosidl_generator_c/ssd_mobilenet_inference_msgs/msg/detail/inference_result__functions.c.o[0m
[1.456s] [ 22%] [32m[1mLinking C shared library libssd_mobilenet_inference_msgs__rosidl_generator_c.so[0m
[1.496s] [ 25%] [32mBuilding CXX object CMakeFiles/ssd_mobilenet_inference_msgs__rosidl_typesupport_cpp.dir/rosidl_typesupport_cpp/ssd_mobilenet_inference_msgs/msg/inference_result__type_support.cpp.o[0m
[1.496s] [ 25%] Built target ssd_mobilenet_inference_msgs__rosidl_generator_c
[1.506s] [ 29%] [32mBuilding CXX object CMakeFiles/ssd_mobilenet_inference_msgs__rosidl_typesupport_fastrtps_cpp.dir/rosidl_typesupport_fastrtps_cpp/ssd_mobilenet_inference_msgs/msg/detail/dds_fastrtps/inference_result__type_support.cpp.o[0m
[1.507s] [ 38%] [34m[1mGenerating C type support for eProsima Fast-RTPS[0m
[1.508s] [ 38%] [34m[1mGenerating C type support dispatch for ROS interfaces[0m
[1.508s] [ 38%] [34m[1mGenerating C introspection for ROS interfaces[0m
[1.534s] running egg_info
[1.535s] creating ssd_mobilenet_inference_msgs.egg-info
[1.535s] writing ssd_mobilenet_inference_msgs.egg-info/PKG-INFO
[1.535s] writing dependency_links to ssd_mobilenet_inference_msgs.egg-info/dependency_links.txt
[1.535s] writing top-level names to ssd_mobilenet_inference_msgs.egg-info/top_level.txt
[1.536s] writing manifest file 'ssd_mobilenet_inference_msgs.egg-info/SOURCES.txt'
[1.538s] reading manifest file 'ssd_mobilenet_inference_msgs.egg-info/SOURCES.txt'
[1.539s] writing manifest file 'ssd_mobilenet_inference_msgs.egg-info/SOURCES.txt'
[1.574s] [ 38%] Built target ament_cmake_python_build_ssd_mobilenet_inference_msgs_egg
[1.653s] [ 41%] [32mBuilding CXX object CMakeFiles/ssd_mobilenet_inference_msgs__rosidl_typesupport_introspection_cpp.dir/rosidl_typesupport_introspection_cpp/ssd_mobilenet_inference_msgs/msg/detail/inference_result__type_support.cpp.o[0m
[1.669s] [ 45%] [32m[1mLinking CXX shared library libssd_mobilenet_inference_msgs__rosidl_typesupport_cpp.so[0m
[1.700s] [ 45%] Built target ssd_mobilenet_inference_msgs__rosidl_typesupport_cpp
[1.726s] [ 48%] [32mBuilding CXX object CMakeFiles/ssd_mobilenet_inference_msgs__rosidl_typesupport_fastrtps_c.dir/rosidl_typesupport_fastrtps_c/ssd_mobilenet_inference_msgs/msg/detail/inference_result__type_support_c.cpp.o[0m
[1.784s] [ 51%] [32mBuilding CXX object CMakeFiles/ssd_mobilenet_inference_msgs__rosidl_typesupport_c.dir/rosidl_typesupport_c/ssd_mobilenet_inference_msgs/msg/inference_result__type_support.cpp.o[0m
[1.810s] [ 54%] [32mBuilding C object CMakeFiles/ssd_mobilenet_inference_msgs__rosidl_typesupport_introspection_c.dir/rosidl_typesupport_introspection_c/ssd_mobilenet_inference_msgs/msg/detail/inference_result__type_support.c.o[0m
[1.822s] [ 58%] [32m[1mLinking CXX shared library libssd_mobilenet_inference_msgs__rosidl_typesupport_c.so[0m
[1.848s] [ 61%] [32m[1mLinking C shared library libssd_mobilenet_inference_msgs__rosidl_typesupport_introspection_c.so[0m
[1.870s] [ 61%] Built target ssd_mobilenet_inference_msgs__rosidl_typesupport_c
[1.872s] [ 64%] [32m[1mLinking CXX shared library libssd_mobilenet_inference_msgs__rosidl_typesupport_fastrtps_cpp.so[0m
[1.884s] [ 64%] Built target ssd_mobilenet_inference_msgs__rosidl_typesupport_introspection_c
[1.912s] [ 67%] [32m[1mLinking CXX shared library libssd_mobilenet_inference_msgs__rosidl_typesupport_introspection_cpp.so[0m
[1.921s] [ 67%] Built target ssd_mobilenet_inference_msgs__rosidl_typesupport_fastrtps_cpp
[1.955s] [ 67%] Built target ssd_mobilenet_inference_msgs__rosidl_typesupport_introspection_cpp
[1.966s] [ 70%] [32m[1mLinking CXX shared library libssd_mobilenet_inference_msgs__rosidl_typesupport_fastrtps_c.so[0m
[2.013s] [ 70%] Built target ssd_mobilenet_inference_msgs__rosidl_typesupport_fastrtps_c
[2.026s] [ 70%] Built target ssd_mobilenet_inference_msgs
[2.038s] [ 74%] [34m[1mGenerating Python code for ROS interfaces[0m
[2.225s] [ 74%] Built target ssd_mobilenet_inference_msgs__py
[2.238s] [ 77%] [32mBuilding C object CMakeFiles/ssd_mobilenet_inference_msgs__rosidl_generator_py.dir/rosidl_generator_py/ssd_mobilenet_inference_msgs/msg/_inference_result_s.c.o[0m
[2.299s] [ 80%] [32m[1mLinking C shared library rosidl_generator_py/ssd_mobilenet_inference_msgs/libssd_mobilenet_inference_msgs__rosidl_generator_py.so[0m
[2.325s] [ 80%] Built target ssd_mobilenet_inference_msgs__rosidl_generator_py
[2.338s] [ 83%] [32mBuilding C object CMakeFiles/ssd_mobilenet_inference_msgs__rosidl_typesupport_introspection_c__pyext.dir/rosidl_generator_py/ssd_mobilenet_inference_msgs/_ssd_mobilenet_inference_msgs_s.ep.rosidl_typesupport_introspection_c.c.o[0m
[2.341s] [ 87%] [32mBuilding C object CMakeFiles/ssd_mobilenet_inference_msgs__rosidl_typesupport_c__pyext.dir/rosidl_generator_py/ssd_mobilenet_inference_msgs/_ssd_mobilenet_inference_msgs_s.ep.rosidl_typesupport_c.c.o[0m
[2.342s] [ 90%] [32mBuilding C object CMakeFiles/ssd_mobilenet_inference_msgs__rosidl_typesupport_fastrtps_c__pyext.dir/rosidl_generator_py/ssd_mobilenet_inference_msgs/_ssd_mobilenet_inference_msgs_s.ep.rosidl_typesupport_fastrtps_c.c.o[0m
[2.393s] [ 93%] [32m[1mLinking C shared library rosidl_generator_py/ssd_mobilenet_inference_msgs/ssd_mobilenet_inference_msgs_s__rosidl_typesupport_introspection_c.cpython-310-x86_64-linux-gnu.so[0m
[2.396s] [ 96%] [32m[1mLinking C shared library rosidl_generator_py/ssd_mobilenet_inference_msgs/ssd_mobilenet_inference_msgs_s__rosidl_typesupport_c.cpython-310-x86_64-linux-gnu.so[0m
[2.413s] [ 96%] Built target ssd_mobilenet_inference_msgs__rosidl_typesupport_introspection_c__pyext
[2.416s] [ 96%] Built target ssd_mobilenet_inference_msgs__rosidl_typesupport_c__pyext
[2.438s] [100%] [32m[1mLinking C shared library rosidl_generator_py/ssd_mobilenet_inference_msgs/ssd_mobilenet_inference_msgs_s__rosidl_typesupport_fastrtps_c.cpython-310-x86_64-linux-gnu.so[0m
[2.462s] [100%] Built target ssd_mobilenet_inference_msgs__rosidl_typesupport_fastrtps_c__pyext
[2.470s] Invoked command in '/home/optimus/virtual/optimus/optimus_ws1_20240711/build/ssd_mobilenet_inference_msgs' returned '0': CMAKE_PREFIX_PATH=/opt/ros/humble /usr/bin/cmake --build /home/optimus/virtual/optimus/optimus_ws1_20240711/build/ssd_mobilenet_inference_msgs -- -j12 -l12
[2.510s] Invoking command in '/home/optimus/virtual/optimus/optimus_ws1_20240711/build/ssd_mobilenet_inference_msgs': CMAKE_PREFIX_PATH=/opt/ros/humble /usr/bin/cmake --install /home/optimus/virtual/optimus/optimus_ws1_20240711/build/ssd_mobilenet_inference_msgs
[2.515s] -- Install configuration: ""
[2.515s] -- Installing: /home/optimus/virtual/optimus/optimus_ws1_20240711/install/ssd_mobilenet_inference_msgs/share/ament_index/resource_index/rosidl_interfaces/ssd_mobilenet_inference_msgs
[2.515s] -- Installing: /home/optimus/virtual/optimus/optimus_ws1_20240711/install/ssd_mobilenet_inference_msgs/include/ssd_mobilenet_inference_msgs/ssd_mobilenet_inference_msgs
[2.516s] -- Installing: /home/optimus/virtual/optimus/optimus_ws1_20240711/install/ssd_mobilenet_inference_msgs/include/ssd_mobilenet_inference_msgs/ssd_mobilenet_inference_msgs/msg
[2.516s] -- Installing: /home/optimus/virtual/optimus/optimus_ws1_20240711/install/ssd_mobilenet_inference_msgs/include/ssd_mobilenet_inference_msgs/ssd_mobilenet_inference_msgs/msg/rosidl_generator_c__visibility_control.h
[2.516s] -- Installing: /home/optimus/virtual/optimus/optimus_ws1_20240711/install/ssd_mobilenet_inference_msgs/include/ssd_mobilenet_inference_msgs/ssd_mobilenet_inference_msgs/msg/inference_result.h
[2.516s] -- Installing: /home/optimus/virtual/optimus/optimus_ws1_20240711/install/ssd_mobilenet_inference_msgs/include/ssd_mobilenet_inference_msgs/ssd_mobilenet_inference_msgs/msg/detail
[2.516s] -- Installing: /home/optimus/virtual/optimus/optimus_ws1_20240711/install/ssd_mobilenet_inference_msgs/include/ssd_mobilenet_inference_msgs/ssd_mobilenet_inference_msgs/msg/detail/inference_result__struct.h
[2.516s] -- Installing: /home/optimus/virtual/optimus/optimus_ws1_20240711/install/ssd_mobilenet_inference_msgs/include/ssd_mobilenet_inference_msgs/ssd_mobilenet_inference_msgs/msg/detail/inference_result__functions.c
[2.516s] -- Installing: /home/optimus/virtual/optimus/optimus_ws1_20240711/install/ssd_mobilenet_inference_msgs/include/ssd_mobilenet_inference_msgs/ssd_mobilenet_inference_msgs/msg/detail/inference_result__type_support.h
[2.516s] -- Installing: /home/optimus/virtual/optimus/optimus_ws1_20240711/install/ssd_mobilenet_inference_msgs/include/ssd_mobilenet_inference_msgs/ssd_mobilenet_inference_msgs/msg/detail/inference_result__functions.h
[2.516s] -- Installing: /home/optimus/virtual/optimus/optimus_ws1_20240711/install/ssd_mobilenet_inference_msgs/share/ssd_mobilenet_inference_msgs/environment/library_path.sh
[2.517s] -- Installing: /home/optimus/virtual/optimus/optimus_ws1_20240711/install/ssd_mobilenet_inference_msgs/share/ssd_mobilenet_inference_msgs/environment/library_path.dsv
[2.517s] -- Installing: /home/optimus/virtual/optimus/optimus_ws1_20240711/install/ssd_mobilenet_inference_msgs/lib/libssd_mobilenet_inference_msgs__rosidl_generator_c.so
[2.517s] -- Set runtime path of "/home/optimus/virtual/optimus/optimus_ws1_20240711/install/ssd_mobilenet_inference_msgs/lib/libssd_mobilenet_inference_msgs__rosidl_generator_c.so" to ""
[2.517s] -- Up-to-date: /home/optimus/virtual/optimus/optimus_ws1_20240711/install/ssd_mobilenet_inference_msgs/include/ssd_mobilenet_inference_msgs/ssd_mobilenet_inference_msgs
[2.517s] -- Up-to-date: /home/optimus/virtual/optimus/optimus_ws1_20240711/install/ssd_mobilenet_inference_msgs/include/ssd_mobilenet_inference_msgs/ssd_mobilenet_inference_msgs/msg
[2.517s] -- Installing: /home/optimus/virtual/optimus/optimus_ws1_20240711/install/ssd_mobilenet_inference_msgs/include/ssd_mobilenet_inference_msgs/ssd_mobilenet_inference_msgs/msg/rosidl_typesupport_fastrtps_c__visibility_control.h
[2.517s] -- Up-to-date: /home/optimus/virtual/optimus/optimus_ws1_20240711/install/ssd_mobilenet_inference_msgs/include/ssd_mobilenet_inference_msgs/ssd_mobilenet_inference_msgs/msg/detail
[2.517s] -- Installing: /home/optimus/virtual/optimus/optimus_ws1_20240711/install/ssd_mobilenet_inference_msgs/include/ssd_mobilenet_inference_msgs/ssd_mobilenet_inference_msgs/msg/detail/inference_result__rosidl_typesupport_fastrtps_c.h
[2.518s] -- Installing: /home/optimus/virtual/optimus/optimus_ws1_20240711/install/ssd_mobilenet_inference_msgs/lib/libssd_mobilenet_inference_msgs__rosidl_typesupport_fastrtps_c.so
[2.518s] -- Set runtime path of "/home/optimus/virtual/optimus/optimus_ws1_20240711/install/ssd_mobilenet_inference_msgs/lib/libssd_mobilenet_inference_msgs__rosidl_typesupport_fastrtps_c.so" to ""
[2.518s] -- Up-to-date: /home/optimus/virtual/optimus/optimus_ws1_20240711/install/ssd_mobilenet_inference_msgs/include/ssd_mobilenet_inference_msgs/ssd_mobilenet_inference_msgs
[2.518s] -- Up-to-date: /home/optimus/virtual/optimus/optimus_ws1_20240711/install/ssd_mobilenet_inference_msgs/include/ssd_mobilenet_inference_msgs/ssd_mobilenet_inference_msgs/msg
[2.518s] -- Installing: /home/optimus/virtual/optimus/optimus_ws1_20240711/install/ssd_mobilenet_inference_msgs/include/ssd_mobilenet_inference_msgs/ssd_mobilenet_inference_msgs/msg/inference_result.hpp
[2.518s] -- Up-to-date: /home/optimus/virtual/optimus/optimus_ws1_20240711/install/ssd_mobilenet_inference_msgs/include/ssd_mobilenet_inference_msgs/ssd_mobilenet_inference_msgs/msg/detail
[2.518s] -- Installing: /home/optimus/virtual/optimus/optimus_ws1_20240711/install/ssd_mobilenet_inference_msgs/include/ssd_mobilenet_inference_msgs/ssd_mobilenet_inference_msgs/msg/detail/inference_result__builder.hpp
[2.518s] -- Installing: /home/optimus/virtual/optimus/optimus_ws1_20240711/install/ssd_mobilenet_inference_msgs/include/ssd_mobilenet_inference_msgs/ssd_mobilenet_inference_msgs/msg/detail/inference_result__struct.hpp
[2.518s] -- Installing: /home/optimus/virtual/optimus/optimus_ws1_20240711/install/ssd_mobilenet_inference_msgs/include/ssd_mobilenet_inference_msgs/ssd_mobilenet_inference_msgs/msg/detail/inference_result__traits.hpp
[2.519s] -- Up-to-date: /home/optimus/virtual/optimus/optimus_ws1_20240711/install/ssd_mobilenet_inference_msgs/include/ssd_mobilenet_inference_msgs/ssd_mobilenet_inference_msgs
[2.519s] -- Up-to-date: /home/optimus/virtual/optimus/optimus_ws1_20240711/install/ssd_mobilenet_inference_msgs/include/ssd_mobilenet_inference_msgs/ssd_mobilenet_inference_msgs/msg
[2.519s] -- Installing: /home/optimus/virtual/optimus/optimus_ws1_20240711/install/ssd_mobilenet_inference_msgs/include/ssd_mobilenet_inference_msgs/ssd_mobilenet_inference_msgs/msg/rosidl_typesupport_fastrtps_cpp__visibility_control.h
[2.519s] -- Up-to-date: /home/optimus/virtual/optimus/optimus_ws1_20240711/install/ssd_mobilenet_inference_msgs/include/ssd_mobilenet_inference_msgs/ssd_mobilenet_inference_msgs/msg/detail
[2.519s] -- Installing: /home/optimus/virtual/optimus/optimus_ws1_20240711/install/ssd_mobilenet_inference_msgs/include/ssd_mobilenet_inference_msgs/ssd_mobilenet_inference_msgs/msg/detail/dds_fastrtps
[2.519s] -- Installing: /home/optimus/virtual/optimus/optimus_ws1_20240711/install/ssd_mobilenet_inference_msgs/include/ssd_mobilenet_inference_msgs/ssd_mobilenet_inference_msgs/msg/detail/inference_result__rosidl_typesupport_fastrtps_cpp.hpp
[2.519s] -- Installing: /home/optimus/virtual/optimus/optimus_ws1_20240711/install/ssd_mobilenet_inference_msgs/lib/libssd_mobilenet_inference_msgs__rosidl_typesupport_fastrtps_cpp.so
[2.519s] -- Set runtime path of "/home/optimus/virtual/optimus/optimus_ws1_20240711/install/ssd_mobilenet_inference_msgs/lib/libssd_mobilenet_inference_msgs__rosidl_typesupport_fastrtps_cpp.so" to ""
[2.519s] -- Up-to-date: /home/optimus/virtual/optimus/optimus_ws1_20240711/install/ssd_mobilenet_inference_msgs/include/ssd_mobilenet_inference_msgs/ssd_mobilenet_inference_msgs
[2.519s] -- Up-to-date: /home/optimus/virtual/optimus/optimus_ws1_20240711/install/ssd_mobilenet_inference_msgs/include/ssd_mobilenet_inference_msgs/ssd_mobilenet_inference_msgs/msg
[2.520s] -- Up-to-date: /home/optimus/virtual/optimus/optimus_ws1_20240711/install/ssd_mobilenet_inference_msgs/include/ssd_mobilenet_inference_msgs/ssd_mobilenet_inference_msgs/msg/detail
[2.520s] -- Installing: /home/optimus/virtual/optimus/optimus_ws1_20240711/install/ssd_mobilenet_inference_msgs/include/ssd_mobilenet_inference_msgs/ssd_mobilenet_inference_msgs/msg/detail/inference_result__rosidl_typesupport_introspection_c.h
[2.520s] -- Installing: /home/optimus/virtual/optimus/optimus_ws1_20240711/install/ssd_mobilenet_inference_msgs/include/ssd_mobilenet_inference_msgs/ssd_mobilenet_inference_msgs/msg/detail/inference_result__type_support.c
[2.520s] -- Installing: /home/optimus/virtual/optimus/optimus_ws1_20240711/install/ssd_mobilenet_inference_msgs/include/ssd_mobilenet_inference_msgs/ssd_mobilenet_inference_msgs/msg/rosidl_typesupport_introspection_c__visibility_control.h
[2.520s] -- Installing: /home/optimus/virtual/optimus/optimus_ws1_20240711/install/ssd_mobilenet_inference_msgs/lib/libssd_mobilenet_inference_msgs__rosidl_typesupport_introspection_c.so
[2.520s] -- Set runtime path of "/home/optimus/virtual/optimus/optimus_ws1_20240711/install/ssd_mobilenet_inference_msgs/lib/libssd_mobilenet_inference_msgs__rosidl_typesupport_introspection_c.so" to ""
[2.520s] -- Installing: /home/optimus/virtual/optimus/optimus_ws1_20240711/install/ssd_mobilenet_inference_msgs/lib/libssd_mobilenet_inference_msgs__rosidl_typesupport_c.so
[2.520s] -- Set runtime path of "/home/optimus/virtual/optimus/optimus_ws1_20240711/install/ssd_mobilenet_inference_msgs/lib/libssd_mobilenet_inference_msgs__rosidl_typesupport_c.so" to ""
[2.520s] -- Up-to-date: /home/optimus/virtual/optimus/optimus_ws1_20240711/install/ssd_mobilenet_inference_msgs/include/ssd_mobilenet_inference_msgs/ssd_mobilenet_inference_msgs
[2.520s] -- Up-to-date: /home/optimus/virtual/optimus/optimus_ws1_20240711/install/ssd_mobilenet_inference_msgs/include/ssd_mobilenet_inference_msgs/ssd_mobilenet_inference_msgs/msg
[2.520s] -- Up-to-date: /home/optimus/virtual/optimus/optimus_ws1_20240711/install/ssd_mobilenet_inference_msgs/include/ssd_mobilenet_inference_msgs/ssd_mobilenet_inference_msgs/msg/detail
[2.520s] -- Installing: /home/optimus/virtual/optimus/optimus_ws1_20240711/install/ssd_mobilenet_inference_msgs/include/ssd_mobilenet_inference_msgs/ssd_mobilenet_inference_msgs/msg/detail/inference_result__rosidl_typesupport_introspection_cpp.hpp
[2.521s] -- Installing: /home/optimus/virtual/optimus/optimus_ws1_20240711/install/ssd_mobilenet_inference_msgs/include/ssd_mobilenet_inference_msgs/ssd_mobilenet_inference_msgs/msg/detail/inference_result__type_support.cpp
[2.521s] -- Installing: /home/optimus/virtual/optimus/optimus_ws1_20240711/install/ssd_mobilenet_inference_msgs/lib/libssd_mobilenet_inference_msgs__rosidl_typesupport_introspection_cpp.so
[2.521s] -- Set runtime path of "/home/optimus/virtual/optimus/optimus_ws1_20240711/install/ssd_mobilenet_inference_msgs/lib/libssd_mobilenet_inference_msgs__rosidl_typesupport_introspection_cpp.so" to ""
[2.521s] -- Installing: /home/optimus/virtual/optimus/optimus_ws1_20240711/install/ssd_mobilenet_inference_msgs/lib/libssd_mobilenet_inference_msgs__rosidl_typesupport_cpp.so
[2.521s] -- Set runtime path of "/home/optimus/virtual/optimus/optimus_ws1_20240711/install/ssd_mobilenet_inference_msgs/lib/libssd_mobilenet_inference_msgs__rosidl_typesupport_cpp.so" to ""
[2.521s] -- Installing: /home/optimus/virtual/optimus/optimus_ws1_20240711/install/ssd_mobilenet_inference_msgs/share/ssd_mobilenet_inference_msgs/environment/pythonpath.sh
[2.521s] -- Installing: /home/optimus/virtual/optimus/optimus_ws1_20240711/install/ssd_mobilenet_inference_msgs/share/ssd_mobilenet_inference_msgs/environment/pythonpath.dsv
[2.521s] -- Installing: /home/optimus/virtual/optimus/optimus_ws1_20240711/install/ssd_mobilenet_inference_msgs/local/lib/python3.10/dist-packages/ssd_mobilenet_inference_msgs-0.0.0-py3.10.egg-info
[2.521s] -- Installing: /home/optimus/virtual/optimus/optimus_ws1_20240711/install/ssd_mobilenet_inference_msgs/local/lib/python3.10/dist-packages/ssd_mobilenet_inference_msgs-0.0.0-py3.10.egg-info/top_level.txt
[2.521s] -- Installing: /home/optimus/virtual/optimus/optimus_ws1_20240711/install/ssd_mobilenet_inference_msgs/local/lib/python3.10/dist-packages/ssd_mobilenet_inference_msgs-0.0.0-py3.10.egg-info/PKG-INFO
[2.521s] -- Installing: /home/optimus/virtual/optimus/optimus_ws1_20240711/install/ssd_mobilenet_inference_msgs/local/lib/python3.10/dist-packages/ssd_mobilenet_inference_msgs-0.0.0-py3.10.egg-info/SOURCES.txt
[2.521s] -- Installing: /home/optimus/virtual/optimus/optimus_ws1_20240711/install/ssd_mobilenet_inference_msgs/local/lib/python3.10/dist-packages/ssd_mobilenet_inference_msgs-0.0.0-py3.10.egg-info/dependency_links.txt
[2.522s] -- Installing: /home/optimus/virtual/optimus/optimus_ws1_20240711/install/ssd_mobilenet_inference_msgs/local/lib/python3.10/dist-packages/ssd_mobilenet_inference_msgs
[2.522s] -- Installing: /home/optimus/virtual/optimus/optimus_ws1_20240711/install/ssd_mobilenet_inference_msgs/local/lib/python3.10/dist-packages/ssd_mobilenet_inference_msgs/ssd_mobilenet_inference_msgs_s__rosidl_typesupport_c.cpython-310-x86_64-linux-gnu.so
[2.522s] -- Installing: /home/optimus/virtual/optimus/optimus_ws1_20240711/install/ssd_mobilenet_inference_msgs/local/lib/python3.10/dist-packages/ssd_mobilenet_inference_msgs/_ssd_mobilenet_inference_msgs_s.ep.rosidl_typesupport_introspection_c.c
[2.522s] -- Installing: /home/optimus/virtual/optimus/optimus_ws1_20240711/install/ssd_mobilenet_inference_msgs/local/lib/python3.10/dist-packages/ssd_mobilenet_inference_msgs/__init__.py
[2.522s] -- Installing: /home/optimus/virtual/optimus/optimus_ws1_20240711/install/ssd_mobilenet_inference_msgs/local/lib/python3.10/dist-packages/ssd_mobilenet_inference_msgs/ssd_mobilenet_inference_msgs_s__rosidl_typesupport_introspection_c.cpython-310-x86_64-linux-gnu.so
[2.522s] -- Installing: /home/optimus/virtual/optimus/optimus_ws1_20240711/install/ssd_mobilenet_inference_msgs/local/lib/python3.10/dist-packages/ssd_mobilenet_inference_msgs/_ssd_mobilenet_inference_msgs_s.ep.rosidl_typesupport_fastrtps_c.c
[2.522s] -- Installing: /home/optimus/virtual/optimus/optimus_ws1_20240711/install/ssd_mobilenet_inference_msgs/local/lib/python3.10/dist-packages/ssd_mobilenet_inference_msgs/msg
[2.522s] -- Installing: /home/optimus/virtual/optimus/optimus_ws1_20240711/install/ssd_mobilenet_inference_msgs/local/lib/python3.10/dist-packages/ssd_mobilenet_inference_msgs/msg/__init__.py
[2.522s] -- Installing: /home/optimus/virtual/optimus/optimus_ws1_20240711/install/ssd_mobilenet_inference_msgs/local/lib/python3.10/dist-packages/ssd_mobilenet_inference_msgs/msg/_inference_result_s.c
[2.522s] -- Installing: /home/optimus/virtual/optimus/optimus_ws1_20240711/install/ssd_mobilenet_inference_msgs/local/lib/python3.10/dist-packages/ssd_mobilenet_inference_msgs/msg/_inference_result.py
[2.523s] -- Installing: /home/optimus/virtual/optimus/optimus_ws1_20240711/install/ssd_mobilenet_inference_msgs/local/lib/python3.10/dist-packages/ssd_mobilenet_inference_msgs/ssd_mobilenet_inference_msgs_s__rosidl_typesupport_fastrtps_c.cpython-310-x86_64-linux-gnu.so
[2.523s] -- Installing: /home/optimus/virtual/optimus/optimus_ws1_20240711/install/ssd_mobilenet_inference_msgs/local/lib/python3.10/dist-packages/ssd_mobilenet_inference_msgs/libssd_mobilenet_inference_msgs__rosidl_generator_py.so
[2.523s] -- Installing: /home/optimus/virtual/optimus/optimus_ws1_20240711/install/ssd_mobilenet_inference_msgs/local/lib/python3.10/dist-packages/ssd_mobilenet_inference_msgs/_ssd_mobilenet_inference_msgs_s.ep.rosidl_typesupport_c.c
[2.542s] Listing '/home/optimus/virtual/optimus/optimus_ws1_20240711/install/ssd_mobilenet_inference_msgs/local/lib/python3.10/dist-packages/ssd_mobilenet_inference_msgs'...
[2.542s] Compiling '/home/optimus/virtual/optimus/optimus_ws1_20240711/install/ssd_mobilenet_inference_msgs/local/lib/python3.10/dist-packages/ssd_mobilenet_inference_msgs/__init__.py'...
[2.542s] Listing '/home/optimus/virtual/optimus/optimus_ws1_20240711/install/ssd_mobilenet_inference_msgs/local/lib/python3.10/dist-packages/ssd_mobilenet_inference_msgs/msg'...
[2.542s] Compiling '/home/optimus/virtual/optimus/optimus_ws1_20240711/install/ssd_mobilenet_inference_msgs/local/lib/python3.10/dist-packages/ssd_mobilenet_inference_msgs/msg/__init__.py'...
[2.542s] Compiling '/home/optimus/virtual/optimus/optimus_ws1_20240711/install/ssd_mobilenet_inference_msgs/local/lib/python3.10/dist-packages/ssd_mobilenet_inference_msgs/msg/_inference_result.py'...
[2.545s] -- Installing: /home/optimus/virtual/optimus/optimus_ws1_20240711/install/ssd_mobilenet_inference_msgs/local/lib/python3.10/dist-packages/ssd_mobilenet_inference_msgs/ssd_mobilenet_inference_msgs_s__rosidl_typesupport_fastrtps_c.cpython-310-x86_64-linux-gnu.so
[2.545s] -- Set runtime path of "/home/optimus/virtual/optimus/optimus_ws1_20240711/install/ssd_mobilenet_inference_msgs/local/lib/python3.10/dist-packages/ssd_mobilenet_inference_msgs/ssd_mobilenet_inference_msgs_s__rosidl_typesupport_fastrtps_c.cpython-310-x86_64-linux-gnu.so" to ""
[2.545s] -- Installing: /home/optimus/virtual/optimus/optimus_ws1_20240711/install/ssd_mobilenet_inference_msgs/local/lib/python3.10/dist-packages/ssd_mobilenet_inference_msgs/ssd_mobilenet_inference_msgs_s__rosidl_typesupport_introspection_c.cpython-310-x86_64-linux-gnu.so
[2.545s] -- Set runtime path of "/home/optimus/virtual/optimus/optimus_ws1_20240711/install/ssd_mobilenet_inference_msgs/local/lib/python3.10/dist-packages/ssd_mobilenet_inference_msgs/ssd_mobilenet_inference_msgs_s__rosidl_typesupport_introspection_c.cpython-310-x86_64-linux-gnu.so" to ""
[2.546s] -- Installing: /home/optimus/virtual/optimus/optimus_ws1_20240711/install/ssd_mobilenet_inference_msgs/local/lib/python3.10/dist-packages/ssd_mobilenet_inference_msgs/ssd_mobilenet_inference_msgs_s__rosidl_typesupport_c.cpython-310-x86_64-linux-gnu.so
[2.546s] -- Set runtime path of "/home/optimus/virtual/optimus/optimus_ws1_20240711/install/ssd_mobilenet_inference_msgs/local/lib/python3.10/dist-packages/ssd_mobilenet_inference_msgs/ssd_mobilenet_inference_msgs_s__rosidl_typesupport_c.cpython-310-x86_64-linux-gnu.so" to ""
[2.546s] -- Installing: /home/optimus/virtual/optimus/optimus_ws1_20240711/install/ssd_mobilenet_inference_msgs/lib/libssd_mobilenet_inference_msgs__rosidl_generator_py.so
[2.546s] -- Set runtime path of "/home/optimus/virtual/optimus/optimus_ws1_20240711/install/ssd_mobilenet_inference_msgs/lib/libssd_mobilenet_inference_msgs__rosidl_generator_py.so" to ""
[2.546s] -- Installing: /home/optimus/virtual/optimus/optimus_ws1_20240711/install/ssd_mobilenet_inference_msgs/share/ssd_mobilenet_inference_msgs/msg/InferenceResult.idl
[2.546s] -- Installing: /home/optimus/virtual/optimus/optimus_ws1_20240711/install/ssd_mobilenet_inference_msgs/share/ssd_mobilenet_inference_msgs/msg/InferenceResult.msg
[2.546s] -- Installing: /home/optimus/virtual/optimus/optimus_ws1_20240711/install/ssd_mobilenet_inference_msgs/share/ament_index/resource_index/package_run_dependencies/ssd_mobilenet_inference_msgs
[2.547s] -- Installing: /home/optimus/virtual/optimus/optimus_ws1_20240711/install/ssd_mobilenet_inference_msgs/share/ament_index/resource_index/parent_prefix_path/ssd_mobilenet_inference_msgs
[2.547s] -- Installing: /home/optimus/virtual/optimus/optimus_ws1_20240711/install/ssd_mobilenet_inference_msgs/share/ssd_mobilenet_inference_msgs/environment/ament_prefix_path.sh
[2.547s] -- Installing: /home/optimus/virtual/optimus/optimus_ws1_20240711/install/ssd_mobilenet_inference_msgs/share/ssd_mobilenet_inference_msgs/environment/ament_prefix_path.dsv
[2.547s] -- Installing: /home/optimus/virtual/optimus/optimus_ws1_20240711/install/ssd_mobilenet_inference_msgs/share/ssd_mobilenet_inference_msgs/environment/path.sh
[2.547s] -- Installing: /home/optimus/virtual/optimus/optimus_ws1_20240711/install/ssd_mobilenet_inference_msgs/share/ssd_mobilenet_inference_msgs/environment/path.dsv
[2.547s] -- Installing: /home/optimus/virtual/optimus/optimus_ws1_20240711/install/ssd_mobilenet_inference_msgs/share/ssd_mobilenet_inference_msgs/local_setup.bash
[2.547s] -- Installing: /home/optimus/virtual/optimus/optimus_ws1_20240711/install/ssd_mobilenet_inference_msgs/share/ssd_mobilenet_inference_msgs/local_setup.sh
[2.547s] -- Installing: /home/optimus/virtual/optimus/optimus_ws1_20240711/install/ssd_mobilenet_inference_msgs/share/ssd_mobilenet_inference_msgs/local_setup.zsh
[2.547s] -- Installing: /home/optimus/virtual/optimus/optimus_ws1_20240711/install/ssd_mobilenet_inference_msgs/share/ssd_mobilenet_inference_msgs/local_setup.dsv
[2.547s] -- Installing: /home/optimus/virtual/optimus/optimus_ws1_20240711/install/ssd_mobilenet_inference_msgs/share/ssd_mobilenet_inference_msgs/package.dsv
[2.548s] -- Installing: /home/optimus/virtual/optimus/optimus_ws1_20240711/install/ssd_mobilenet_inference_msgs/share/ament_index/resource_index/packages/ssd_mobilenet_inference_msgs
[2.548s] -- Installing: /home/optimus/virtual/optimus/optimus_ws1_20240711/install/ssd_mobilenet_inference_msgs/share/ssd_mobilenet_inference_msgs/cmake/export_ssd_mobilenet_inference_msgs__rosidl_generator_cExport.cmake
[2.548s] -- Installing: /home/optimus/virtual/optimus/optimus_ws1_20240711/install/ssd_mobilenet_inference_msgs/share/ssd_mobilenet_inference_msgs/cmake/export_ssd_mobilenet_inference_msgs__rosidl_generator_cExport-noconfig.cmake
[2.548s] -- Installing: /home/optimus/virtual/optimus/optimus_ws1_20240711/install/ssd_mobilenet_inference_msgs/share/ssd_mobilenet_inference_msgs/cmake/export_ssd_mobilenet_inference_msgs__rosidl_typesupport_fastrtps_cExport.cmake
[2.548s] -- Installing: /home/optimus/virtual/optimus/optimus_ws1_20240711/install/ssd_mobilenet_inference_msgs/share/ssd_mobilenet_inference_msgs/cmake/export_ssd_mobilenet_inference_msgs__rosidl_typesupport_fastrtps_cExport-noconfig.cmake
[2.548s] -- Installing: /home/optimus/virtual/optimus/optimus_ws1_20240711/install/ssd_mobilenet_inference_msgs/share/ssd_mobilenet_inference_msgs/cmake/export_ssd_mobilenet_inference_msgs__rosidl_generator_cppExport.cmake
[2.548s] -- Installing: /home/optimus/virtual/optimus/optimus_ws1_20240711/install/ssd_mobilenet_inference_msgs/share/ssd_mobilenet_inference_msgs/cmake/export_ssd_mobilenet_inference_msgs__rosidl_typesupport_fastrtps_cppExport.cmake
[2.548s] -- Installing: /home/optimus/virtual/optimus/optimus_ws1_20240711/install/ssd_mobilenet_inference_msgs/share/ssd_mobilenet_inference_msgs/cmake/export_ssd_mobilenet_inference_msgs__rosidl_typesupport_fastrtps_cppExport-noconfig.cmake
[2.548s] -- Installing: /home/optimus/virtual/optimus/optimus_ws1_20240711/install/ssd_mobilenet_inference_msgs/share/ssd_mobilenet_inference_msgs/cmake/ssd_mobilenet_inference_msgs__rosidl_typesupport_introspection_cExport.cmake
[2.548s] -- Installing: /home/optimus/virtual/optimus/optimus_ws1_20240711/install/ssd_mobilenet_inference_msgs/share/ssd_mobilenet_inference_msgs/cmake/ssd_mobilenet_inference_msgs__rosidl_typesupport_introspection_cExport-noconfig.cmake
[2.549s] -- Installing: /home/optimus/virtual/optimus/optimus_ws1_20240711/install/ssd_mobilenet_inference_msgs/share/ssd_mobilenet_inference_msgs/cmake/ssd_mobilenet_inference_msgs__rosidl_typesupport_cExport.cmake
[2.549s] -- Installing: /home/optimus/virtual/optimus/optimus_ws1_20240711/install/ssd_mobilenet_inference_msgs/share/ssd_mobilenet_inference_msgs/cmake/ssd_mobilenet_inference_msgs__rosidl_typesupport_cExport-noconfig.cmake
[2.549s] -- Installing: /home/optimus/virtual/optimus/optimus_ws1_20240711/install/ssd_mobilenet_inference_msgs/share/ssd_mobilenet_inference_msgs/cmake/ssd_mobilenet_inference_msgs__rosidl_typesupport_introspection_cppExport.cmake
[2.549s] -- Installing: /home/optimus/virtual/optimus/optimus_ws1_20240711/install/ssd_mobilenet_inference_msgs/share/ssd_mobilenet_inference_msgs/cmake/ssd_mobilenet_inference_msgs__rosidl_typesupport_introspection_cppExport-noconfig.cmake
[2.549s] -- Installing: /home/optimus/virtual/optimus/optimus_ws1_20240711/install/ssd_mobilenet_inference_msgs/share/ssd_mobilenet_inference_msgs/cmake/ssd_mobilenet_inference_msgs__rosidl_typesupport_cppExport.cmake
[2.549s] -- Installing: /home/optimus/virtual/optimus/optimus_ws1_20240711/install/ssd_mobilenet_inference_msgs/share/ssd_mobilenet_inference_msgs/cmake/ssd_mobilenet_inference_msgs__rosidl_typesupport_cppExport-noconfig.cmake
[2.549s] -- Installing: /home/optimus/virtual/optimus/optimus_ws1_20240711/install/ssd_mobilenet_inference_msgs/share/ssd_mobilenet_inference_msgs/cmake/export_ssd_mobilenet_inference_msgs__rosidl_generator_pyExport.cmake
[2.549s] -- Installing: /home/optimus/virtual/optimus/optimus_ws1_20240711/install/ssd_mobilenet_inference_msgs/share/ssd_mobilenet_inference_msgs/cmake/export_ssd_mobilenet_inference_msgs__rosidl_generator_pyExport-noconfig.cmake
[2.549s] -- Installing: /home/optimus/virtual/optimus/optimus_ws1_20240711/install/ssd_mobilenet_inference_msgs/share/ssd_mobilenet_inference_msgs/cmake/rosidl_cmake-extras.cmake
[2.549s] -- Installing: /home/optimus/virtual/optimus/optimus_ws1_20240711/install/ssd_mobilenet_inference_msgs/share/ssd_mobilenet_inference_msgs/cmake/ament_cmake_export_include_directories-extras.cmake
[2.549s] -- Installing: /home/optimus/virtual/optimus/optimus_ws1_20240711/install/ssd_mobilenet_inference_msgs/share/ssd_mobilenet_inference_msgs/cmake/ament_cmake_export_libraries-extras.cmake
[2.550s] -- Installing: /home/optimus/virtual/optimus/optimus_ws1_20240711/install/ssd_mobilenet_inference_msgs/share/ssd_mobilenet_inference_msgs/cmake/ament_cmake_export_targets-extras.cmake
[2.550s] -- Installing: /home/optimus/virtual/optimus/optimus_ws1_20240711/install/ssd_mobilenet_inference_msgs/share/ssd_mobilenet_inference_msgs/cmake/rosidl_cmake_export_typesupport_targets-extras.cmake
[2.550s] -- Installing: /home/optimus/virtual/optimus/optimus_ws1_20240711/install/ssd_mobilenet_inference_msgs/share/ssd_mobilenet_inference_msgs/cmake/ament_cmake_export_dependencies-extras.cmake
[2.550s] -- Installing: /home/optimus/virtual/optimus/optimus_ws1_20240711/install/ssd_mobilenet_inference_msgs/share/ssd_mobilenet_inference_msgs/cmake/rosidl_cmake_export_typesupport_libraries-extras.cmake
[2.550s] -- Installing: /home/optimus/virtual/optimus/optimus_ws1_20240711/install/ssd_mobilenet_inference_msgs/share/ssd_mobilenet_inference_msgs/cmake/ssd_mobilenet_inference_msgsConfig.cmake
[2.550s] -- Installing: /home/optimus/virtual/optimus/optimus_ws1_20240711/install/ssd_mobilenet_inference_msgs/share/ssd_mobilenet_inference_msgs/cmake/ssd_mobilenet_inference_msgsConfig-version.cmake
[2.551s] -- Installing: /home/optimus/virtual/optimus/optimus_ws1_20240711/install/ssd_mobilenet_inference_msgs/share/ssd_mobilenet_inference_msgs/package.xml
[2.551s] Invoked command in '/home/optimus/virtual/optimus/optimus_ws1_20240711/build/ssd_mobilenet_inference_msgs' returned '0': CMAKE_PREFIX_PATH=/opt/ros/humble /usr/bin/cmake --install /home/optimus/virtual/optimus/optimus_ws1_20240711/build/ssd_mobilenet_inference_msgs
