running egg_info
writing ../../build/optimus_vision0/optimus_vision0.egg-info/PKG-INFO
writing dependency_links to ../../build/optimus_vision0/optimus_vision0.egg-info/dependency_links.txt
writing entry points to ../../build/optimus_vision0/optimus_vision0.egg-info/entry_points.txt
writing requirements to ../../build/optimus_vision0/optimus_vision0.egg-info/requires.txt
writing top-level names to ../../build/optimus_vision0/optimus_vision0.egg-info/top_level.txt
package init file 'optimus_vision0/util/__init__.py' not found (or not a regular file)
reading manifest file '../../build/optimus_vision0/optimus_vision0.egg-info/SOURCES.txt'
writing manifest file '../../build/optimus_vision0/optimus_vision0.egg-info/SOURCES.txt'
running build
running build_py
copying optimus_vision0/streaming_node.py -> /data/optimus_ws1/build/optimus_vision0/build/lib/optimus_vision0
running install
running install_lib
copying /data/optimus_ws1/build/optimus_vision0/build/lib/optimus_vision0/streaming_node.py -> /data/optimus_ws1/install/optimus_vision0/lib/python3.8/site-packages/optimus_vision0
byte-compiling /data/optimus_ws1/install/optimus_vision0/lib/python3.8/site-packages/optimus_vision0/streaming_node.py to streaming_node.cpython-38.pyc
running install_data
running install_egg_info
removing '/data/optimus_ws1/install/optimus_vision0/lib/python3.8/site-packages/optimus_vision0-0.0.0-py3.8.egg-info' (and everything under it)
Copying ../../build/optimus_vision0/optimus_vision0.egg-info to /data/optimus_ws1/install/optimus_vision0/lib/python3.8/site-packages/optimus_vision0-0.0.0-py3.8.egg-info
running install_scripts
Installing publication_node script to /data/optimus_ws1/install/optimus_vision0/lib/optimus_vision0
Installing streaming_node script to /data/optimus_ws1/install/optimus_vision0/lib/optimus_vision0
writing list of installed files to '/data/optimus_ws1/build/optimus_vision0/install.log'
