[1.312s] Invoking command in '/data/optimus_ws1/src/optimus_vision0': PS1=(env) \[\e]0;\u@\h: \w\a\]${debian_chroot:+($debian_chroot)}\u@\h:\w\$ PYTHONPATH=/data/optimus_ws1/build/optimus_vision0/prefix_override:/data/optimus_ws1/install/optimus_vision0/lib/python3.8/site-packages:${PYTHONPATH} /usr/bin/python3 setup.py egg_info --egg-base ../../build/optimus_vision0 build --build-base /data/optimus_ws1/build/optimus_vision0/build install --record /data/optimus_ws1/build/optimus_vision0/install.log --single-version-externally-managed
[1.679s] running egg_info
[1.682s] writing ../../build/optimus_vision0/optimus_vision0.egg-info/PKG-INFO
[1.683s] writing dependency_links to ../../build/optimus_vision0/optimus_vision0.egg-info/dependency_links.txt
[1.684s] writing entry points to ../../build/optimus_vision0/optimus_vision0.egg-info/entry_points.txt
[1.685s] writing requirements to ../../build/optimus_vision0/optimus_vision0.egg-info/requires.txt
[1.685s] writing top-level names to ../../build/optimus_vision0/optimus_vision0.egg-info/top_level.txt
[1.730s] package init file 'optimus_vision0/util/__init__.py' not found (or not a regular file)
[1.731s] reading manifest file '../../build/optimus_vision0/optimus_vision0.egg-info/SOURCES.txt'
[1.732s] writing manifest file '../../build/optimus_vision0/optimus_vision0.egg-info/SOURCES.txt'
[1.732s] running build
[1.732s] running build_py
[1.732s] copying optimus_vision0/streaming_node.py -> /data/optimus_ws1/build/optimus_vision0/build/lib/optimus_vision0
[1.734s] running install
[1.735s] running install_lib
[1.737s] copying /data/optimus_ws1/build/optimus_vision0/build/lib/optimus_vision0/streaming_node.py -> /data/optimus_ws1/install/optimus_vision0/lib/python3.8/site-packages/optimus_vision0
[1.739s] byte-compiling /data/optimus_ws1/install/optimus_vision0/lib/python3.8/site-packages/optimus_vision0/streaming_node.py to streaming_node.cpython-38.pyc
[1.744s] running install_data
[1.746s] running install_egg_info
[1.749s] removing '/data/optimus_ws1/install/optimus_vision0/lib/python3.8/site-packages/optimus_vision0-0.0.0-py3.8.egg-info' (and everything under it)
[1.749s] Copying ../../build/optimus_vision0/optimus_vision0.egg-info to /data/optimus_ws1/install/optimus_vision0/lib/python3.8/site-packages/optimus_vision0-0.0.0-py3.8.egg-info
[1.751s] running install_scripts
[1.784s] Installing publication_node script to /data/optimus_ws1/install/optimus_vision0/lib/optimus_vision0
[1.784s] Installing streaming_node script to /data/optimus_ws1/install/optimus_vision0/lib/optimus_vision0
[1.785s] writing list of installed files to '/data/optimus_ws1/build/optimus_vision0/install.log'
[1.854s] Invoked command in '/data/optimus_ws1/src/optimus_vision0' returned '0': PS1=(env) \[\e]0;\u@\h: \w\a\]${debian_chroot:+($debian_chroot)}\u@\h:\w\$ PYTHONPATH=/data/optimus_ws1/build/optimus_vision0/prefix_override:/data/optimus_ws1/install/optimus_vision0/lib/python3.8/site-packages:${PYTHONPATH} /usr/bin/python3 setup.py egg_info --egg-base ../../build/optimus_vision0 build --build-base /data/optimus_ws1/build/optimus_vision0/build install --record /data/optimus_ws1/build/optimus_vision0/install.log --single-version-externally-managed
