[0.545s] DEBUG:colcon:Command line arguments: ['/usr/bin/colcon', 'build']
[0.545s] DEBUG:colcon:Parsed command line arguments: Namespace(ament_cmake_args=None, base_paths=['.'], build_base='build', catkin_cmake_args=None, catkin_skip_building_tests=False, cmake_args=None, cmake_clean_cache=False, cmake_clean_first=False, cmake_force_configure=False, cmake_target=None, cmake_target_skip_unavailable=False, continue_on_error=False, event_handlers=None, executor='parallel', ignore_user_meta=False, install_base='install', log_base=None, log_level=None, main=<bound method BuildVerb.main of <colcon_core.verb.build.BuildVerb object at 0xffff804f4b50>>, merge_install=False, metas=['./colcon.meta'], packages_above=None, packages_above_and_dependencies=None, packages_above_depth=None, packages_end=None, packages_ignore=None, packages_ignore_regex=None, packages_select=None, packages_select_build_failed=False, packages_select_by_dep=None, packages_select_regex=None, packages_select_test_failures=False, packages_skip=None, packages_skip_build_finished=False, packages_skip_by_dep=None, packages_skip_regex=None, packages_skip_test_passed=False, packages_skip_up_to=None, packages_start=None, packages_up_to=None, packages_up_to_regex=None, parallel_workers=8, paths=None, symlink_install=False, test_result_base=None, verb_extension=<colcon_core.verb.build.BuildVerb object at 0xffff804f4b50>, verb_name='build', verb_parser=<colcon_defaults.argument_parser.defaults.DefaultArgumentsDecorator object at 0xffff80502100>)
[0.597s] Level 1:colcon.colcon_core.package_discovery:discover_packages(colcon_meta) check parameters
[0.597s] Level 1:colcon.colcon_core.package_discovery:discover_packages(recursive) check parameters
[0.597s] Level 1:colcon.colcon_core.package_discovery:discover_packages(ignore) check parameters
[0.597s] Level 1:colcon.colcon_core.package_discovery:discover_packages(path) check parameters
[0.597s] Level 1:colcon.colcon_core.package_discovery:discover_packages(colcon_meta) discover
[0.598s] Level 1:colcon.colcon_core.package_discovery:discover_packages(recursive) discover
[0.598s] INFO:colcon.colcon_core.package_discovery:Crawling recursively for packages in '/data/optimus_ws1'
[0.598s] Level 1:colcon.colcon_core.package_identification:_identify(.) by extensions ['ignore', 'ignore_ament_install']
[0.598s] Level 1:colcon.colcon_core.package_identification:_identify(.) by extension 'ignore'
[0.598s] Level 1:colcon.colcon_core.package_identification:_identify(.) by extension 'ignore_ament_install'
[0.598s] Level 1:colcon.colcon_core.package_identification:_identify(.) by extensions ['colcon_pkg']
[0.598s] Level 1:colcon.colcon_core.package_identification:_identify(.) by extension 'colcon_pkg'
[0.598s] Level 1:colcon.colcon_core.package_identification:_identify(.) by extensions ['colcon_meta']
[0.598s] Level 1:colcon.colcon_core.package_identification:_identify(.) by extension 'colcon_meta'
[0.599s] Level 1:colcon.colcon_core.package_identification:_identify(.) by extensions ['ros']
[0.599s] Level 1:colcon.colcon_core.package_identification:_identify(.) by extension 'ros'
[0.640s] Level 1:colcon.colcon_core.package_identification:_identify(.) by extensions ['cmake', 'python']
[0.641s] Level 1:colcon.colcon_core.package_identification:_identify(.) by extension 'cmake'
[0.641s] Level 1:colcon.colcon_core.package_identification:_identify(.) by extension 'python'
[0.641s] Level 1:colcon.colcon_core.package_identification:_identify(.) by extensions ['python_setup_py']
[0.641s] Level 1:colcon.colcon_core.package_identification:_identify(.) by extension 'python_setup_py'
[0.641s] Level 1:colcon.colcon_core.package_identification:_identify(build) by extensions ['ignore', 'ignore_ament_install']
[0.641s] Level 1:colcon.colcon_core.package_identification:_identify(build) by extension 'ignore'
[0.642s] Level 1:colcon.colcon_core.package_identification:_identify(build) ignored
[0.642s] Level 1:colcon.colcon_core.package_identification:_identify(install) by extensions ['ignore', 'ignore_ament_install']
[0.642s] Level 1:colcon.colcon_core.package_identification:_identify(install) by extension 'ignore'
[0.642s] Level 1:colcon.colcon_core.package_identification:_identify(install) ignored
[0.642s] Level 1:colcon.colcon_core.package_identification:_identify(log) by extensions ['ignore', 'ignore_ament_install']
[0.642s] Level 1:colcon.colcon_core.package_identification:_identify(log) by extension 'ignore'
[0.642s] Level 1:colcon.colcon_core.package_identification:_identify(log) ignored
[0.643s] Level 1:colcon.colcon_core.package_identification:_identify(src) by extensions ['ignore', 'ignore_ament_install']
[0.643s] Level 1:colcon.colcon_core.package_identification:_identify(src) by extension 'ignore'
[0.643s] Level 1:colcon.colcon_core.package_identification:_identify(src) by extension 'ignore_ament_install'
[0.643s] Level 1:colcon.colcon_core.package_identification:_identify(src) by extensions ['colcon_pkg']
[0.643s] Level 1:colcon.colcon_core.package_identification:_identify(src) by extension 'colcon_pkg'
[0.643s] Level 1:colcon.colcon_core.package_identification:_identify(src) by extensions ['colcon_meta']
[0.643s] Level 1:colcon.colcon_core.package_identification:_identify(src) by extension 'colcon_meta'
[0.643s] Level 1:colcon.colcon_core.package_identification:_identify(src) by extensions ['ros']
[0.643s] Level 1:colcon.colcon_core.package_identification:_identify(src) by extension 'ros'
[0.643s] Level 1:colcon.colcon_core.package_identification:_identify(src) by extensions ['cmake', 'python']
[0.643s] Level 1:colcon.colcon_core.package_identification:_identify(src) by extension 'cmake'
[0.643s] Level 1:colcon.colcon_core.package_identification:_identify(src) by extension 'python'
[0.643s] Level 1:colcon.colcon_core.package_identification:_identify(src) by extensions ['python_setup_py']
[0.644s] Level 1:colcon.colcon_core.package_identification:_identify(src) by extension 'python_setup_py'
[0.644s] Level 1:colcon.colcon_core.package_identification:_identify(src/__pycache__) by extensions ['ignore', 'ignore_ament_install']
[0.644s] Level 1:colcon.colcon_core.package_identification:_identify(src/__pycache__) by extension 'ignore'
[0.644s] Level 1:colcon.colcon_core.package_identification:_identify(src/__pycache__) by extension 'ignore_ament_install'
[0.644s] Level 1:colcon.colcon_core.package_identification:_identify(src/__pycache__) by extensions ['colcon_pkg']
[0.644s] Level 1:colcon.colcon_core.package_identification:_identify(src/__pycache__) by extension 'colcon_pkg'
[0.644s] Level 1:colcon.colcon_core.package_identification:_identify(src/__pycache__) by extensions ['colcon_meta']
[0.644s] Level 1:colcon.colcon_core.package_identification:_identify(src/__pycache__) by extension 'colcon_meta'
[0.644s] Level 1:colcon.colcon_core.package_identification:_identify(src/__pycache__) by extensions ['ros']
[0.644s] Level 1:colcon.colcon_core.package_identification:_identify(src/__pycache__) by extension 'ros'
[0.644s] Level 1:colcon.colcon_core.package_identification:_identify(src/__pycache__) by extensions ['cmake', 'python']
[0.644s] Level 1:colcon.colcon_core.package_identification:_identify(src/__pycache__) by extension 'cmake'
[0.645s] Level 1:colcon.colcon_core.package_identification:_identify(src/__pycache__) by extension 'python'
[0.645s] Level 1:colcon.colcon_core.package_identification:_identify(src/__pycache__) by extensions ['python_setup_py']
[0.645s] Level 1:colcon.colcon_core.package_identification:_identify(src/__pycache__) by extension 'python_setup_py'
[0.645s] Level 1:colcon.colcon_core.package_identification:_identify(src/optimus_vision0) by extensions ['ignore', 'ignore_ament_install']
[0.645s] Level 1:colcon.colcon_core.package_identification:_identify(src/optimus_vision0) by extension 'ignore'
[0.645s] Level 1:colcon.colcon_core.package_identification:_identify(src/optimus_vision0) by extension 'ignore_ament_install'
[0.645s] Level 1:colcon.colcon_core.package_identification:_identify(src/optimus_vision0) by extensions ['colcon_pkg']
[0.645s] Level 1:colcon.colcon_core.package_identification:_identify(src/optimus_vision0) by extension 'colcon_pkg'
[0.645s] Level 1:colcon.colcon_core.package_identification:_identify(src/optimus_vision0) by extensions ['colcon_meta']
[0.645s] Level 1:colcon.colcon_core.package_identification:_identify(src/optimus_vision0) by extension 'colcon_meta'
[0.645s] Level 1:colcon.colcon_core.package_identification:_identify(src/optimus_vision0) by extensions ['ros']
[0.645s] Level 1:colcon.colcon_core.package_identification:_identify(src/optimus_vision0) by extension 'ros'
[0.650s] DEBUG:colcon.colcon_core.package_identification:Package 'src/optimus_vision0' with type 'ros.ament_python' and name 'optimus_vision0'
[0.650s] Level 1:colcon.colcon_core.package_identification:_identify(src/ssd_mobilenet_inference_msgs) by extensions ['ignore', 'ignore_ament_install']
[0.650s] Level 1:colcon.colcon_core.package_identification:_identify(src/ssd_mobilenet_inference_msgs) by extension 'ignore'
[0.650s] Level 1:colcon.colcon_core.package_identification:_identify(src/ssd_mobilenet_inference_msgs) by extension 'ignore_ament_install'
[0.650s] Level 1:colcon.colcon_core.package_identification:_identify(src/ssd_mobilenet_inference_msgs) by extensions ['colcon_pkg']
[0.650s] Level 1:colcon.colcon_core.package_identification:_identify(src/ssd_mobilenet_inference_msgs) by extension 'colcon_pkg'
[0.651s] Level 1:colcon.colcon_core.package_identification:_identify(src/ssd_mobilenet_inference_msgs) by extensions ['colcon_meta']
[0.651s] Level 1:colcon.colcon_core.package_identification:_identify(src/ssd_mobilenet_inference_msgs) by extension 'colcon_meta'
[0.651s] Level 1:colcon.colcon_core.package_identification:_identify(src/ssd_mobilenet_inference_msgs) by extensions ['ros']
[0.651s] Level 1:colcon.colcon_core.package_identification:_identify(src/ssd_mobilenet_inference_msgs) by extension 'ros'
[0.652s] DEBUG:colcon.colcon_core.package_identification:Package 'src/ssd_mobilenet_inference_msgs' with type 'ros.ament_cmake' and name 'ssd_mobilenet_inference_msgs'
[0.652s] Level 1:colcon.colcon_core.package_discovery:discover_packages(recursive) using defaults
[0.652s] Level 1:colcon.colcon_core.package_discovery:discover_packages(ignore) discover
[0.652s] Level 1:colcon.colcon_core.package_discovery:discover_packages(ignore) using defaults
[0.652s] Level 1:colcon.colcon_core.package_discovery:discover_packages(path) discover
[0.652s] Level 1:colcon.colcon_core.package_discovery:discover_packages(path) using defaults
[0.694s] Level 5:colcon.colcon_core.verb:set package 'optimus_vision0' build argument 'cmake_args' from command line to 'None'
[0.694s] Level 5:colcon.colcon_core.verb:set package 'optimus_vision0' build argument 'cmake_target' from command line to 'None'
[0.694s] Level 5:colcon.colcon_core.verb:set package 'optimus_vision0' build argument 'cmake_target_skip_unavailable' from command line to 'False'
[0.694s] Level 5:colcon.colcon_core.verb:set package 'optimus_vision0' build argument 'cmake_clean_cache' from command line to 'False'
[0.694s] Level 5:colcon.colcon_core.verb:set package 'optimus_vision0' build argument 'cmake_clean_first' from command line to 'False'
[0.694s] Level 5:colcon.colcon_core.verb:set package 'optimus_vision0' build argument 'cmake_force_configure' from command line to 'False'
[0.694s] Level 5:colcon.colcon_core.verb:set package 'optimus_vision0' build argument 'ament_cmake_args' from command line to 'None'
[0.694s] Level 5:colcon.colcon_core.verb:set package 'optimus_vision0' build argument 'catkin_cmake_args' from command line to 'None'
[0.694s] Level 5:colcon.colcon_core.verb:set package 'optimus_vision0' build argument 'catkin_skip_building_tests' from command line to 'False'
[0.695s] DEBUG:colcon.colcon_core.verb:Building package 'optimus_vision0' with the following arguments: {'ament_cmake_args': None, 'build_base': '/data/optimus_ws1/build/optimus_vision0', 'catkin_cmake_args': None, 'catkin_skip_building_tests': False, 'cmake_args': None, 'cmake_clean_cache': False, 'cmake_clean_first': False, 'cmake_force_configure': False, 'cmake_target': None, 'cmake_target_skip_unavailable': False, 'install_base': '/data/optimus_ws1/install/optimus_vision0', 'merge_install': False, 'path': '/data/optimus_ws1/src/optimus_vision0', 'symlink_install': False, 'test_result_base': None}
[0.697s] Level 5:colcon.colcon_core.verb:set package 'ssd_mobilenet_inference_msgs' build argument 'cmake_args' from command line to 'None'
[0.697s] Level 5:colcon.colcon_core.verb:set package 'ssd_mobilenet_inference_msgs' build argument 'cmake_target' from command line to 'None'
[0.697s] Level 5:colcon.colcon_core.verb:set package 'ssd_mobilenet_inference_msgs' build argument 'cmake_target_skip_unavailable' from command line to 'False'
[0.697s] Level 5:colcon.colcon_core.verb:set package 'ssd_mobilenet_inference_msgs' build argument 'cmake_clean_cache' from command line to 'False'
[0.697s] Level 5:colcon.colcon_core.verb:set package 'ssd_mobilenet_inference_msgs' build argument 'cmake_clean_first' from command line to 'False'
[0.697s] Level 5:colcon.colcon_core.verb:set package 'ssd_mobilenet_inference_msgs' build argument 'cmake_force_configure' from command line to 'False'
[0.697s] Level 5:colcon.colcon_core.verb:set package 'ssd_mobilenet_inference_msgs' build argument 'ament_cmake_args' from command line to 'None'
[0.697s] Level 5:colcon.colcon_core.verb:set package 'ssd_mobilenet_inference_msgs' build argument 'catkin_cmake_args' from command line to 'None'
[0.697s] Level 5:colcon.colcon_core.verb:set package 'ssd_mobilenet_inference_msgs' build argument 'catkin_skip_building_tests' from command line to 'False'
[0.697s] DEBUG:colcon.colcon_core.verb:Building package 'ssd_mobilenet_inference_msgs' with the following arguments: {'ament_cmake_args': None, 'build_base': '/data/optimus_ws1/build/ssd_mobilenet_inference_msgs', 'catkin_cmake_args': None, 'catkin_skip_building_tests': False, 'cmake_args': None, 'cmake_clean_cache': False, 'cmake_clean_first': False, 'cmake_force_configure': False, 'cmake_target': None, 'cmake_target_skip_unavailable': False, 'install_base': '/data/optimus_ws1/install/ssd_mobilenet_inference_msgs', 'merge_install': False, 'path': '/data/optimus_ws1/src/ssd_mobilenet_inference_msgs', 'symlink_install': False, 'test_result_base': None}
[0.699s] INFO:colcon.colcon_core.executor:Executing jobs using 'parallel' executor
[0.708s] DEBUG:colcon.colcon_parallel_executor.executor.parallel:run_until_complete
[0.709s] INFO:colcon.colcon_ros.task.ament_python.build:Building ROS package in '/data/optimus_ws1/src/optimus_vision0' with build type 'ament_python'
[0.709s] Level 1:colcon.colcon_core.shell:create_environment_hook('optimus_vision0', 'ament_prefix_path')
[0.720s] INFO:colcon.colcon_core.plugin_system:Skipping extension 'colcon_core.shell.bat': Not used on non-Windows systems
[0.721s] INFO:colcon.colcon_core.shell:Creating environment hook '/data/optimus_ws1/install/optimus_vision0/share/optimus_vision0/hook/ament_prefix_path.ps1'
[0.722s] INFO:colcon.colcon_core.shell:Creating environment descriptor '/data/optimus_ws1/install/optimus_vision0/share/optimus_vision0/hook/ament_prefix_path.dsv'
[0.723s] INFO:colcon.colcon_core.shell:Creating environment hook '/data/optimus_ws1/install/optimus_vision0/share/optimus_vision0/hook/ament_prefix_path.sh'
[0.728s] INFO:colcon.colcon_core.shell:Skip shell extension 'powershell' for command environment: Not usable outside of PowerShell
[0.728s] DEBUG:colcon.colcon_core.shell:Skip shell extension 'dsv' for command environment
[0.753s] INFO:colcon.colcon_ros.task.ament_cmake.build:Building ROS package in '/data/optimus_ws1/src/ssd_mobilenet_inference_msgs' with build type 'ament_cmake'
[0.753s] INFO:colcon.colcon_cmake.task.cmake.build:Building CMake package in '/data/optimus_ws1/src/ssd_mobilenet_inference_msgs'
[0.758s] INFO:colcon.colcon_core.shell:Skip shell extension 'powershell' for command environment: Not usable outside of PowerShell
[0.758s] DEBUG:colcon.colcon_core.shell:Skip shell extension 'dsv' for command environment
[1.182s] INFO:colcon.colcon_core.task.python.build:Building Python package in '/data/optimus_ws1/src/optimus_vision0'
[1.187s] INFO:colcon.colcon_core.shell:Skip shell extension 'powershell' for command environment: Not usable outside of PowerShell
[1.187s] DEBUG:colcon.colcon_core.shell:Skip shell extension 'dsv' for command environment
[1.211s] DEBUG:colcon.colcon_core.event_handler.log_command:Invoking command in '/data/optimus_ws1/build/ssd_mobilenet_inference_msgs': PS1=(env) \[\e]0;\u@\h: \w\a\]${debian_chroot:+($debian_chroot)}\u@\h:\w\$ /usr/local/bin/cmake /data/optimus_ws1/src/ssd_mobilenet_inference_msgs -DCMAKE_INSTALL_PREFIX=/data/optimus_ws1/install/ssd_mobilenet_inference_msgs
[1.999s] DEBUG:colcon.colcon_core.event_handler.log_command:Invoking command in '/data/optimus_ws1/src/optimus_vision0': PS1=(env) \[\e]0;\u@\h: \w\a\]${debian_chroot:+($debian_chroot)}\u@\h:\w\$ PYTHONPATH=/data/optimus_ws1/build/optimus_vision0/prefix_override:/data/optimus_ws1/install/optimus_vision0/lib/python3.8/site-packages:${PYTHONPATH} /usr/bin/python3 setup.py egg_info --egg-base ../../build/optimus_vision0 build --build-base /data/optimus_ws1/build/optimus_vision0/build install --record /data/optimus_ws1/build/optimus_vision0/install.log --single-version-externally-managed
[2.555s] DEBUG:colcon.colcon_core.event_handler.log_command:Invoked command in '/data/optimus_ws1/src/optimus_vision0' returned '0': PS1=(env) \[\e]0;\u@\h: \w\a\]${debian_chroot:+($debian_chroot)}\u@\h:\w\$ PYTHONPATH=/data/optimus_ws1/build/optimus_vision0/prefix_override:/data/optimus_ws1/install/optimus_vision0/lib/python3.8/site-packages:${PYTHONPATH} /usr/bin/python3 setup.py egg_info --egg-base ../../build/optimus_vision0 build --build-base /data/optimus_ws1/build/optimus_vision0/build install --record /data/optimus_ws1/build/optimus_vision0/install.log --single-version-externally-managed
[2.568s] Level 1:colcon.colcon_core.environment:checking '/data/optimus_ws1/install/optimus_vision0' for CMake module files
[2.569s] Level 1:colcon.colcon_core.environment:checking '/data/optimus_ws1/install/optimus_vision0' for CMake config files
[2.571s] Level 1:colcon.colcon_core.environment:checking '/data/optimus_ws1/install/optimus_vision0/lib'
[2.571s] Level 1:colcon.colcon_core.environment:checking '/data/optimus_ws1/install/optimus_vision0/bin'
[2.571s] Level 1:colcon.colcon_core.environment:checking '/data/optimus_ws1/install/optimus_vision0/lib/pkgconfig/optimus_vision0.pc'
[2.572s] Level 1:colcon.colcon_core.environment:checking '/data/optimus_ws1/install/optimus_vision0/lib/python3.8/site-packages'
[2.572s] Level 1:colcon.colcon_core.shell:create_environment_hook('optimus_vision0', 'pythonpath')
[2.576s] INFO:colcon.colcon_core.shell:Creating environment hook '/data/optimus_ws1/install/optimus_vision0/share/optimus_vision0/hook/pythonpath.ps1'
[2.577s] INFO:colcon.colcon_core.shell:Creating environment descriptor '/data/optimus_ws1/install/optimus_vision0/share/optimus_vision0/hook/pythonpath.dsv'
[2.578s] INFO:colcon.colcon_core.shell:Creating environment hook '/data/optimus_ws1/install/optimus_vision0/share/optimus_vision0/hook/pythonpath.sh'
[2.579s] Level 1:colcon.colcon_core.environment:checking '/data/optimus_ws1/install/optimus_vision0/bin'
[2.579s] Level 1:colcon.colcon_core.environment:create_environment_scripts_only(optimus_vision0)
[2.584s] INFO:colcon.colcon_core.shell:Creating package script '/data/optimus_ws1/install/optimus_vision0/share/optimus_vision0/package.ps1'
[2.586s] INFO:colcon.colcon_core.shell:Creating package descriptor '/data/optimus_ws1/install/optimus_vision0/share/optimus_vision0/package.dsv'
[2.587s] INFO:colcon.colcon_core.shell:Creating package script '/data/optimus_ws1/install/optimus_vision0/share/optimus_vision0/package.sh'
[2.588s] INFO:colcon.colcon_core.shell:Creating package script '/data/optimus_ws1/install/optimus_vision0/share/optimus_vision0/package.bash'
[2.590s] INFO:colcon.colcon_core.shell:Creating package script '/data/optimus_ws1/install/optimus_vision0/share/optimus_vision0/package.zsh'
[2.590s] Level 1:colcon.colcon_core.environment:create_file_with_runtime_dependencies(/data/optimus_ws1/install/optimus_vision0/share/colcon-core/packages/optimus_vision0)
[6.342s] DEBUG:colcon.colcon_core.event_handler.log_command:Invoked command in '/data/optimus_ws1/build/ssd_mobilenet_inference_msgs' returned '0': PS1=(env) \[\e]0;\u@\h: \w\a\]${debian_chroot:+($debian_chroot)}\u@\h:\w\$ /usr/local/bin/cmake /data/optimus_ws1/src/ssd_mobilenet_inference_msgs -DCMAKE_INSTALL_PREFIX=/data/optimus_ws1/install/ssd_mobilenet_inference_msgs
[6.349s] DEBUG:colcon.colcon_core.event_handler.log_command:Invoking command in '/data/optimus_ws1/build/ssd_mobilenet_inference_msgs': PS1=(env) \[\e]0;\u@\h: \w\a\]${debian_chroot:+($debian_chroot)}\u@\h:\w\$ /usr/local/bin/cmake --build /data/optimus_ws1/build/ssd_mobilenet_inference_msgs -- -j8 -l8
[9.081s] DEBUG:colcon.colcon_core.event_handler.log_command:Invoked command in '/data/optimus_ws1/build/ssd_mobilenet_inference_msgs' returned '0': PS1=(env) \[\e]0;\u@\h: \w\a\]${debian_chroot:+($debian_chroot)}\u@\h:\w\$ /usr/local/bin/cmake --build /data/optimus_ws1/build/ssd_mobilenet_inference_msgs -- -j8 -l8
[9.282s] DEBUG:colcon.colcon_core.event_handler.log_command:Invoking command in '/data/optimus_ws1/build/ssd_mobilenet_inference_msgs': PS1=(env) \[\e]0;\u@\h: \w\a\]${debian_chroot:+($debian_chroot)}\u@\h:\w\$ /usr/local/bin/cmake --install /data/optimus_ws1/build/ssd_mobilenet_inference_msgs
[9.431s] Level 1:colcon.colcon_core.environment:create_environment_scripts_only(ssd_mobilenet_inference_msgs)
[9.444s] Level 1:colcon.colcon_core.environment:checking '/data/optimus_ws1/install/ssd_mobilenet_inference_msgs' for CMake module files
[9.444s] DEBUG:colcon.colcon_core.event_handler.log_command:Invoked command in '/data/optimus_ws1/build/ssd_mobilenet_inference_msgs' returned '0': PS1=(env) \[\e]0;\u@\h: \w\a\]${debian_chroot:+($debian_chroot)}\u@\h:\w\$ /usr/local/bin/cmake --install /data/optimus_ws1/build/ssd_mobilenet_inference_msgs
[9.447s] Level 1:colcon.colcon_core.environment:checking '/data/optimus_ws1/install/ssd_mobilenet_inference_msgs' for CMake config files
[9.449s] Level 1:colcon.colcon_core.shell:create_environment_hook('ssd_mobilenet_inference_msgs', 'cmake_prefix_path')
[9.457s] INFO:colcon.colcon_core.shell:Creating environment hook '/data/optimus_ws1/install/ssd_mobilenet_inference_msgs/share/ssd_mobilenet_inference_msgs/hook/cmake_prefix_path.ps1'
[9.458s] INFO:colcon.colcon_core.shell:Creating environment descriptor '/data/optimus_ws1/install/ssd_mobilenet_inference_msgs/share/ssd_mobilenet_inference_msgs/hook/cmake_prefix_path.dsv'
[9.459s] INFO:colcon.colcon_core.shell:Creating environment hook '/data/optimus_ws1/install/ssd_mobilenet_inference_msgs/share/ssd_mobilenet_inference_msgs/hook/cmake_prefix_path.sh'
[9.461s] Level 1:colcon.colcon_core.environment:checking '/data/optimus_ws1/install/ssd_mobilenet_inference_msgs/lib'
[9.461s] Level 1:colcon.colcon_core.shell:create_environment_hook('ssd_mobilenet_inference_msgs', 'ld_library_path_lib')
[9.468s] INFO:colcon.colcon_core.shell:Creating environment hook '/data/optimus_ws1/install/ssd_mobilenet_inference_msgs/share/ssd_mobilenet_inference_msgs/hook/ld_library_path_lib.ps1'
[9.469s] INFO:colcon.colcon_core.shell:Creating environment descriptor '/data/optimus_ws1/install/ssd_mobilenet_inference_msgs/share/ssd_mobilenet_inference_msgs/hook/ld_library_path_lib.dsv'
[9.470s] INFO:colcon.colcon_core.shell:Creating environment hook '/data/optimus_ws1/install/ssd_mobilenet_inference_msgs/share/ssd_mobilenet_inference_msgs/hook/ld_library_path_lib.sh'
[9.471s] Level 1:colcon.colcon_core.environment:checking '/data/optimus_ws1/install/ssd_mobilenet_inference_msgs/bin'
[9.471s] Level 1:colcon.colcon_core.environment:checking '/data/optimus_ws1/install/ssd_mobilenet_inference_msgs/lib/pkgconfig/ssd_mobilenet_inference_msgs.pc'
[9.472s] Level 1:colcon.colcon_core.environment:checking '/data/optimus_ws1/install/ssd_mobilenet_inference_msgs/lib/python3.8/site-packages'
[9.472s] Level 1:colcon.colcon_core.shell:create_environment_hook('ssd_mobilenet_inference_msgs', 'pythonpath')
[9.477s] INFO:colcon.colcon_core.shell:Creating environment hook '/data/optimus_ws1/install/ssd_mobilenet_inference_msgs/share/ssd_mobilenet_inference_msgs/hook/pythonpath.ps1'
[9.478s] INFO:colcon.colcon_core.shell:Creating environment descriptor '/data/optimus_ws1/install/ssd_mobilenet_inference_msgs/share/ssd_mobilenet_inference_msgs/hook/pythonpath.dsv'
[9.478s] INFO:colcon.colcon_core.shell:Creating environment hook '/data/optimus_ws1/install/ssd_mobilenet_inference_msgs/share/ssd_mobilenet_inference_msgs/hook/pythonpath.sh'
[9.479s] Level 1:colcon.colcon_core.environment:checking '/data/optimus_ws1/install/ssd_mobilenet_inference_msgs/bin'
[9.484s] INFO:colcon.colcon_core.shell:Creating package script '/data/optimus_ws1/install/ssd_mobilenet_inference_msgs/share/ssd_mobilenet_inference_msgs/package.ps1'
[9.485s] INFO:colcon.colcon_core.shell:Creating package descriptor '/data/optimus_ws1/install/ssd_mobilenet_inference_msgs/share/ssd_mobilenet_inference_msgs/package.dsv'
[9.485s] INFO:colcon.colcon_core.shell:Creating package script '/data/optimus_ws1/install/ssd_mobilenet_inference_msgs/share/ssd_mobilenet_inference_msgs/package.sh'
[9.486s] INFO:colcon.colcon_core.shell:Creating package script '/data/optimus_ws1/install/ssd_mobilenet_inference_msgs/share/ssd_mobilenet_inference_msgs/package.bash'
[9.487s] INFO:colcon.colcon_core.shell:Creating package script '/data/optimus_ws1/install/ssd_mobilenet_inference_msgs/share/ssd_mobilenet_inference_msgs/package.zsh'
[9.487s] Level 1:colcon.colcon_core.environment:create_file_with_runtime_dependencies(/data/optimus_ws1/install/ssd_mobilenet_inference_msgs/share/colcon-core/packages/ssd_mobilenet_inference_msgs)
[9.635s] Level 1:colcon.colcon_core.environment:create_environment_scripts_only(ssd_mobilenet_inference_msgs)
[9.647s] Level 1:colcon.colcon_core.environment:checking '/data/optimus_ws1/install/ssd_mobilenet_inference_msgs' for CMake module files
[9.649s] Level 1:colcon.colcon_core.environment:checking '/data/optimus_ws1/install/ssd_mobilenet_inference_msgs' for CMake config files
[9.650s] Level 1:colcon.colcon_core.shell:create_environment_hook('ssd_mobilenet_inference_msgs', 'cmake_prefix_path')
[9.656s] INFO:colcon.colcon_core.shell:Creating environment hook '/data/optimus_ws1/install/ssd_mobilenet_inference_msgs/share/ssd_mobilenet_inference_msgs/hook/cmake_prefix_path.ps1'
[9.657s] INFO:colcon.colcon_core.shell:Creating environment descriptor '/data/optimus_ws1/install/ssd_mobilenet_inference_msgs/share/ssd_mobilenet_inference_msgs/hook/cmake_prefix_path.dsv'
[9.659s] INFO:colcon.colcon_core.shell:Creating environment hook '/data/optimus_ws1/install/ssd_mobilenet_inference_msgs/share/ssd_mobilenet_inference_msgs/hook/cmake_prefix_path.sh'
[9.660s] Level 1:colcon.colcon_core.environment:checking '/data/optimus_ws1/install/ssd_mobilenet_inference_msgs/lib'
[9.661s] Level 1:colcon.colcon_core.shell:create_environment_hook('ssd_mobilenet_inference_msgs', 'ld_library_path_lib')
[9.666s] INFO:colcon.colcon_core.shell:Creating environment hook '/data/optimus_ws1/install/ssd_mobilenet_inference_msgs/share/ssd_mobilenet_inference_msgs/hook/ld_library_path_lib.ps1'
[9.667s] INFO:colcon.colcon_core.shell:Creating environment descriptor '/data/optimus_ws1/install/ssd_mobilenet_inference_msgs/share/ssd_mobilenet_inference_msgs/hook/ld_library_path_lib.dsv'
[9.668s] INFO:colcon.colcon_core.shell:Creating environment hook '/data/optimus_ws1/install/ssd_mobilenet_inference_msgs/share/ssd_mobilenet_inference_msgs/hook/ld_library_path_lib.sh'
[9.669s] Level 1:colcon.colcon_core.environment:checking '/data/optimus_ws1/install/ssd_mobilenet_inference_msgs/bin'
[9.669s] Level 1:colcon.colcon_core.environment:checking '/data/optimus_ws1/install/ssd_mobilenet_inference_msgs/lib/pkgconfig/ssd_mobilenet_inference_msgs.pc'
[9.669s] Level 1:colcon.colcon_core.environment:checking '/data/optimus_ws1/install/ssd_mobilenet_inference_msgs/lib/python3.8/site-packages'
[9.670s] Level 1:colcon.colcon_core.shell:create_environment_hook('ssd_mobilenet_inference_msgs', 'pythonpath')
[9.674s] INFO:colcon.colcon_core.shell:Creating environment hook '/data/optimus_ws1/install/ssd_mobilenet_inference_msgs/share/ssd_mobilenet_inference_msgs/hook/pythonpath.ps1'
[9.675s] INFO:colcon.colcon_core.shell:Creating environment descriptor '/data/optimus_ws1/install/ssd_mobilenet_inference_msgs/share/ssd_mobilenet_inference_msgs/hook/pythonpath.dsv'
[9.676s] INFO:colcon.colcon_core.shell:Creating environment hook '/data/optimus_ws1/install/ssd_mobilenet_inference_msgs/share/ssd_mobilenet_inference_msgs/hook/pythonpath.sh'
[9.677s] Level 1:colcon.colcon_core.environment:checking '/data/optimus_ws1/install/ssd_mobilenet_inference_msgs/bin'
[9.681s] INFO:colcon.colcon_core.shell:Creating package script '/data/optimus_ws1/install/ssd_mobilenet_inference_msgs/share/ssd_mobilenet_inference_msgs/package.ps1'
[9.682s] INFO:colcon.colcon_core.shell:Creating package descriptor '/data/optimus_ws1/install/ssd_mobilenet_inference_msgs/share/ssd_mobilenet_inference_msgs/package.dsv'
[9.683s] INFO:colcon.colcon_core.shell:Creating package script '/data/optimus_ws1/install/ssd_mobilenet_inference_msgs/share/ssd_mobilenet_inference_msgs/package.sh'
[9.684s] INFO:colcon.colcon_core.shell:Creating package script '/data/optimus_ws1/install/ssd_mobilenet_inference_msgs/share/ssd_mobilenet_inference_msgs/package.bash'
[9.685s] INFO:colcon.colcon_core.shell:Creating package script '/data/optimus_ws1/install/ssd_mobilenet_inference_msgs/share/ssd_mobilenet_inference_msgs/package.zsh'
[9.685s] Level 1:colcon.colcon_core.environment:create_file_with_runtime_dependencies(/data/optimus_ws1/install/ssd_mobilenet_inference_msgs/share/colcon-core/packages/ssd_mobilenet_inference_msgs)
[9.686s] DEBUG:colcon.colcon_parallel_executor.executor.parallel:closing loop
[9.687s] DEBUG:colcon.colcon_parallel_executor.executor.parallel:loop closed
[9.687s] DEBUG:colcon.colcon_parallel_executor.executor.parallel:run_until_complete finished with '0'
[9.687s] DEBUG:colcon.colcon_core.event_reactor:joining thread
[9.698s] INFO:colcon.colcon_core.plugin_system:Skipping extension 'colcon_notification.desktop_notification.notify_send': Could not find 'notify-send'
[9.698s] INFO:colcon.colcon_core.plugin_system:Skipping extension 'colcon_notification.desktop_notification.terminal_notifier': Not used on non-Darwin systems
[9.699s] INFO:colcon.colcon_core.plugin_system:Skipping extension 'colcon_notification.desktop_notification.win32': Not used on non-Windows systems
[9.699s] INFO:colcon.colcon_notification.desktop_notification:Sending desktop notification using 'notify2'
[9.707s] DEBUG:colcon.colcon_notification.desktop_notification.notify2:Failed to initialize notify2: org.freedesktop.DBus.Error.Spawn.ExecFailed: /usr/bin/dbus-launch terminated abnormally without any error message
[9.707s] DEBUG:colcon.colcon_core.event_reactor:joined thread
[9.712s] INFO:colcon.colcon_core.shell:Creating prefix script '/data/optimus_ws1/install/local_setup.ps1'
[9.714s] INFO:colcon.colcon_core.shell:Creating prefix util module '/data/optimus_ws1/install/_local_setup_util_ps1.py'
[9.716s] INFO:colcon.colcon_core.shell:Creating prefix chain script '/data/optimus_ws1/install/setup.ps1'
[9.719s] INFO:colcon.colcon_core.shell:Creating prefix script '/data/optimus_ws1/install/local_setup.sh'
[9.720s] INFO:colcon.colcon_core.shell:Creating prefix util module '/data/optimus_ws1/install/_local_setup_util_sh.py'
[9.721s] INFO:colcon.colcon_core.shell:Creating prefix chain script '/data/optimus_ws1/install/setup.sh'
[9.724s] INFO:colcon.colcon_core.shell:Creating prefix script '/data/optimus_ws1/install/local_setup.bash'
[9.724s] INFO:colcon.colcon_core.shell:Creating prefix chain script '/data/optimus_ws1/install/setup.bash'
[9.728s] INFO:colcon.colcon_core.shell:Creating prefix script '/data/optimus_ws1/install/local_setup.zsh'
[9.729s] INFO:colcon.colcon_core.shell:Creating prefix chain script '/data/optimus_ws1/install/setup.zsh'
