[0.477s] Invoking command in '/data/optimus_ws1/build/ssd_mobilenet_inference_msgs': CMAKE_PREFIX_PATH=/data/optimus_ws1/install/ssd_mobilenet_inference_msgs:/data/optimus_ws1/install/optimus_vision0:/ros_deep_learning/install/ros_deep_learning:/opt/ros/humble/install PS1=(env) \[\e]0;\u@\h: \w\a\]${debian_chroot:+($debian_chroot)}\u@\h:\w\$ /usr/local/bin/cmake --build /data/optimus_ws1/build/ssd_mobilenet_inference_msgs -- -j8 -l8
[0.576s] [  3%] Built target ssd_mobilenet_inference_msgs__cpp
[0.583s] [ 12%] Built target ssd_mobilenet_inference_msgs__rosidl_generator_c
[0.585s] [ 12%] Built target ament_cmake_python_copy_ssd_mobilenet_inference_msgs
[0.601s] [ 22%] Built target ssd_mobilenet_inference_msgs__rosidl_typesupport_cpp
[0.605s] [ 32%] Built target ssd_mobilenet_inference_msgs__rosidl_typesupport_introspection_cpp
[0.608s] [ 41%] Built target ssd_mobilenet_inference_msgs__rosidl_typesupport_fastrtps_cpp
[0.609s] [ 51%] Built target ssd_mobilenet_inference_msgs__rosidl_typesupport_c
[0.612s] [ 61%] Built target ssd_mobilenet_inference_msgs__rosidl_typesupport_introspection_c
[0.616s] [ 70%] Built target ssd_mobilenet_inference_msgs__rosidl_typesupport_fastrtps_c
[0.633s] [ 70%] Built target ssd_mobilenet_inference_msgs
[0.649s] [ 74%] Built target ssd_mobilenet_inference_msgs__py
[0.673s] [ 80%] Built target ssd_mobilenet_inference_msgs__rosidl_generator_py
[0.705s] [ 93%] Built target ssd_mobilenet_inference_msgs__rosidl_typesupport_introspection_c__pyext
[0.705s] [ 93%] Built target ssd_mobilenet_inference_msgs__rosidl_typesupport_fastrtps_c__pyext
[0.713s] [100%] Built target ssd_mobilenet_inference_msgs__rosidl_typesupport_c__pyext
[1.042s] running egg_info
[1.084s] writing ssd_mobilenet_inference_msgs.egg-info/PKG-INFO
[1.085s] writing dependency_links to ssd_mobilenet_inference_msgs.egg-info/dependency_links.txt
[1.085s] writing top-level names to ssd_mobilenet_inference_msgs.egg-info/top_level.txt
[1.199s] reading manifest file 'ssd_mobilenet_inference_msgs.egg-info/SOURCES.txt'
[1.200s] writing manifest file 'ssd_mobilenet_inference_msgs.egg-info/SOURCES.txt'
[1.276s] [100%] Built target ament_cmake_python_build_ssd_mobilenet_inference_msgs_egg
[1.294s] Invoked command in '/data/optimus_ws1/build/ssd_mobilenet_inference_msgs' returned '0': CMAKE_PREFIX_PATH=/data/optimus_ws1/install/ssd_mobilenet_inference_msgs:/data/optimus_ws1/install/optimus_vision0:/ros_deep_learning/install/ros_deep_learning:/opt/ros/humble/install PS1=(env) \[\e]0;\u@\h: \w\a\]${debian_chroot:+($debian_chroot)}\u@\h:\w\$ /usr/local/bin/cmake --build /data/optimus_ws1/build/ssd_mobilenet_inference_msgs -- -j8 -l8
[1.495s] Invoking command in '/data/optimus_ws1/build/ssd_mobilenet_inference_msgs': CMAKE_PREFIX_PATH=/data/optimus_ws1/install/ssd_mobilenet_inference_msgs:/data/optimus_ws1/install/optimus_vision0:/ros_deep_learning/install/ros_deep_learning:/opt/ros/humble/install PS1=(env) \[\e]0;\u@\h: \w\a\]${debian_chroot:+($debian_chroot)}\u@\h:\w\$ /usr/local/bin/cmake --install /data/optimus_ws1/build/ssd_mobilenet_inference_msgs
[1.550s] -- Install configuration: ""
[1.550s] -- Up-to-date: /data/optimus_ws1/install/ssd_mobilenet_inference_msgs/share/ament_index/resource_index/rosidl_interfaces/ssd_mobilenet_inference_msgs
[1.550s] -- Up-to-date: /data/optimus_ws1/install/ssd_mobilenet_inference_msgs/include/ssd_mobilenet_inference_msgs/ssd_mobilenet_inference_msgs
[1.550s] -- Up-to-date: /data/optimus_ws1/install/ssd_mobilenet_inference_msgs/include/ssd_mobilenet_inference_msgs/ssd_mobilenet_inference_msgs/msg
[1.551s] -- Up-to-date: /data/optimus_ws1/install/ssd_mobilenet_inference_msgs/include/ssd_mobilenet_inference_msgs/ssd_mobilenet_inference_msgs/msg/rosidl_generator_c__visibility_control.h
[1.551s] -- Up-to-date: /data/optimus_ws1/install/ssd_mobilenet_inference_msgs/include/ssd_mobilenet_inference_msgs/ssd_mobilenet_inference_msgs/msg/detail
[1.551s] -- Up-to-date: /data/optimus_ws1/install/ssd_mobilenet_inference_msgs/include/ssd_mobilenet_inference_msgs/ssd_mobilenet_inference_msgs/msg/detail/inference_result__functions.h
[1.551s] -- Up-to-date: /data/optimus_ws1/install/ssd_mobilenet_inference_msgs/include/ssd_mobilenet_inference_msgs/ssd_mobilenet_inference_msgs/msg/detail/inference_result__struct.h
[1.551s] -- Up-to-date: /data/optimus_ws1/install/ssd_mobilenet_inference_msgs/include/ssd_mobilenet_inference_msgs/ssd_mobilenet_inference_msgs/msg/detail/inference_result__functions.c
[1.551s] -- Up-to-date: /data/optimus_ws1/install/ssd_mobilenet_inference_msgs/include/ssd_mobilenet_inference_msgs/ssd_mobilenet_inference_msgs/msg/detail/inference_result__type_support.h
[1.552s] -- Up-to-date: /data/optimus_ws1/install/ssd_mobilenet_inference_msgs/include/ssd_mobilenet_inference_msgs/ssd_mobilenet_inference_msgs/msg/inference_result.h
[1.552s] -- Up-to-date: /data/optimus_ws1/install/ssd_mobilenet_inference_msgs/share/ssd_mobilenet_inference_msgs/environment/library_path.sh
[1.552s] -- Up-to-date: /data/optimus_ws1/install/ssd_mobilenet_inference_msgs/share/ssd_mobilenet_inference_msgs/environment/library_path.dsv
[1.552s] -- Up-to-date: /data/optimus_ws1/install/ssd_mobilenet_inference_msgs/lib/libssd_mobilenet_inference_msgs__rosidl_generator_c.so
[1.552s] -- Up-to-date: /data/optimus_ws1/install/ssd_mobilenet_inference_msgs/include/ssd_mobilenet_inference_msgs/ssd_mobilenet_inference_msgs
[1.552s] -- Up-to-date: /data/optimus_ws1/install/ssd_mobilenet_inference_msgs/include/ssd_mobilenet_inference_msgs/ssd_mobilenet_inference_msgs/msg
[1.552s] -- Up-to-date: /data/optimus_ws1/install/ssd_mobilenet_inference_msgs/include/ssd_mobilenet_inference_msgs/ssd_mobilenet_inference_msgs/msg/rosidl_typesupport_fastrtps_c__visibility_control.h
[1.553s] -- Up-to-date: /data/optimus_ws1/install/ssd_mobilenet_inference_msgs/include/ssd_mobilenet_inference_msgs/ssd_mobilenet_inference_msgs/msg/detail
[1.553s] -- Up-to-date: /data/optimus_ws1/install/ssd_mobilenet_inference_msgs/include/ssd_mobilenet_inference_msgs/ssd_mobilenet_inference_msgs/msg/detail/inference_result__rosidl_typesupport_fastrtps_c.h
[1.553s] -- Up-to-date: /data/optimus_ws1/install/ssd_mobilenet_inference_msgs/lib/libssd_mobilenet_inference_msgs__rosidl_typesupport_fastrtps_c.so
[1.553s] -- Up-to-date: /data/optimus_ws1/install/ssd_mobilenet_inference_msgs/include/ssd_mobilenet_inference_msgs/ssd_mobilenet_inference_msgs
[1.553s] -- Up-to-date: /data/optimus_ws1/install/ssd_mobilenet_inference_msgs/include/ssd_mobilenet_inference_msgs/ssd_mobilenet_inference_msgs/msg
[1.553s] -- Up-to-date: /data/optimus_ws1/install/ssd_mobilenet_inference_msgs/include/ssd_mobilenet_inference_msgs/ssd_mobilenet_inference_msgs/msg/inference_result.hpp
[1.553s] -- Up-to-date: /data/optimus_ws1/install/ssd_mobilenet_inference_msgs/include/ssd_mobilenet_inference_msgs/ssd_mobilenet_inference_msgs/msg/detail
[1.553s] -- Up-to-date: /data/optimus_ws1/install/ssd_mobilenet_inference_msgs/include/ssd_mobilenet_inference_msgs/ssd_mobilenet_inference_msgs/msg/detail/inference_result__builder.hpp
[1.554s] -- Up-to-date: /data/optimus_ws1/install/ssd_mobilenet_inference_msgs/include/ssd_mobilenet_inference_msgs/ssd_mobilenet_inference_msgs/msg/detail/inference_result__struct.hpp
[1.554s] -- Up-to-date: /data/optimus_ws1/install/ssd_mobilenet_inference_msgs/include/ssd_mobilenet_inference_msgs/ssd_mobilenet_inference_msgs/msg/detail/inference_result__traits.hpp
[1.554s] -- Up-to-date: /data/optimus_ws1/install/ssd_mobilenet_inference_msgs/include/ssd_mobilenet_inference_msgs/ssd_mobilenet_inference_msgs
[1.554s] -- Up-to-date: /data/optimus_ws1/install/ssd_mobilenet_inference_msgs/include/ssd_mobilenet_inference_msgs/ssd_mobilenet_inference_msgs/msg
[1.554s] -- Up-to-date: /data/optimus_ws1/install/ssd_mobilenet_inference_msgs/include/ssd_mobilenet_inference_msgs/ssd_mobilenet_inference_msgs/msg/rosidl_typesupport_fastrtps_cpp__visibility_control.h
[1.554s] -- Up-to-date: /data/optimus_ws1/install/ssd_mobilenet_inference_msgs/include/ssd_mobilenet_inference_msgs/ssd_mobilenet_inference_msgs/msg/detail
[1.554s] -- Up-to-date: /data/optimus_ws1/install/ssd_mobilenet_inference_msgs/include/ssd_mobilenet_inference_msgs/ssd_mobilenet_inference_msgs/msg/detail/inference_result__rosidl_typesupport_fastrtps_cpp.hpp
[1.554s] -- Up-to-date: /data/optimus_ws1/install/ssd_mobilenet_inference_msgs/include/ssd_mobilenet_inference_msgs/ssd_mobilenet_inference_msgs/msg/detail/dds_fastrtps
[1.555s] -- Up-to-date: /data/optimus_ws1/install/ssd_mobilenet_inference_msgs/lib/libssd_mobilenet_inference_msgs__rosidl_typesupport_fastrtps_cpp.so
[1.555s] -- Up-to-date: /data/optimus_ws1/install/ssd_mobilenet_inference_msgs/include/ssd_mobilenet_inference_msgs/ssd_mobilenet_inference_msgs
[1.555s] -- Up-to-date: /data/optimus_ws1/install/ssd_mobilenet_inference_msgs/include/ssd_mobilenet_inference_msgs/ssd_mobilenet_inference_msgs/msg
[1.555s] -- Up-to-date: /data/optimus_ws1/install/ssd_mobilenet_inference_msgs/include/ssd_mobilenet_inference_msgs/ssd_mobilenet_inference_msgs/msg/detail
[1.555s] -- Up-to-date: /data/optimus_ws1/install/ssd_mobilenet_inference_msgs/include/ssd_mobilenet_inference_msgs/ssd_mobilenet_inference_msgs/msg/detail/inference_result__type_support.c
[1.555s] -- Up-to-date: /data/optimus_ws1/install/ssd_mobilenet_inference_msgs/include/ssd_mobilenet_inference_msgs/ssd_mobilenet_inference_msgs/msg/detail/inference_result__rosidl_typesupport_introspection_c.h
[1.555s] -- Up-to-date: /data/optimus_ws1/install/ssd_mobilenet_inference_msgs/include/ssd_mobilenet_inference_msgs/ssd_mobilenet_inference_msgs/msg/rosidl_typesupport_introspection_c__visibility_control.h
[1.555s] -- Up-to-date: /data/optimus_ws1/install/ssd_mobilenet_inference_msgs/lib/libssd_mobilenet_inference_msgs__rosidl_typesupport_introspection_c.so
[1.556s] -- Up-to-date: /data/optimus_ws1/install/ssd_mobilenet_inference_msgs/lib/libssd_mobilenet_inference_msgs__rosidl_typesupport_c.so
[1.556s] -- Up-to-date: /data/optimus_ws1/install/ssd_mobilenet_inference_msgs/include/ssd_mobilenet_inference_msgs/ssd_mobilenet_inference_msgs
[1.556s] -- Up-to-date: /data/optimus_ws1/install/ssd_mobilenet_inference_msgs/include/ssd_mobilenet_inference_msgs/ssd_mobilenet_inference_msgs/msg
[1.556s] -- Up-to-date: /data/optimus_ws1/install/ssd_mobilenet_inference_msgs/include/ssd_mobilenet_inference_msgs/ssd_mobilenet_inference_msgs/msg/detail
[1.556s] -- Up-to-date: /data/optimus_ws1/install/ssd_mobilenet_inference_msgs/include/ssd_mobilenet_inference_msgs/ssd_mobilenet_inference_msgs/msg/detail/inference_result__type_support.cpp
[1.556s] -- Up-to-date: /data/optimus_ws1/install/ssd_mobilenet_inference_msgs/include/ssd_mobilenet_inference_msgs/ssd_mobilenet_inference_msgs/msg/detail/inference_result__rosidl_typesupport_introspection_cpp.hpp
[1.556s] -- Up-to-date: /data/optimus_ws1/install/ssd_mobilenet_inference_msgs/lib/libssd_mobilenet_inference_msgs__rosidl_typesupport_introspection_cpp.so
[1.557s] -- Up-to-date: /data/optimus_ws1/install/ssd_mobilenet_inference_msgs/lib/libssd_mobilenet_inference_msgs__rosidl_typesupport_cpp.so
[1.557s] -- Up-to-date: /data/optimus_ws1/install/ssd_mobilenet_inference_msgs/share/ssd_mobilenet_inference_msgs/environment/pythonpath.sh
[1.557s] -- Up-to-date: /data/optimus_ws1/install/ssd_mobilenet_inference_msgs/share/ssd_mobilenet_inference_msgs/environment/pythonpath.dsv
[1.557s] -- Up-to-date: /data/optimus_ws1/install/ssd_mobilenet_inference_msgs/lib/python3.8/site-packages/ssd_mobilenet_inference_msgs-0.0.0-py3.8.egg-info
[1.557s] -- Installing: /data/optimus_ws1/install/ssd_mobilenet_inference_msgs/lib/python3.8/site-packages/ssd_mobilenet_inference_msgs-0.0.0-py3.8.egg-info/SOURCES.txt
[1.557s] -- Installing: /data/optimus_ws1/install/ssd_mobilenet_inference_msgs/lib/python3.8/site-packages/ssd_mobilenet_inference_msgs-0.0.0-py3.8.egg-info/top_level.txt
[1.558s] -- Installing: /data/optimus_ws1/install/ssd_mobilenet_inference_msgs/lib/python3.8/site-packages/ssd_mobilenet_inference_msgs-0.0.0-py3.8.egg-info/PKG-INFO
[1.558s] -- Installing: /data/optimus_ws1/install/ssd_mobilenet_inference_msgs/lib/python3.8/site-packages/ssd_mobilenet_inference_msgs-0.0.0-py3.8.egg-info/dependency_links.txt
[1.558s] -- Up-to-date: /data/optimus_ws1/install/ssd_mobilenet_inference_msgs/lib/python3.8/site-packages/ssd_mobilenet_inference_msgs
[1.558s] -- Up-to-date: /data/optimus_ws1/install/ssd_mobilenet_inference_msgs/lib/python3.8/site-packages/ssd_mobilenet_inference_msgs/_ssd_mobilenet_inference_msgs_s.ep.rosidl_typesupport_fastrtps_c.c
[1.558s] -- Up-to-date: /data/optimus_ws1/install/ssd_mobilenet_inference_msgs/lib/python3.8/site-packages/ssd_mobilenet_inference_msgs/libssd_mobilenet_inference_msgs__rosidl_generator_py.so
[1.558s] -- Up-to-date: /data/optimus_ws1/install/ssd_mobilenet_inference_msgs/lib/python3.8/site-packages/ssd_mobilenet_inference_msgs/ssd_mobilenet_inference_msgs_s__rosidl_typesupport_fastrtps_c.cpython-38-aarch64-linux-gnu.so
[1.558s] -- Up-to-date: /data/optimus_ws1/install/ssd_mobilenet_inference_msgs/lib/python3.8/site-packages/ssd_mobilenet_inference_msgs/ssd_mobilenet_inference_msgs_s__rosidl_typesupport_c.cpython-38-aarch64-linux-gnu.so
[1.558s] -- Up-to-date: /data/optimus_ws1/install/ssd_mobilenet_inference_msgs/lib/python3.8/site-packages/ssd_mobilenet_inference_msgs/_ssd_mobilenet_inference_msgs_s.ep.rosidl_typesupport_c.c
[1.558s] -- Up-to-date: /data/optimus_ws1/install/ssd_mobilenet_inference_msgs/lib/python3.8/site-packages/ssd_mobilenet_inference_msgs/_ssd_mobilenet_inference_msgs_s.ep.rosidl_typesupport_introspection_c.c
[1.559s] -- Up-to-date: /data/optimus_ws1/install/ssd_mobilenet_inference_msgs/lib/python3.8/site-packages/ssd_mobilenet_inference_msgs/ssd_mobilenet_inference_msgs_s__rosidl_typesupport_introspection_c.cpython-38-aarch64-linux-gnu.so
[1.559s] -- Up-to-date: /data/optimus_ws1/install/ssd_mobilenet_inference_msgs/lib/python3.8/site-packages/ssd_mobilenet_inference_msgs/msg
[1.559s] -- Up-to-date: /data/optimus_ws1/install/ssd_mobilenet_inference_msgs/lib/python3.8/site-packages/ssd_mobilenet_inference_msgs/msg/_inference_result.py
[1.559s] -- Up-to-date: /data/optimus_ws1/install/ssd_mobilenet_inference_msgs/lib/python3.8/site-packages/ssd_mobilenet_inference_msgs/msg/_inference_result_s.c
[1.559s] -- Up-to-date: /data/optimus_ws1/install/ssd_mobilenet_inference_msgs/lib/python3.8/site-packages/ssd_mobilenet_inference_msgs/msg/__init__.py
[1.559s] -- Up-to-date: /data/optimus_ws1/install/ssd_mobilenet_inference_msgs/lib/python3.8/site-packages/ssd_mobilenet_inference_msgs/__init__.py
[1.618s] Listing '/data/optimus_ws1/install/ssd_mobilenet_inference_msgs/lib/python3.8/site-packages/ssd_mobilenet_inference_msgs'...
[1.619s] Listing '/data/optimus_ws1/install/ssd_mobilenet_inference_msgs/lib/python3.8/site-packages/ssd_mobilenet_inference_msgs/msg'...
[1.630s] -- Up-to-date: /data/optimus_ws1/install/ssd_mobilenet_inference_msgs/lib/python3.8/site-packages/ssd_mobilenet_inference_msgs/ssd_mobilenet_inference_msgs_s__rosidl_typesupport_fastrtps_c.cpython-38-aarch64-linux-gnu.so
[1.630s] -- Up-to-date: /data/optimus_ws1/install/ssd_mobilenet_inference_msgs/lib/python3.8/site-packages/ssd_mobilenet_inference_msgs/ssd_mobilenet_inference_msgs_s__rosidl_typesupport_introspection_c.cpython-38-aarch64-linux-gnu.so
[1.631s] -- Up-to-date: /data/optimus_ws1/install/ssd_mobilenet_inference_msgs/lib/python3.8/site-packages/ssd_mobilenet_inference_msgs/ssd_mobilenet_inference_msgs_s__rosidl_typesupport_c.cpython-38-aarch64-linux-gnu.so
[1.631s] -- Up-to-date: /data/optimus_ws1/install/ssd_mobilenet_inference_msgs/lib/libssd_mobilenet_inference_msgs__rosidl_generator_py.so
[1.631s] -- Up-to-date: /data/optimus_ws1/install/ssd_mobilenet_inference_msgs/share/ssd_mobilenet_inference_msgs/msg/InferenceResult.idl
[1.632s] -- Up-to-date: /data/optimus_ws1/install/ssd_mobilenet_inference_msgs/share/ssd_mobilenet_inference_msgs/msg/InferenceResult.msg
[1.632s] -- Up-to-date: /data/optimus_ws1/install/ssd_mobilenet_inference_msgs/share/ament_index/resource_index/package_run_dependencies/ssd_mobilenet_inference_msgs
[1.632s] -- Up-to-date: /data/optimus_ws1/install/ssd_mobilenet_inference_msgs/share/ament_index/resource_index/parent_prefix_path/ssd_mobilenet_inference_msgs
[1.633s] -- Up-to-date: /data/optimus_ws1/install/ssd_mobilenet_inference_msgs/share/ssd_mobilenet_inference_msgs/environment/ament_prefix_path.sh
[1.633s] -- Up-to-date: /data/optimus_ws1/install/ssd_mobilenet_inference_msgs/share/ssd_mobilenet_inference_msgs/environment/ament_prefix_path.dsv
[1.633s] -- Up-to-date: /data/optimus_ws1/install/ssd_mobilenet_inference_msgs/share/ssd_mobilenet_inference_msgs/environment/path.sh
[1.633s] -- Up-to-date: /data/optimus_ws1/install/ssd_mobilenet_inference_msgs/share/ssd_mobilenet_inference_msgs/environment/path.dsv
[1.634s] -- Up-to-date: /data/optimus_ws1/install/ssd_mobilenet_inference_msgs/share/ssd_mobilenet_inference_msgs/local_setup.bash
[1.634s] -- Up-to-date: /data/optimus_ws1/install/ssd_mobilenet_inference_msgs/share/ssd_mobilenet_inference_msgs/local_setup.sh
[1.634s] -- Up-to-date: /data/optimus_ws1/install/ssd_mobilenet_inference_msgs/share/ssd_mobilenet_inference_msgs/local_setup.zsh
[1.634s] -- Up-to-date: /data/optimus_ws1/install/ssd_mobilenet_inference_msgs/share/ssd_mobilenet_inference_msgs/local_setup.dsv
[1.635s] -- Installing: /data/optimus_ws1/install/ssd_mobilenet_inference_msgs/share/ssd_mobilenet_inference_msgs/package.dsv
[1.635s] -- Up-to-date: /data/optimus_ws1/install/ssd_mobilenet_inference_msgs/share/ament_index/resource_index/packages/ssd_mobilenet_inference_msgs
[1.635s] -- Up-to-date: /data/optimus_ws1/install/ssd_mobilenet_inference_msgs/share/ssd_mobilenet_inference_msgs/cmake/export_ssd_mobilenet_inference_msgs__rosidl_generator_cExport.cmake
[1.636s] -- Up-to-date: /data/optimus_ws1/install/ssd_mobilenet_inference_msgs/share/ssd_mobilenet_inference_msgs/cmake/export_ssd_mobilenet_inference_msgs__rosidl_generator_cExport-noconfig.cmake
[1.636s] -- Up-to-date: /data/optimus_ws1/install/ssd_mobilenet_inference_msgs/share/ssd_mobilenet_inference_msgs/cmake/export_ssd_mobilenet_inference_msgs__rosidl_typesupport_fastrtps_cExport.cmake
[1.636s] -- Up-to-date: /data/optimus_ws1/install/ssd_mobilenet_inference_msgs/share/ssd_mobilenet_inference_msgs/cmake/export_ssd_mobilenet_inference_msgs__rosidl_typesupport_fastrtps_cExport-noconfig.cmake
[1.636s] -- Up-to-date: /data/optimus_ws1/install/ssd_mobilenet_inference_msgs/share/ssd_mobilenet_inference_msgs/cmake/export_ssd_mobilenet_inference_msgs__rosidl_generator_cppExport.cmake
[1.636s] -- Up-to-date: /data/optimus_ws1/install/ssd_mobilenet_inference_msgs/share/ssd_mobilenet_inference_msgs/cmake/export_ssd_mobilenet_inference_msgs__rosidl_typesupport_fastrtps_cppExport.cmake
[1.637s] -- Up-to-date: /data/optimus_ws1/install/ssd_mobilenet_inference_msgs/share/ssd_mobilenet_inference_msgs/cmake/export_ssd_mobilenet_inference_msgs__rosidl_typesupport_fastrtps_cppExport-noconfig.cmake
[1.637s] -- Up-to-date: /data/optimus_ws1/install/ssd_mobilenet_inference_msgs/share/ssd_mobilenet_inference_msgs/cmake/ssd_mobilenet_inference_msgs__rosidl_typesupport_introspection_cExport.cmake
[1.637s] -- Up-to-date: /data/optimus_ws1/install/ssd_mobilenet_inference_msgs/share/ssd_mobilenet_inference_msgs/cmake/ssd_mobilenet_inference_msgs__rosidl_typesupport_introspection_cExport-noconfig.cmake
[1.637s] -- Up-to-date: /data/optimus_ws1/install/ssd_mobilenet_inference_msgs/share/ssd_mobilenet_inference_msgs/cmake/ssd_mobilenet_inference_msgs__rosidl_typesupport_cExport.cmake
[1.637s] -- Up-to-date: /data/optimus_ws1/install/ssd_mobilenet_inference_msgs/share/ssd_mobilenet_inference_msgs/cmake/ssd_mobilenet_inference_msgs__rosidl_typesupport_cExport-noconfig.cmake
[1.638s] -- Up-to-date: /data/optimus_ws1/install/ssd_mobilenet_inference_msgs/share/ssd_mobilenet_inference_msgs/cmake/ssd_mobilenet_inference_msgs__rosidl_typesupport_introspection_cppExport.cmake
[1.638s] -- Up-to-date: /data/optimus_ws1/install/ssd_mobilenet_inference_msgs/share/ssd_mobilenet_inference_msgs/cmake/ssd_mobilenet_inference_msgs__rosidl_typesupport_introspection_cppExport-noconfig.cmake
[1.638s] -- Up-to-date: /data/optimus_ws1/install/ssd_mobilenet_inference_msgs/share/ssd_mobilenet_inference_msgs/cmake/ssd_mobilenet_inference_msgs__rosidl_typesupport_cppExport.cmake
[1.638s] -- Up-to-date: /data/optimus_ws1/install/ssd_mobilenet_inference_msgs/share/ssd_mobilenet_inference_msgs/cmake/ssd_mobilenet_inference_msgs__rosidl_typesupport_cppExport-noconfig.cmake
[1.638s] -- Up-to-date: /data/optimus_ws1/install/ssd_mobilenet_inference_msgs/share/ssd_mobilenet_inference_msgs/cmake/export_ssd_mobilenet_inference_msgs__rosidl_generator_pyExport.cmake
[1.638s] -- Up-to-date: /data/optimus_ws1/install/ssd_mobilenet_inference_msgs/share/ssd_mobilenet_inference_msgs/cmake/export_ssd_mobilenet_inference_msgs__rosidl_generator_pyExport-noconfig.cmake
[1.639s] -- Up-to-date: /data/optimus_ws1/install/ssd_mobilenet_inference_msgs/share/ssd_mobilenet_inference_msgs/cmake/rosidl_cmake-extras.cmake
[1.639s] -- Up-to-date: /data/optimus_ws1/install/ssd_mobilenet_inference_msgs/share/ssd_mobilenet_inference_msgs/cmake/ament_cmake_export_include_directories-extras.cmake
[1.639s] -- Up-to-date: /data/optimus_ws1/install/ssd_mobilenet_inference_msgs/share/ssd_mobilenet_inference_msgs/cmake/ament_cmake_export_libraries-extras.cmake
[1.639s] -- Up-to-date: /data/optimus_ws1/install/ssd_mobilenet_inference_msgs/share/ssd_mobilenet_inference_msgs/cmake/ament_cmake_export_targets-extras.cmake
[1.639s] -- Up-to-date: /data/optimus_ws1/install/ssd_mobilenet_inference_msgs/share/ssd_mobilenet_inference_msgs/cmake/rosidl_cmake_export_typesupport_targets-extras.cmake
[1.640s] -- Up-to-date: /data/optimus_ws1/install/ssd_mobilenet_inference_msgs/share/ssd_mobilenet_inference_msgs/cmake/ament_cmake_export_dependencies-extras.cmake
[1.640s] -- Up-to-date: /data/optimus_ws1/install/ssd_mobilenet_inference_msgs/share/ssd_mobilenet_inference_msgs/cmake/rosidl_cmake_export_typesupport_libraries-extras.cmake
[1.640s] -- Up-to-date: /data/optimus_ws1/install/ssd_mobilenet_inference_msgs/share/ssd_mobilenet_inference_msgs/cmake/ssd_mobilenet_inference_msgsConfig.cmake
[1.640s] -- Up-to-date: /data/optimus_ws1/install/ssd_mobilenet_inference_msgs/share/ssd_mobilenet_inference_msgs/cmake/ssd_mobilenet_inference_msgsConfig-version.cmake
[1.640s] -- Up-to-date: /data/optimus_ws1/install/ssd_mobilenet_inference_msgs/share/ssd_mobilenet_inference_msgs/package.xml
[1.648s] Invoked command in '/data/optimus_ws1/build/ssd_mobilenet_inference_msgs' returned '0': CMAKE_PREFIX_PATH=/data/optimus_ws1/install/ssd_mobilenet_inference_msgs:/data/optimus_ws1/install/optimus_vision0:/ros_deep_learning/install/ros_deep_learning:/opt/ros/humble/install PS1=(env) \[\e]0;\u@\h: \w\a\]${debian_chroot:+($debian_chroot)}\u@\h:\w\$ /usr/local/bin/cmake --install /data/optimus_ws1/build/ssd_mobilenet_inference_msgs
