[0.374s] Invoking command in '/home/optimus/virtual/optimus/optimus_ws1_20240711/src/optimus_vision0': PYTHONPATH=/home/optimus/virtual/optimus/optimus_ws1_20240711/build/optimus_vision0/prefix_override:/home/optimus/virtual/optimus/optimus_ws1_20240711/install/optimus_vision0/lib/python3.10/site-packages:${PYTHONPATH} /usr/bin/python3 -W ignore:setup.py install is deprecated setup.py egg_info --egg-base ../../build/optimus_vision0 build --build-base /home/optimus/virtual/optimus/optimus_ws1_20240711/build/optimus_vision0/build install --record /home/optimus/virtual/optimus/optimus_ws1_20240711/build/optimus_vision0/install.log --single-version-externally-managed install_data
[0.521s] running egg_info
[0.521s] writing ../../build/optimus_vision0/optimus_vision0.egg-info/PKG-INFO
[0.521s] writing dependency_links to ../../build/optimus_vision0/optimus_vision0.egg-info/dependency_links.txt
[0.522s] writing entry points to ../../build/optimus_vision0/optimus_vision0.egg-info/entry_points.txt
[0.522s] writing requirements to ../../build/optimus_vision0/optimus_vision0.egg-info/requires.txt
[0.522s] writing top-level names to ../../build/optimus_vision0/optimus_vision0.egg-info/top_level.txt
[0.523s] package init file 'optimus_vision0/util/__init__.py' not found (or not a regular file)
[0.523s] reading manifest file '../../build/optimus_vision0/optimus_vision0.egg-info/SOURCES.txt'
[0.523s] writing manifest file '../../build/optimus_vision0/optimus_vision0.egg-info/SOURCES.txt'
[0.523s] running build
[0.524s] running build_py
[0.524s] running install
[0.524s] running install_lib
[0.525s] running install_data
[0.525s] running install_egg_info
[0.527s] removing '/home/optimus/virtual/optimus/optimus_ws1_20240711/install/optimus_vision0/lib/python3.10/site-packages/optimus_vision0-0.0.0-py3.10.egg-info' (and everything under it)
[0.528s] Copying ../../build/optimus_vision0/optimus_vision0.egg-info to /home/optimus/virtual/optimus/optimus_ws1_20240711/install/optimus_vision0/lib/python3.10/site-packages/optimus_vision0-0.0.0-py3.10.egg-info
[0.528s] running install_scripts
[0.542s] Installing publication_node script to /home/optimus/virtual/optimus/optimus_ws1_20240711/install/optimus_vision0/lib/optimus_vision0
[0.542s] Installing streaming_node script to /home/optimus/virtual/optimus/optimus_ws1_20240711/install/optimus_vision0/lib/optimus_vision0
[0.542s] writing list of installed files to '/home/optimus/virtual/optimus/optimus_ws1_20240711/build/optimus_vision0/install.log'
[0.561s] Invoked command in '/home/optimus/virtual/optimus/optimus_ws1_20240711/src/optimus_vision0' returned '0': PYTHONPATH=/home/optimus/virtual/optimus/optimus_ws1_20240711/build/optimus_vision0/prefix_override:/home/optimus/virtual/optimus/optimus_ws1_20240711/install/optimus_vision0/lib/python3.10/site-packages:${PYTHONPATH} /usr/bin/python3 -W ignore:setup.py install is deprecated setup.py egg_info --egg-base ../../build/optimus_vision0 build --build-base /home/optimus/virtual/optimus/optimus_ws1_20240711/build/optimus_vision0/build install --record /home/optimus/virtual/optimus/optimus_ws1_20240711/build/optimus_vision0/install.log --single-version-externally-managed install_data
