-- The C compiler identification is GNU 9.4.0
-- The CXX compiler identification is GNU 9.4.0
-- Detecting C compiler ABI info
-- Detecting C compiler ABI info - done
-- Check for working C compiler: /usr/bin/cc - skipped
-- Detecting C compile features
-- Detecting C compile features - done
-- Detecting CXX compiler ABI info
-- Detecting CXX compiler ABI info - done
-- Check for working CXX compiler: /usr/bin/c++ - skipped
-- Detecting CXX compile features
-- Detecting CXX compile features - done
-- Found ament_cmake: 1.3.4 (/opt/ros/humble/install/share/ament_cmake/cmake)
-- Found Python3: /env/bin/python3.8 (found version "3.8.10") found components: Interpreter 
-- Found std_msgs: 4.2.3 (/opt/ros/humble/install/share/std_msgs/cmake)
-- Found rosidl_generator_c: 3.1.4 (/opt/ros/humble/install/share/rosidl_generator_c/cmake)
-- Found rosidl_adapter: 3.1.4 (/opt/ros/humble/install/share/rosidl_adapter/cmake)
-- Found rosidl_generator_cpp: 3.1.4 (/opt/ros/humble/install/share/rosidl_generator_cpp/cmake)
-- Using all available rosidl_typesupport_c: rosidl_typesupport_fastrtps_c;rosidl_typesupport_introspection_c
-- Using all available rosidl_typesupport_cpp: rosidl_typesupport_fastrtps_cpp;rosidl_typesupport_introspection_cpp
-- Found rosidl_default_generators: 1.2.0 (/opt/ros/humble/install/share/rosidl_default_generators/cmake)
-- Found ament_cmake_ros: 0.10.0 (/opt/ros/humble/install/share/ament_cmake_ros/cmake)
-- Using all available rosidl_typesupport_c: rosidl_typesupport_fastrtps_c;rosidl_typesupport_introspection_c
-- Using all available rosidl_typesupport_cpp: rosidl_typesupport_fastrtps_cpp;rosidl_typesupport_introspection_cpp
-- Found PythonInterp: /env/bin/python3 (found suitable version "3.8.10", minimum required is "3.6") 
-- Found python_cmake_module: 0.10.0 (/opt/ros/humble/install/share/python_cmake_module/cmake)
-- Found PythonLibs: /usr/lib/aarch64-linux-gnu/libpython3.8.so (found suitable version "3.8.10", minimum required is "3.5") 
-- Using PYTHON_EXECUTABLE: /env/bin/python3
-- Using PYTHON_INCLUDE_DIRS: /usr/include/python3.8
-- Using PYTHON_LIBRARIES: /usr/lib/aarch64-linux-gnu/libpython3.8.so
-- Found PythonExtra: .so  
-- Found ament_lint_auto: 0.12.6 (/opt/ros/humble/install/share/ament_lint_auto/cmake)
-- Added test 'lint_cmake' to check CMake code style
-- Added test 'xmllint' to check XML markup files
-- Configuring done (5.0s)
-- Generating done (0.0s)
-- Build files have been written to: /data/optimus_ws1/build/ssd_mobilenet_inference_msgs
[  3%] [34m[1mGenerating C code for ROS interfaces[0m
[  6%] [34m[1mGenerating C++ code for ROS interfaces[0m
[  6%] Built target ament_cmake_python_copy_ssd_mobilenet_inference_msgs
[  6%] Built target ssd_mobilenet_inference_msgs__cpp
[  9%] [34m[1mGenerating C++ type support for eProsima Fast-RTPS[0m
[ 16%] [34m[1mGenerating C++ type support dispatch for ROS interfaces[0m
[ 16%] [32mBuilding C object CMakeFiles/ssd_mobilenet_inference_msgs__rosidl_generator_c.dir/rosidl_generator_c/ssd_mobilenet_inference_msgs/msg/detail/inference_result__functions.c.o[0m
[ 19%] [34m[1mGenerating C++ introspection for ROS interfaces[0m
running egg_info
creating ssd_mobilenet_inference_msgs.egg-info
writing ssd_mobilenet_inference_msgs.egg-info/PKG-INFO
writing dependency_links to ssd_mobilenet_inference_msgs.egg-info/dependency_links.txt
writing top-level names to ssd_mobilenet_inference_msgs.egg-info/top_level.txt
writing manifest file 'ssd_mobilenet_inference_msgs.egg-info/SOURCES.txt'
[ 22%] [32m[1mLinking C shared library libssd_mobilenet_inference_msgs__rosidl_generator_c.so[0m
[ 22%] Built target ssd_mobilenet_inference_msgs__rosidl_generator_c
[ 32%] [34m[1mGenerating C type support for eProsima Fast-RTPS[0m
[ 32%] [34m[1mGenerating C type support dispatch for ROS interfaces[0m
[ 32%] [34m[1mGenerating C introspection for ROS interfaces[0m
reading manifest file 'ssd_mobilenet_inference_msgs.egg-info/SOURCES.txt'
writing manifest file 'ssd_mobilenet_inference_msgs.egg-info/SOURCES.txt'
[ 32%] Built target ament_cmake_python_build_ssd_mobilenet_inference_msgs_egg
[ 35%] [32mBuilding CXX object CMakeFiles/ssd_mobilenet_inference_msgs__rosidl_typesupport_cpp.dir/rosidl_typesupport_cpp/ssd_mobilenet_inference_msgs/msg/inference_result__type_support.cpp.o[0m
[ 41%] [32mBuilding CXX object CMakeFiles/ssd_mobilenet_inference_msgs__rosidl_typesupport_introspection_cpp.dir/rosidl_typesupport_introspection_cpp/ssd_mobilenet_inference_msgs/msg/detail/inference_result__type_support.cpp.o[0m
[ 41%] [32mBuilding CXX object CMakeFiles/ssd_mobilenet_inference_msgs__rosidl_typesupport_fastrtps_cpp.dir/rosidl_typesupport_fastrtps_cpp/ssd_mobilenet_inference_msgs/msg/detail/dds_fastrtps/inference_result__type_support.cpp.o[0m
[ 45%] [32mBuilding CXX object CMakeFiles/ssd_mobilenet_inference_msgs__rosidl_typesupport_c.dir/rosidl_typesupport_c/ssd_mobilenet_inference_msgs/msg/inference_result__type_support.cpp.o[0m
[ 48%] [32mBuilding C object CMakeFiles/ssd_mobilenet_inference_msgs__rosidl_typesupport_introspection_c.dir/rosidl_typesupport_introspection_c/ssd_mobilenet_inference_msgs/msg/detail/inference_result__type_support.c.o[0m
[ 51%] [32m[1mLinking CXX shared library libssd_mobilenet_inference_msgs__rosidl_typesupport_c.so[0m
[ 54%] [32mBuilding CXX object CMakeFiles/ssd_mobilenet_inference_msgs__rosidl_typesupport_fastrtps_c.dir/rosidl_typesupport_fastrtps_c/ssd_mobilenet_inference_msgs/msg/detail/inference_result__type_support_c.cpp.o[0m
[ 58%] [32m[1mLinking C shared library libssd_mobilenet_inference_msgs__rosidl_typesupport_introspection_c.so[0m
[ 58%] Built target ssd_mobilenet_inference_msgs__rosidl_typesupport_c
[ 58%] Built target ssd_mobilenet_inference_msgs__rosidl_typesupport_introspection_c
[ 61%] [32m[1mLinking CXX shared library libssd_mobilenet_inference_msgs__rosidl_typesupport_cpp.so[0m
[ 61%] Built target ssd_mobilenet_inference_msgs__rosidl_typesupport_cpp
[ 64%] [32m[1mLinking CXX shared library libssd_mobilenet_inference_msgs__rosidl_typesupport_fastrtps_cpp.so[0m
[ 67%] [32m[1mLinking CXX shared library libssd_mobilenet_inference_msgs__rosidl_typesupport_introspection_cpp.so[0m
[ 70%] [32m[1mLinking CXX shared library libssd_mobilenet_inference_msgs__rosidl_typesupport_fastrtps_c.so[0m
[ 70%] Built target ssd_mobilenet_inference_msgs__rosidl_typesupport_introspection_cpp
[ 70%] Built target ssd_mobilenet_inference_msgs__rosidl_typesupport_fastrtps_cpp
[ 70%] Built target ssd_mobilenet_inference_msgs__rosidl_typesupport_fastrtps_c
[ 70%] Built target ssd_mobilenet_inference_msgs
[ 74%] [34m[1mGenerating Python code for ROS interfaces[0m
[ 74%] Built target ssd_mobilenet_inference_msgs__py
[ 77%] [32mBuilding C object CMakeFiles/ssd_mobilenet_inference_msgs__rosidl_generator_py.dir/rosidl_generator_py/ssd_mobilenet_inference_msgs/msg/_inference_result_s.c.o[0m
[ 80%] [32m[1mLinking C shared library rosidl_generator_py/ssd_mobilenet_inference_msgs/libssd_mobilenet_inference_msgs__rosidl_generator_py.so[0m
[ 80%] Built target ssd_mobilenet_inference_msgs__rosidl_generator_py
[ 83%] [32mBuilding C object CMakeFiles/ssd_mobilenet_inference_msgs__rosidl_typesupport_fastrtps_c__pyext.dir/rosidl_generator_py/ssd_mobilenet_inference_msgs/_ssd_mobilenet_inference_msgs_s.ep.rosidl_typesupport_fastrtps_c.c.o[0m
[ 87%] [32mBuilding C object CMakeFiles/ssd_mobilenet_inference_msgs__rosidl_typesupport_c__pyext.dir/rosidl_generator_py/ssd_mobilenet_inference_msgs/_ssd_mobilenet_inference_msgs_s.ep.rosidl_typesupport_c.c.o[0m
[ 90%] [32mBuilding C object CMakeFiles/ssd_mobilenet_inference_msgs__rosidl_typesupport_introspection_c__pyext.dir/rosidl_generator_py/ssd_mobilenet_inference_msgs/_ssd_mobilenet_inference_msgs_s.ep.rosidl_typesupport_introspection_c.c.o[0m
[ 96%] [32m[1mLinking C shared library rosidl_generator_py/ssd_mobilenet_inference_msgs/ssd_mobilenet_inference_msgs_s__rosidl_typesupport_introspection_c.cpython-38-aarch64-linux-gnu.so[0m
[ 96%] [32m[1mLinking C shared library rosidl_generator_py/ssd_mobilenet_inference_msgs/ssd_mobilenet_inference_msgs_s__rosidl_typesupport_c.cpython-38-aarch64-linux-gnu.so[0m
[100%] [32m[1mLinking C shared library rosidl_generator_py/ssd_mobilenet_inference_msgs/ssd_mobilenet_inference_msgs_s__rosidl_typesupport_fastrtps_c.cpython-38-aarch64-linux-gnu.so[0m
[100%] Built target ssd_mobilenet_inference_msgs__rosidl_typesupport_c__pyext
[100%] Built target ssd_mobilenet_inference_msgs__rosidl_typesupport_introspection_c__pyext
[100%] Built target ssd_mobilenet_inference_msgs__rosidl_typesupport_fastrtps_c__pyext
-- Install configuration: ""
-- Installing: /data/optimus_ws1/install/ssd_mobilenet_inference_msgs/share/ament_index/resource_index/rosidl_interfaces/ssd_mobilenet_inference_msgs
-- Installing: /data/optimus_ws1/install/ssd_mobilenet_inference_msgs/include/ssd_mobilenet_inference_msgs/ssd_mobilenet_inference_msgs
-- Installing: /data/optimus_ws1/install/ssd_mobilenet_inference_msgs/include/ssd_mobilenet_inference_msgs/ssd_mobilenet_inference_msgs/msg
-- Installing: /data/optimus_ws1/install/ssd_mobilenet_inference_msgs/include/ssd_mobilenet_inference_msgs/ssd_mobilenet_inference_msgs/msg/rosidl_generator_c__visibility_control.h
-- Installing: /data/optimus_ws1/install/ssd_mobilenet_inference_msgs/include/ssd_mobilenet_inference_msgs/ssd_mobilenet_inference_msgs/msg/detail
-- Installing: /data/optimus_ws1/install/ssd_mobilenet_inference_msgs/include/ssd_mobilenet_inference_msgs/ssd_mobilenet_inference_msgs/msg/detail/inference_result__functions.h
-- Installing: /data/optimus_ws1/install/ssd_mobilenet_inference_msgs/include/ssd_mobilenet_inference_msgs/ssd_mobilenet_inference_msgs/msg/detail/inference_result__struct.h
-- Installing: /data/optimus_ws1/install/ssd_mobilenet_inference_msgs/include/ssd_mobilenet_inference_msgs/ssd_mobilenet_inference_msgs/msg/detail/inference_result__functions.c
-- Installing: /data/optimus_ws1/install/ssd_mobilenet_inference_msgs/include/ssd_mobilenet_inference_msgs/ssd_mobilenet_inference_msgs/msg/detail/inference_result__type_support.h
-- Installing: /data/optimus_ws1/install/ssd_mobilenet_inference_msgs/include/ssd_mobilenet_inference_msgs/ssd_mobilenet_inference_msgs/msg/inference_result.h
-- Installing: /data/optimus_ws1/install/ssd_mobilenet_inference_msgs/share/ssd_mobilenet_inference_msgs/environment/library_path.sh
-- Installing: /data/optimus_ws1/install/ssd_mobilenet_inference_msgs/share/ssd_mobilenet_inference_msgs/environment/library_path.dsv
-- Installing: /data/optimus_ws1/install/ssd_mobilenet_inference_msgs/lib/libssd_mobilenet_inference_msgs__rosidl_generator_c.so
-- Set runtime path of "/data/optimus_ws1/install/ssd_mobilenet_inference_msgs/lib/libssd_mobilenet_inference_msgs__rosidl_generator_c.so" to ""
-- Up-to-date: /data/optimus_ws1/install/ssd_mobilenet_inference_msgs/include/ssd_mobilenet_inference_msgs/ssd_mobilenet_inference_msgs
-- Up-to-date: /data/optimus_ws1/install/ssd_mobilenet_inference_msgs/include/ssd_mobilenet_inference_msgs/ssd_mobilenet_inference_msgs/msg
-- Installing: /data/optimus_ws1/install/ssd_mobilenet_inference_msgs/include/ssd_mobilenet_inference_msgs/ssd_mobilenet_inference_msgs/msg/rosidl_typesupport_fastrtps_c__visibility_control.h
-- Up-to-date: /data/optimus_ws1/install/ssd_mobilenet_inference_msgs/include/ssd_mobilenet_inference_msgs/ssd_mobilenet_inference_msgs/msg/detail
-- Installing: /data/optimus_ws1/install/ssd_mobilenet_inference_msgs/include/ssd_mobilenet_inference_msgs/ssd_mobilenet_inference_msgs/msg/detail/inference_result__rosidl_typesupport_fastrtps_c.h
-- Installing: /data/optimus_ws1/install/ssd_mobilenet_inference_msgs/lib/libssd_mobilenet_inference_msgs__rosidl_typesupport_fastrtps_c.so
-- Set runtime path of "/data/optimus_ws1/install/ssd_mobilenet_inference_msgs/lib/libssd_mobilenet_inference_msgs__rosidl_typesupport_fastrtps_c.so" to ""
-- Up-to-date: /data/optimus_ws1/install/ssd_mobilenet_inference_msgs/include/ssd_mobilenet_inference_msgs/ssd_mobilenet_inference_msgs
-- Up-to-date: /data/optimus_ws1/install/ssd_mobilenet_inference_msgs/include/ssd_mobilenet_inference_msgs/ssd_mobilenet_inference_msgs/msg
-- Installing: /data/optimus_ws1/install/ssd_mobilenet_inference_msgs/include/ssd_mobilenet_inference_msgs/ssd_mobilenet_inference_msgs/msg/inference_result.hpp
-- Up-to-date: /data/optimus_ws1/install/ssd_mobilenet_inference_msgs/include/ssd_mobilenet_inference_msgs/ssd_mobilenet_inference_msgs/msg/detail
-- Installing: /data/optimus_ws1/install/ssd_mobilenet_inference_msgs/include/ssd_mobilenet_inference_msgs/ssd_mobilenet_inference_msgs/msg/detail/inference_result__builder.hpp
-- Installing: /data/optimus_ws1/install/ssd_mobilenet_inference_msgs/include/ssd_mobilenet_inference_msgs/ssd_mobilenet_inference_msgs/msg/detail/inference_result__struct.hpp
-- Installing: /data/optimus_ws1/install/ssd_mobilenet_inference_msgs/include/ssd_mobilenet_inference_msgs/ssd_mobilenet_inference_msgs/msg/detail/inference_result__traits.hpp
-- Up-to-date: /data/optimus_ws1/install/ssd_mobilenet_inference_msgs/include/ssd_mobilenet_inference_msgs/ssd_mobilenet_inference_msgs
-- Up-to-date: /data/optimus_ws1/install/ssd_mobilenet_inference_msgs/include/ssd_mobilenet_inference_msgs/ssd_mobilenet_inference_msgs/msg
-- Installing: /data/optimus_ws1/install/ssd_mobilenet_inference_msgs/include/ssd_mobilenet_inference_msgs/ssd_mobilenet_inference_msgs/msg/rosidl_typesupport_fastrtps_cpp__visibility_control.h
-- Up-to-date: /data/optimus_ws1/install/ssd_mobilenet_inference_msgs/include/ssd_mobilenet_inference_msgs/ssd_mobilenet_inference_msgs/msg/detail
-- Installing: /data/optimus_ws1/install/ssd_mobilenet_inference_msgs/include/ssd_mobilenet_inference_msgs/ssd_mobilenet_inference_msgs/msg/detail/inference_result__rosidl_typesupport_fastrtps_cpp.hpp
-- Installing: /data/optimus_ws1/install/ssd_mobilenet_inference_msgs/include/ssd_mobilenet_inference_msgs/ssd_mobilenet_inference_msgs/msg/detail/dds_fastrtps
-- Installing: /data/optimus_ws1/install/ssd_mobilenet_inference_msgs/lib/libssd_mobilenet_inference_msgs__rosidl_typesupport_fastrtps_cpp.so
-- Set runtime path of "/data/optimus_ws1/install/ssd_mobilenet_inference_msgs/lib/libssd_mobilenet_inference_msgs__rosidl_typesupport_fastrtps_cpp.so" to ""
-- Up-to-date: /data/optimus_ws1/install/ssd_mobilenet_inference_msgs/include/ssd_mobilenet_inference_msgs/ssd_mobilenet_inference_msgs
-- Up-to-date: /data/optimus_ws1/install/ssd_mobilenet_inference_msgs/include/ssd_mobilenet_inference_msgs/ssd_mobilenet_inference_msgs/msg
-- Up-to-date: /data/optimus_ws1/install/ssd_mobilenet_inference_msgs/include/ssd_mobilenet_inference_msgs/ssd_mobilenet_inference_msgs/msg/detail
-- Installing: /data/optimus_ws1/install/ssd_mobilenet_inference_msgs/include/ssd_mobilenet_inference_msgs/ssd_mobilenet_inference_msgs/msg/detail/inference_result__type_support.c
-- Installing: /data/optimus_ws1/install/ssd_mobilenet_inference_msgs/include/ssd_mobilenet_inference_msgs/ssd_mobilenet_inference_msgs/msg/detail/inference_result__rosidl_typesupport_introspection_c.h
-- Installing: /data/optimus_ws1/install/ssd_mobilenet_inference_msgs/include/ssd_mobilenet_inference_msgs/ssd_mobilenet_inference_msgs/msg/rosidl_typesupport_introspection_c__visibility_control.h
-- Installing: /data/optimus_ws1/install/ssd_mobilenet_inference_msgs/lib/libssd_mobilenet_inference_msgs__rosidl_typesupport_introspection_c.so
-- Set runtime path of "/data/optimus_ws1/install/ssd_mobilenet_inference_msgs/lib/libssd_mobilenet_inference_msgs__rosidl_typesupport_introspection_c.so" to ""
-- Installing: /data/optimus_ws1/install/ssd_mobilenet_inference_msgs/lib/libssd_mobilenet_inference_msgs__rosidl_typesupport_c.so
-- Set runtime path of "/data/optimus_ws1/install/ssd_mobilenet_inference_msgs/lib/libssd_mobilenet_inference_msgs__rosidl_typesupport_c.so" to ""
-- Up-to-date: /data/optimus_ws1/install/ssd_mobilenet_inference_msgs/include/ssd_mobilenet_inference_msgs/ssd_mobilenet_inference_msgs
-- Up-to-date: /data/optimus_ws1/install/ssd_mobilenet_inference_msgs/include/ssd_mobilenet_inference_msgs/ssd_mobilenet_inference_msgs/msg
-- Up-to-date: /data/optimus_ws1/install/ssd_mobilenet_inference_msgs/include/ssd_mobilenet_inference_msgs/ssd_mobilenet_inference_msgs/msg/detail
-- Installing: /data/optimus_ws1/install/ssd_mobilenet_inference_msgs/include/ssd_mobilenet_inference_msgs/ssd_mobilenet_inference_msgs/msg/detail/inference_result__type_support.cpp
-- Installing: /data/optimus_ws1/install/ssd_mobilenet_inference_msgs/include/ssd_mobilenet_inference_msgs/ssd_mobilenet_inference_msgs/msg/detail/inference_result__rosidl_typesupport_introspection_cpp.hpp
-- Installing: /data/optimus_ws1/install/ssd_mobilenet_inference_msgs/lib/libssd_mobilenet_inference_msgs__rosidl_typesupport_introspection_cpp.so
-- Set runtime path of "/data/optimus_ws1/install/ssd_mobilenet_inference_msgs/lib/libssd_mobilenet_inference_msgs__rosidl_typesupport_introspection_cpp.so" to ""
-- Installing: /data/optimus_ws1/install/ssd_mobilenet_inference_msgs/lib/libssd_mobilenet_inference_msgs__rosidl_typesupport_cpp.so
-- Set runtime path of "/data/optimus_ws1/install/ssd_mobilenet_inference_msgs/lib/libssd_mobilenet_inference_msgs__rosidl_typesupport_cpp.so" to ""
-- Installing: /data/optimus_ws1/install/ssd_mobilenet_inference_msgs/share/ssd_mobilenet_inference_msgs/environment/pythonpath.sh
-- Installing: /data/optimus_ws1/install/ssd_mobilenet_inference_msgs/share/ssd_mobilenet_inference_msgs/environment/pythonpath.dsv
-- Installing: /data/optimus_ws1/install/ssd_mobilenet_inference_msgs/lib/python3.8/site-packages/ssd_mobilenet_inference_msgs-0.0.0-py3.8.egg-info
-- Installing: /data/optimus_ws1/install/ssd_mobilenet_inference_msgs/lib/python3.8/site-packages/ssd_mobilenet_inference_msgs-0.0.0-py3.8.egg-info/SOURCES.txt
-- Installing: /data/optimus_ws1/install/ssd_mobilenet_inference_msgs/lib/python3.8/site-packages/ssd_mobilenet_inference_msgs-0.0.0-py3.8.egg-info/top_level.txt
-- Installing: /data/optimus_ws1/install/ssd_mobilenet_inference_msgs/lib/python3.8/site-packages/ssd_mobilenet_inference_msgs-0.0.0-py3.8.egg-info/PKG-INFO
-- Installing: /data/optimus_ws1/install/ssd_mobilenet_inference_msgs/lib/python3.8/site-packages/ssd_mobilenet_inference_msgs-0.0.0-py3.8.egg-info/dependency_links.txt
-- Installing: /data/optimus_ws1/install/ssd_mobilenet_inference_msgs/lib/python3.8/site-packages/ssd_mobilenet_inference_msgs
-- Installing: /data/optimus_ws1/install/ssd_mobilenet_inference_msgs/lib/python3.8/site-packages/ssd_mobilenet_inference_msgs/_ssd_mobilenet_inference_msgs_s.ep.rosidl_typesupport_fastrtps_c.c
-- Installing: /data/optimus_ws1/install/ssd_mobilenet_inference_msgs/lib/python3.8/site-packages/ssd_mobilenet_inference_msgs/libssd_mobilenet_inference_msgs__rosidl_generator_py.so
-- Installing: /data/optimus_ws1/install/ssd_mobilenet_inference_msgs/lib/python3.8/site-packages/ssd_mobilenet_inference_msgs/ssd_mobilenet_inference_msgs_s__rosidl_typesupport_fastrtps_c.cpython-38-aarch64-linux-gnu.so
-- Installing: /data/optimus_ws1/install/ssd_mobilenet_inference_msgs/lib/python3.8/site-packages/ssd_mobilenet_inference_msgs/ssd_mobilenet_inference_msgs_s__rosidl_typesupport_c.cpython-38-aarch64-linux-gnu.so
-- Installing: /data/optimus_ws1/install/ssd_mobilenet_inference_msgs/lib/python3.8/site-packages/ssd_mobilenet_inference_msgs/_ssd_mobilenet_inference_msgs_s.ep.rosidl_typesupport_c.c
-- Installing: /data/optimus_ws1/install/ssd_mobilenet_inference_msgs/lib/python3.8/site-packages/ssd_mobilenet_inference_msgs/_ssd_mobilenet_inference_msgs_s.ep.rosidl_typesupport_introspection_c.c
-- Installing: /data/optimus_ws1/install/ssd_mobilenet_inference_msgs/lib/python3.8/site-packages/ssd_mobilenet_inference_msgs/ssd_mobilenet_inference_msgs_s__rosidl_typesupport_introspection_c.cpython-38-aarch64-linux-gnu.so
-- Installing: /data/optimus_ws1/install/ssd_mobilenet_inference_msgs/lib/python3.8/site-packages/ssd_mobilenet_inference_msgs/msg
-- Installing: /data/optimus_ws1/install/ssd_mobilenet_inference_msgs/lib/python3.8/site-packages/ssd_mobilenet_inference_msgs/msg/_inference_result.py
-- Installing: /data/optimus_ws1/install/ssd_mobilenet_inference_msgs/lib/python3.8/site-packages/ssd_mobilenet_inference_msgs/msg/_inference_result_s.c
-- Installing: /data/optimus_ws1/install/ssd_mobilenet_inference_msgs/lib/python3.8/site-packages/ssd_mobilenet_inference_msgs/msg/__init__.py
-- Installing: /data/optimus_ws1/install/ssd_mobilenet_inference_msgs/lib/python3.8/site-packages/ssd_mobilenet_inference_msgs/__init__.py
Listing '/data/optimus_ws1/install/ssd_mobilenet_inference_msgs/lib/python3.8/site-packages/ssd_mobilenet_inference_msgs'...
Compiling '/data/optimus_ws1/install/ssd_mobilenet_inference_msgs/lib/python3.8/site-packages/ssd_mobilenet_inference_msgs/__init__.py'...
Listing '/data/optimus_ws1/install/ssd_mobilenet_inference_msgs/lib/python3.8/site-packages/ssd_mobilenet_inference_msgs/msg'...
Compiling '/data/optimus_ws1/install/ssd_mobilenet_inference_msgs/lib/python3.8/site-packages/ssd_mobilenet_inference_msgs/msg/__init__.py'...
Compiling '/data/optimus_ws1/install/ssd_mobilenet_inference_msgs/lib/python3.8/site-packages/ssd_mobilenet_inference_msgs/msg/_inference_result.py'...
-- Installing: /data/optimus_ws1/install/ssd_mobilenet_inference_msgs/lib/python3.8/site-packages/ssd_mobilenet_inference_msgs/ssd_mobilenet_inference_msgs_s__rosidl_typesupport_fastrtps_c.cpython-38-aarch64-linux-gnu.so
-- Set runtime path of "/data/optimus_ws1/install/ssd_mobilenet_inference_msgs/lib/python3.8/site-packages/ssd_mobilenet_inference_msgs/ssd_mobilenet_inference_msgs_s__rosidl_typesupport_fastrtps_c.cpython-38-aarch64-linux-gnu.so" to ""
-- Installing: /data/optimus_ws1/install/ssd_mobilenet_inference_msgs/lib/python3.8/site-packages/ssd_mobilenet_inference_msgs/ssd_mobilenet_inference_msgs_s__rosidl_typesupport_introspection_c.cpython-38-aarch64-linux-gnu.so
-- Set runtime path of "/data/optimus_ws1/install/ssd_mobilenet_inference_msgs/lib/python3.8/site-packages/ssd_mobilenet_inference_msgs/ssd_mobilenet_inference_msgs_s__rosidl_typesupport_introspection_c.cpython-38-aarch64-linux-gnu.so" to ""
-- Installing: /data/optimus_ws1/install/ssd_mobilenet_inference_msgs/lib/python3.8/site-packages/ssd_mobilenet_inference_msgs/ssd_mobilenet_inference_msgs_s__rosidl_typesupport_c.cpython-38-aarch64-linux-gnu.so
-- Set runtime path of "/data/optimus_ws1/install/ssd_mobilenet_inference_msgs/lib/python3.8/site-packages/ssd_mobilenet_inference_msgs/ssd_mobilenet_inference_msgs_s__rosidl_typesupport_c.cpython-38-aarch64-linux-gnu.so" to ""
-- Installing: /data/optimus_ws1/install/ssd_mobilenet_inference_msgs/lib/libssd_mobilenet_inference_msgs__rosidl_generator_py.so
-- Set runtime path of "/data/optimus_ws1/install/ssd_mobilenet_inference_msgs/lib/libssd_mobilenet_inference_msgs__rosidl_generator_py.so" to ""
-- Installing: /data/optimus_ws1/install/ssd_mobilenet_inference_msgs/share/ssd_mobilenet_inference_msgs/msg/InferenceResult.idl
-- Installing: /data/optimus_ws1/install/ssd_mobilenet_inference_msgs/share/ssd_mobilenet_inference_msgs/msg/InferenceResult.msg
-- Installing: /data/optimus_ws1/install/ssd_mobilenet_inference_msgs/share/ament_index/resource_index/package_run_dependencies/ssd_mobilenet_inference_msgs
-- Installing: /data/optimus_ws1/install/ssd_mobilenet_inference_msgs/share/ament_index/resource_index/parent_prefix_path/ssd_mobilenet_inference_msgs
-- Installing: /data/optimus_ws1/install/ssd_mobilenet_inference_msgs/share/ssd_mobilenet_inference_msgs/environment/ament_prefix_path.sh
-- Installing: /data/optimus_ws1/install/ssd_mobilenet_inference_msgs/share/ssd_mobilenet_inference_msgs/environment/ament_prefix_path.dsv
-- Installing: /data/optimus_ws1/install/ssd_mobilenet_inference_msgs/share/ssd_mobilenet_inference_msgs/environment/path.sh
-- Installing: /data/optimus_ws1/install/ssd_mobilenet_inference_msgs/share/ssd_mobilenet_inference_msgs/environment/path.dsv
-- Installing: /data/optimus_ws1/install/ssd_mobilenet_inference_msgs/share/ssd_mobilenet_inference_msgs/local_setup.bash
-- Installing: /data/optimus_ws1/install/ssd_mobilenet_inference_msgs/share/ssd_mobilenet_inference_msgs/local_setup.sh
-- Installing: /data/optimus_ws1/install/ssd_mobilenet_inference_msgs/share/ssd_mobilenet_inference_msgs/local_setup.zsh
-- Installing: /data/optimus_ws1/install/ssd_mobilenet_inference_msgs/share/ssd_mobilenet_inference_msgs/local_setup.dsv
-- Installing: /data/optimus_ws1/install/ssd_mobilenet_inference_msgs/share/ssd_mobilenet_inference_msgs/package.dsv
-- Installing: /data/optimus_ws1/install/ssd_mobilenet_inference_msgs/share/ament_index/resource_index/packages/ssd_mobilenet_inference_msgs
-- Installing: /data/optimus_ws1/install/ssd_mobilenet_inference_msgs/share/ssd_mobilenet_inference_msgs/cmake/export_ssd_mobilenet_inference_msgs__rosidl_generator_cExport.cmake
-- Installing: /data/optimus_ws1/install/ssd_mobilenet_inference_msgs/share/ssd_mobilenet_inference_msgs/cmake/export_ssd_mobilenet_inference_msgs__rosidl_generator_cExport-noconfig.cmake
-- Installing: /data/optimus_ws1/install/ssd_mobilenet_inference_msgs/share/ssd_mobilenet_inference_msgs/cmake/export_ssd_mobilenet_inference_msgs__rosidl_typesupport_fastrtps_cExport.cmake
-- Installing: /data/optimus_ws1/install/ssd_mobilenet_inference_msgs/share/ssd_mobilenet_inference_msgs/cmake/export_ssd_mobilenet_inference_msgs__rosidl_typesupport_fastrtps_cExport-noconfig.cmake
-- Installing: /data/optimus_ws1/install/ssd_mobilenet_inference_msgs/share/ssd_mobilenet_inference_msgs/cmake/export_ssd_mobilenet_inference_msgs__rosidl_generator_cppExport.cmake
-- Installing: /data/optimus_ws1/install/ssd_mobilenet_inference_msgs/share/ssd_mobilenet_inference_msgs/cmake/export_ssd_mobilenet_inference_msgs__rosidl_typesupport_fastrtps_cppExport.cmake
-- Installing: /data/optimus_ws1/install/ssd_mobilenet_inference_msgs/share/ssd_mobilenet_inference_msgs/cmake/export_ssd_mobilenet_inference_msgs__rosidl_typesupport_fastrtps_cppExport-noconfig.cmake
-- Installing: /data/optimus_ws1/install/ssd_mobilenet_inference_msgs/share/ssd_mobilenet_inference_msgs/cmake/ssd_mobilenet_inference_msgs__rosidl_typesupport_introspection_cExport.cmake
-- Installing: /data/optimus_ws1/install/ssd_mobilenet_inference_msgs/share/ssd_mobilenet_inference_msgs/cmake/ssd_mobilenet_inference_msgs__rosidl_typesupport_introspection_cExport-noconfig.cmake
-- Installing: /data/optimus_ws1/install/ssd_mobilenet_inference_msgs/share/ssd_mobilenet_inference_msgs/cmake/ssd_mobilenet_inference_msgs__rosidl_typesupport_cExport.cmake
-- Installing: /data/optimus_ws1/install/ssd_mobilenet_inference_msgs/share/ssd_mobilenet_inference_msgs/cmake/ssd_mobilenet_inference_msgs__rosidl_typesupport_cExport-noconfig.cmake
-- Installing: /data/optimus_ws1/install/ssd_mobilenet_inference_msgs/share/ssd_mobilenet_inference_msgs/cmake/ssd_mobilenet_inference_msgs__rosidl_typesupport_introspection_cppExport.cmake
-- Installing: /data/optimus_ws1/install/ssd_mobilenet_inference_msgs/share/ssd_mobilenet_inference_msgs/cmake/ssd_mobilenet_inference_msgs__rosidl_typesupport_introspection_cppExport-noconfig.cmake
-- Installing: /data/optimus_ws1/install/ssd_mobilenet_inference_msgs/share/ssd_mobilenet_inference_msgs/cmake/ssd_mobilenet_inference_msgs__rosidl_typesupport_cppExport.cmake
-- Installing: /data/optimus_ws1/install/ssd_mobilenet_inference_msgs/share/ssd_mobilenet_inference_msgs/cmake/ssd_mobilenet_inference_msgs__rosidl_typesupport_cppExport-noconfig.cmake
-- Installing: /data/optimus_ws1/install/ssd_mobilenet_inference_msgs/share/ssd_mobilenet_inference_msgs/cmake/export_ssd_mobilenet_inference_msgs__rosidl_generator_pyExport.cmake
-- Installing: /data/optimus_ws1/install/ssd_mobilenet_inference_msgs/share/ssd_mobilenet_inference_msgs/cmake/export_ssd_mobilenet_inference_msgs__rosidl_generator_pyExport-noconfig.cmake
-- Installing: /data/optimus_ws1/install/ssd_mobilenet_inference_msgs/share/ssd_mobilenet_inference_msgs/cmake/rosidl_cmake-extras.cmake
-- Installing: /data/optimus_ws1/install/ssd_mobilenet_inference_msgs/share/ssd_mobilenet_inference_msgs/cmake/ament_cmake_export_include_directories-extras.cmake
-- Installing: /data/optimus_ws1/install/ssd_mobilenet_inference_msgs/share/ssd_mobilenet_inference_msgs/cmake/ament_cmake_export_libraries-extras.cmake
-- Installing: /data/optimus_ws1/install/ssd_mobilenet_inference_msgs/share/ssd_mobilenet_inference_msgs/cmake/ament_cmake_export_targets-extras.cmake
-- Installing: /data/optimus_ws1/install/ssd_mobilenet_inference_msgs/share/ssd_mobilenet_inference_msgs/cmake/rosidl_cmake_export_typesupport_targets-extras.cmake
-- Installing: /data/optimus_ws1/install/ssd_mobilenet_inference_msgs/share/ssd_mobilenet_inference_msgs/cmake/ament_cmake_export_dependencies-extras.cmake
-- Installing: /data/optimus_ws1/install/ssd_mobilenet_inference_msgs/share/ssd_mobilenet_inference_msgs/cmake/rosidl_cmake_export_typesupport_libraries-extras.cmake
-- Installing: /data/optimus_ws1/install/ssd_mobilenet_inference_msgs/share/ssd_mobilenet_inference_msgs/cmake/ssd_mobilenet_inference_msgsConfig.cmake
-- Installing: /data/optimus_ws1/install/ssd_mobilenet_inference_msgs/share/ssd_mobilenet_inference_msgs/cmake/ssd_mobilenet_inference_msgsConfig-version.cmake
-- Installing: /data/optimus_ws1/install/ssd_mobilenet_inference_msgs/share/ssd_mobilenet_inference_msgs/package.xml
