[0.457s] Invoking command in '/data/optimus_ws1/build/ssd_mobilenet_inference_msgs': PS1=(env) \[\e]0;\u@\h: \w\a\]${debian_chroot:+($debian_chroot)}\u@\h:\w\$ /usr/local/bin/cmake /data/optimus_ws1/src/ssd_mobilenet_inference_msgs -DCMAKE_INSTALL_PREFIX=/data/optimus_ws1/install/ssd_mobilenet_inference_msgs
[0.680s] -- The C compiler identification is GNU 9.4.0
[0.816s] -- The CXX compiler identification is GNU 9.4.0
[0.840s] -- Detecting C compiler ABI info
[0.945s] -- Detecting C compiler ABI info - done
[0.968s] -- Check for working C compiler: /usr/bin/cc - skipped
[0.968s] -- Detecting C compile features
[0.970s] -- Detecting C compile features - done
[0.975s] -- Detecting CXX compiler ABI info
[1.094s] -- Detecting CXX compiler ABI info - done
[1.115s] -- Check for working CXX compiler: /usr/bin/c++ - skipped
[1.115s] -- Detecting CXX compile features
[1.116s] -- Detecting CXX compile features - done
[1.128s] -- Found ament_cmake: 1.3.4 (/opt/ros/humble/install/share/ament_cmake/cmake)
[4.045s] -- Found Python3: /env/bin/python3.8 (found version "3.8.10") found components: Interpreter 
[4.219s] -- Found std_msgs: 4.2.3 (/opt/ros/humble/install/share/std_msgs/cmake)
[4.285s] -- Found rosidl_generator_c: 3.1.4 (/opt/ros/humble/install/share/rosidl_generator_c/cmake)
[4.294s] -- Found rosidl_adapter: 3.1.4 (/opt/ros/humble/install/share/rosidl_adapter/cmake)
[4.312s] -- Found rosidl_generator_cpp: 3.1.4 (/opt/ros/humble/install/share/rosidl_generator_cpp/cmake)
[4.343s] -- Using all available rosidl_typesupport_c: rosidl_typesupport_fastrtps_c;rosidl_typesupport_introspection_c
[4.382s] -- Using all available rosidl_typesupport_cpp: rosidl_typesupport_fastrtps_cpp;rosidl_typesupport_introspection_cpp
[4.494s] -- Found rosidl_default_generators: 1.2.0 (/opt/ros/humble/install/share/rosidl_default_generators/cmake)
[4.832s] -- Found ament_cmake_ros: 0.10.0 (/opt/ros/humble/install/share/ament_cmake_ros/cmake)
[5.135s] -- Using all available rosidl_typesupport_c: rosidl_typesupport_fastrtps_c;rosidl_typesupport_introspection_c
[5.246s] -- Using all available rosidl_typesupport_cpp: rosidl_typesupport_fastrtps_cpp;rosidl_typesupport_introspection_cpp
[5.291s] -- Found PythonInterp: /env/bin/python3 (found suitable version "3.8.10", minimum required is "3.6") 
[5.295s] -- Found python_cmake_module: 0.10.0 (/opt/ros/humble/install/share/python_cmake_module/cmake)
[5.348s] -- Found PythonLibs: /usr/lib/aarch64-linux-gnu/libpython3.8.so (found suitable version "3.8.10", minimum required is "3.5") 
[5.348s] -- Using PYTHON_EXECUTABLE: /env/bin/python3
[5.348s] -- Using PYTHON_INCLUDE_DIRS: /usr/include/python3.8
[5.349s] -- Using PYTHON_LIBRARIES: /usr/lib/aarch64-linux-gnu/libpython3.8.so
[5.390s] -- Found PythonExtra: .so  
[5.468s] -- Found ament_lint_auto: 0.12.6 (/opt/ros/humble/install/share/ament_lint_auto/cmake)
[5.501s] -- Added test 'lint_cmake' to check CMake code style
[5.503s] -- Added test 'xmllint' to check XML markup files
[5.509s] -- Configuring done (5.0s)
[5.561s] -- Generating done (0.0s)
[5.566s] -- Build files have been written to: /data/optimus_ws1/build/ssd_mobilenet_inference_msgs
[5.589s] Invoked command in '/data/optimus_ws1/build/ssd_mobilenet_inference_msgs' returned '0': PS1=(env) \[\e]0;\u@\h: \w\a\]${debian_chroot:+($debian_chroot)}\u@\h:\w\$ /usr/local/bin/cmake /data/optimus_ws1/src/ssd_mobilenet_inference_msgs -DCMAKE_INSTALL_PREFIX=/data/optimus_ws1/install/ssd_mobilenet_inference_msgs
[5.595s] Invoking command in '/data/optimus_ws1/build/ssd_mobilenet_inference_msgs': PS1=(env) \[\e]0;\u@\h: \w\a\]${debian_chroot:+($debian_chroot)}\u@\h:\w\$ /usr/local/bin/cmake --build /data/optimus_ws1/build/ssd_mobilenet_inference_msgs -- -j8 -l8
[5.667s] [  3%] [34m[1mGenerating C code for ROS interfaces[0m
[5.675s] [  6%] [34m[1mGenerating C++ code for ROS interfaces[0m
[5.680s] [  6%] Built target ament_cmake_python_copy_ssd_mobilenet_inference_msgs
[6.034s] [  6%] Built target ssd_mobilenet_inference_msgs__cpp
[6.043s] [  9%] [34m[1mGenerating C++ type support for eProsima Fast-RTPS[0m
[6.047s] [ 16%] [34m[1mGenerating C++ type support dispatch for ROS interfaces[0m
[6.048s] [ 16%] [32mBuilding C object CMakeFiles/ssd_mobilenet_inference_msgs__rosidl_generator_c.dir/rosidl_generator_c/ssd_mobilenet_inference_msgs/msg/detail/inference_result__functions.c.o[0m
[6.048s] [ 19%] [34m[1mGenerating C++ introspection for ROS interfaces[0m
[6.103s] running egg_info
[6.106s] creating ssd_mobilenet_inference_msgs.egg-info
[6.145s] writing ssd_mobilenet_inference_msgs.egg-info/PKG-INFO
[6.146s] writing dependency_links to ssd_mobilenet_inference_msgs.egg-info/dependency_links.txt
[6.147s] writing top-level names to ssd_mobilenet_inference_msgs.egg-info/top_level.txt
[6.147s] writing manifest file 'ssd_mobilenet_inference_msgs.egg-info/SOURCES.txt'
[6.201s] [ 22%] [32m[1mLinking C shared library libssd_mobilenet_inference_msgs__rosidl_generator_c.so[0m
[6.239s] [ 22%] Built target ssd_mobilenet_inference_msgs__rosidl_generator_c
[6.248s] [ 32%] [34m[1mGenerating C type support for eProsima Fast-RTPS[0m
[6.251s] [ 32%] [34m[1mGenerating C type support dispatch for ROS interfaces[0m
[6.251s] [ 32%] [34m[1mGenerating C introspection for ROS interfaces[0m
[6.275s] reading manifest file 'ssd_mobilenet_inference_msgs.egg-info/SOURCES.txt'
[6.277s] writing manifest file 'ssd_mobilenet_inference_msgs.egg-info/SOURCES.txt'
[6.360s] [ 32%] Built target ament_cmake_python_build_ssd_mobilenet_inference_msgs_egg
[6.412s] [ 35%] [32mBuilding CXX object CMakeFiles/ssd_mobilenet_inference_msgs__rosidl_typesupport_cpp.dir/rosidl_typesupport_cpp/ssd_mobilenet_inference_msgs/msg/inference_result__type_support.cpp.o[0m
[6.449s] [ 41%] [32mBuilding CXX object CMakeFiles/ssd_mobilenet_inference_msgs__rosidl_typesupport_introspection_cpp.dir/rosidl_typesupport_introspection_cpp/ssd_mobilenet_inference_msgs/msg/detail/inference_result__type_support.cpp.o[0m
[6.450s] [ 41%] [32mBuilding CXX object CMakeFiles/ssd_mobilenet_inference_msgs__rosidl_typesupport_fastrtps_cpp.dir/rosidl_typesupport_fastrtps_cpp/ssd_mobilenet_inference_msgs/msg/detail/dds_fastrtps/inference_result__type_support.cpp.o[0m
[6.597s] [ 45%] [32mBuilding CXX object CMakeFiles/ssd_mobilenet_inference_msgs__rosidl_typesupport_c.dir/rosidl_typesupport_c/ssd_mobilenet_inference_msgs/msg/inference_result__type_support.cpp.o[0m
[6.622s] [ 48%] [32mBuilding C object CMakeFiles/ssd_mobilenet_inference_msgs__rosidl_typesupport_introspection_c.dir/rosidl_typesupport_introspection_c/ssd_mobilenet_inference_msgs/msg/detail/inference_result__type_support.c.o[0m
[6.650s] [ 51%] [32m[1mLinking CXX shared library libssd_mobilenet_inference_msgs__rosidl_typesupport_c.so[0m
[6.656s] [ 54%] [32mBuilding CXX object CMakeFiles/ssd_mobilenet_inference_msgs__rosidl_typesupport_fastrtps_c.dir/rosidl_typesupport_fastrtps_c/ssd_mobilenet_inference_msgs/msg/detail/inference_result__type_support_c.cpp.o[0m
[6.693s] [ 58%] [32m[1mLinking C shared library libssd_mobilenet_inference_msgs__rosidl_typesupport_introspection_c.so[0m
[6.696s] [ 58%] Built target ssd_mobilenet_inference_msgs__rosidl_typesupport_c
[6.729s] [ 58%] Built target ssd_mobilenet_inference_msgs__rosidl_typesupport_introspection_c
[6.968s] [ 61%] [32m[1mLinking CXX shared library libssd_mobilenet_inference_msgs__rosidl_typesupport_cpp.so[0m
[7.011s] [ 61%] Built target ssd_mobilenet_inference_msgs__rosidl_typesupport_cpp
[7.243s] [ 64%] [32m[1mLinking CXX shared library libssd_mobilenet_inference_msgs__rosidl_typesupport_fastrtps_cpp.so[0m
[7.248s] [ 67%] [32m[1mLinking CXX shared library libssd_mobilenet_inference_msgs__rosidl_typesupport_introspection_cpp.so[0m
[7.335s] [ 70%] [32m[1mLinking CXX shared library libssd_mobilenet_inference_msgs__rosidl_typesupport_fastrtps_c.so[0m
[7.347s] [ 70%] Built target ssd_mobilenet_inference_msgs__rosidl_typesupport_introspection_cpp
[7.353s] [ 70%] Built target ssd_mobilenet_inference_msgs__rosidl_typesupport_fastrtps_cpp
[7.434s] [ 70%] Built target ssd_mobilenet_inference_msgs__rosidl_typesupport_fastrtps_c
[7.449s] [ 70%] Built target ssd_mobilenet_inference_msgs
[7.467s] [ 74%] [34m[1mGenerating Python code for ROS interfaces[0m
[7.871s] [ 74%] Built target ssd_mobilenet_inference_msgs__py
[7.887s] [ 77%] [32mBuilding C object CMakeFiles/ssd_mobilenet_inference_msgs__rosidl_generator_py.dir/rosidl_generator_py/ssd_mobilenet_inference_msgs/msg/_inference_result_s.c.o[0m
[8.047s] [ 80%] [32m[1mLinking C shared library rosidl_generator_py/ssd_mobilenet_inference_msgs/libssd_mobilenet_inference_msgs__rosidl_generator_py.so[0m
[8.088s] [ 80%] Built target ssd_mobilenet_inference_msgs__rosidl_generator_py
[8.105s] [ 83%] [32mBuilding C object CMakeFiles/ssd_mobilenet_inference_msgs__rosidl_typesupport_fastrtps_c__pyext.dir/rosidl_generator_py/ssd_mobilenet_inference_msgs/_ssd_mobilenet_inference_msgs_s.ep.rosidl_typesupport_fastrtps_c.c.o[0m
[8.105s] [ 87%] [32mBuilding C object CMakeFiles/ssd_mobilenet_inference_msgs__rosidl_typesupport_c__pyext.dir/rosidl_generator_py/ssd_mobilenet_inference_msgs/_ssd_mobilenet_inference_msgs_s.ep.rosidl_typesupport_c.c.o[0m
[8.106s] [ 90%] [32mBuilding C object CMakeFiles/ssd_mobilenet_inference_msgs__rosidl_typesupport_introspection_c__pyext.dir/rosidl_generator_py/ssd_mobilenet_inference_msgs/_ssd_mobilenet_inference_msgs_s.ep.rosidl_typesupport_introspection_c.c.o[0m
[8.252s] [ 96%] [32m[1mLinking C shared library rosidl_generator_py/ssd_mobilenet_inference_msgs/ssd_mobilenet_inference_msgs_s__rosidl_typesupport_introspection_c.cpython-38-aarch64-linux-gnu.so[0m
[8.253s] [ 96%] [32m[1mLinking C shared library rosidl_generator_py/ssd_mobilenet_inference_msgs/ssd_mobilenet_inference_msgs_s__rosidl_typesupport_c.cpython-38-aarch64-linux-gnu.so[0m
[8.267s] [100%] [32m[1mLinking C shared library rosidl_generator_py/ssd_mobilenet_inference_msgs/ssd_mobilenet_inference_msgs_s__rosidl_typesupport_fastrtps_c.cpython-38-aarch64-linux-gnu.so[0m
[8.293s] [100%] Built target ssd_mobilenet_inference_msgs__rosidl_typesupport_c__pyext
[8.293s] [100%] Built target ssd_mobilenet_inference_msgs__rosidl_typesupport_introspection_c__pyext
[8.306s] [100%] Built target ssd_mobilenet_inference_msgs__rosidl_typesupport_fastrtps_c__pyext
[8.327s] Invoked command in '/data/optimus_ws1/build/ssd_mobilenet_inference_msgs' returned '0': PS1=(env) \[\e]0;\u@\h: \w\a\]${debian_chroot:+($debian_chroot)}\u@\h:\w\$ /usr/local/bin/cmake --build /data/optimus_ws1/build/ssd_mobilenet_inference_msgs -- -j8 -l8
[8.527s] Invoking command in '/data/optimus_ws1/build/ssd_mobilenet_inference_msgs': PS1=(env) \[\e]0;\u@\h: \w\a\]${debian_chroot:+($debian_chroot)}\u@\h:\w\$ /usr/local/bin/cmake --install /data/optimus_ws1/build/ssd_mobilenet_inference_msgs
[8.576s] -- Install configuration: ""
[8.576s] -- Installing: /data/optimus_ws1/install/ssd_mobilenet_inference_msgs/share/ament_index/resource_index/rosidl_interfaces/ssd_mobilenet_inference_msgs
[8.577s] -- Installing: /data/optimus_ws1/install/ssd_mobilenet_inference_msgs/include/ssd_mobilenet_inference_msgs/ssd_mobilenet_inference_msgs
[8.577s] -- Installing: /data/optimus_ws1/install/ssd_mobilenet_inference_msgs/include/ssd_mobilenet_inference_msgs/ssd_mobilenet_inference_msgs/msg
[8.577s] -- Installing: /data/optimus_ws1/install/ssd_mobilenet_inference_msgs/include/ssd_mobilenet_inference_msgs/ssd_mobilenet_inference_msgs/msg/rosidl_generator_c__visibility_control.h
[8.577s] -- Installing: /data/optimus_ws1/install/ssd_mobilenet_inference_msgs/include/ssd_mobilenet_inference_msgs/ssd_mobilenet_inference_msgs/msg/detail
[8.577s] -- Installing: /data/optimus_ws1/install/ssd_mobilenet_inference_msgs/include/ssd_mobilenet_inference_msgs/ssd_mobilenet_inference_msgs/msg/detail/inference_result__functions.h
[8.577s] -- Installing: /data/optimus_ws1/install/ssd_mobilenet_inference_msgs/include/ssd_mobilenet_inference_msgs/ssd_mobilenet_inference_msgs/msg/detail/inference_result__struct.h
[8.577s] -- Installing: /data/optimus_ws1/install/ssd_mobilenet_inference_msgs/include/ssd_mobilenet_inference_msgs/ssd_mobilenet_inference_msgs/msg/detail/inference_result__functions.c
[8.578s] -- Installing: /data/optimus_ws1/install/ssd_mobilenet_inference_msgs/include/ssd_mobilenet_inference_msgs/ssd_mobilenet_inference_msgs/msg/detail/inference_result__type_support.h
[8.578s] -- Installing: /data/optimus_ws1/install/ssd_mobilenet_inference_msgs/include/ssd_mobilenet_inference_msgs/ssd_mobilenet_inference_msgs/msg/inference_result.h
[8.578s] -- Installing: /data/optimus_ws1/install/ssd_mobilenet_inference_msgs/share/ssd_mobilenet_inference_msgs/environment/library_path.sh
[8.578s] -- Installing: /data/optimus_ws1/install/ssd_mobilenet_inference_msgs/share/ssd_mobilenet_inference_msgs/environment/library_path.dsv
[8.579s] -- Installing: /data/optimus_ws1/install/ssd_mobilenet_inference_msgs/lib/libssd_mobilenet_inference_msgs__rosidl_generator_c.so
[8.579s] -- Set runtime path of "/data/optimus_ws1/install/ssd_mobilenet_inference_msgs/lib/libssd_mobilenet_inference_msgs__rosidl_generator_c.so" to ""
[8.579s] -- Up-to-date: /data/optimus_ws1/install/ssd_mobilenet_inference_msgs/include/ssd_mobilenet_inference_msgs/ssd_mobilenet_inference_msgs
[8.580s] -- Up-to-date: /data/optimus_ws1/install/ssd_mobilenet_inference_msgs/include/ssd_mobilenet_inference_msgs/ssd_mobilenet_inference_msgs/msg
[8.580s] -- Installing: /data/optimus_ws1/install/ssd_mobilenet_inference_msgs/include/ssd_mobilenet_inference_msgs/ssd_mobilenet_inference_msgs/msg/rosidl_typesupport_fastrtps_c__visibility_control.h
[8.580s] -- Up-to-date: /data/optimus_ws1/install/ssd_mobilenet_inference_msgs/include/ssd_mobilenet_inference_msgs/ssd_mobilenet_inference_msgs/msg/detail
[8.580s] -- Installing: /data/optimus_ws1/install/ssd_mobilenet_inference_msgs/include/ssd_mobilenet_inference_msgs/ssd_mobilenet_inference_msgs/msg/detail/inference_result__rosidl_typesupport_fastrtps_c.h
[8.580s] -- Installing: /data/optimus_ws1/install/ssd_mobilenet_inference_msgs/lib/libssd_mobilenet_inference_msgs__rosidl_typesupport_fastrtps_c.so
[8.580s] -- Set runtime path of "/data/optimus_ws1/install/ssd_mobilenet_inference_msgs/lib/libssd_mobilenet_inference_msgs__rosidl_typesupport_fastrtps_c.so" to ""
[8.580s] -- Up-to-date: /data/optimus_ws1/install/ssd_mobilenet_inference_msgs/include/ssd_mobilenet_inference_msgs/ssd_mobilenet_inference_msgs
[8.581s] -- Up-to-date: /data/optimus_ws1/install/ssd_mobilenet_inference_msgs/include/ssd_mobilenet_inference_msgs/ssd_mobilenet_inference_msgs/msg
[8.581s] -- Installing: /data/optimus_ws1/install/ssd_mobilenet_inference_msgs/include/ssd_mobilenet_inference_msgs/ssd_mobilenet_inference_msgs/msg/inference_result.hpp
[8.581s] -- Up-to-date: /data/optimus_ws1/install/ssd_mobilenet_inference_msgs/include/ssd_mobilenet_inference_msgs/ssd_mobilenet_inference_msgs/msg/detail
[8.581s] -- Installing: /data/optimus_ws1/install/ssd_mobilenet_inference_msgs/include/ssd_mobilenet_inference_msgs/ssd_mobilenet_inference_msgs/msg/detail/inference_result__builder.hpp
[8.581s] -- Installing: /data/optimus_ws1/install/ssd_mobilenet_inference_msgs/include/ssd_mobilenet_inference_msgs/ssd_mobilenet_inference_msgs/msg/detail/inference_result__struct.hpp
[8.581s] -- Installing: /data/optimus_ws1/install/ssd_mobilenet_inference_msgs/include/ssd_mobilenet_inference_msgs/ssd_mobilenet_inference_msgs/msg/detail/inference_result__traits.hpp
[8.581s] -- Up-to-date: /data/optimus_ws1/install/ssd_mobilenet_inference_msgs/include/ssd_mobilenet_inference_msgs/ssd_mobilenet_inference_msgs
[8.581s] -- Up-to-date: /data/optimus_ws1/install/ssd_mobilenet_inference_msgs/include/ssd_mobilenet_inference_msgs/ssd_mobilenet_inference_msgs/msg
[8.582s] -- Installing: /data/optimus_ws1/install/ssd_mobilenet_inference_msgs/include/ssd_mobilenet_inference_msgs/ssd_mobilenet_inference_msgs/msg/rosidl_typesupport_fastrtps_cpp__visibility_control.h
[8.582s] -- Up-to-date: /data/optimus_ws1/install/ssd_mobilenet_inference_msgs/include/ssd_mobilenet_inference_msgs/ssd_mobilenet_inference_msgs/msg/detail
[8.582s] -- Installing: /data/optimus_ws1/install/ssd_mobilenet_inference_msgs/include/ssd_mobilenet_inference_msgs/ssd_mobilenet_inference_msgs/msg/detail/inference_result__rosidl_typesupport_fastrtps_cpp.hpp
[8.582s] -- Installing: /data/optimus_ws1/install/ssd_mobilenet_inference_msgs/include/ssd_mobilenet_inference_msgs/ssd_mobilenet_inference_msgs/msg/detail/dds_fastrtps
[8.582s] -- Installing: /data/optimus_ws1/install/ssd_mobilenet_inference_msgs/lib/libssd_mobilenet_inference_msgs__rosidl_typesupport_fastrtps_cpp.so
[8.583s] -- Set runtime path of "/data/optimus_ws1/install/ssd_mobilenet_inference_msgs/lib/libssd_mobilenet_inference_msgs__rosidl_typesupport_fastrtps_cpp.so" to ""
[8.583s] -- Up-to-date: /data/optimus_ws1/install/ssd_mobilenet_inference_msgs/include/ssd_mobilenet_inference_msgs/ssd_mobilenet_inference_msgs
[8.583s] -- Up-to-date: /data/optimus_ws1/install/ssd_mobilenet_inference_msgs/include/ssd_mobilenet_inference_msgs/ssd_mobilenet_inference_msgs/msg
[8.583s] -- Up-to-date: /data/optimus_ws1/install/ssd_mobilenet_inference_msgs/include/ssd_mobilenet_inference_msgs/ssd_mobilenet_inference_msgs/msg/detail
[8.583s] -- Installing: /data/optimus_ws1/install/ssd_mobilenet_inference_msgs/include/ssd_mobilenet_inference_msgs/ssd_mobilenet_inference_msgs/msg/detail/inference_result__type_support.c
[8.583s] -- Installing: /data/optimus_ws1/install/ssd_mobilenet_inference_msgs/include/ssd_mobilenet_inference_msgs/ssd_mobilenet_inference_msgs/msg/detail/inference_result__rosidl_typesupport_introspection_c.h
[8.583s] -- Installing: /data/optimus_ws1/install/ssd_mobilenet_inference_msgs/include/ssd_mobilenet_inference_msgs/ssd_mobilenet_inference_msgs/msg/rosidl_typesupport_introspection_c__visibility_control.h
[8.583s] -- Installing: /data/optimus_ws1/install/ssd_mobilenet_inference_msgs/lib/libssd_mobilenet_inference_msgs__rosidl_typesupport_introspection_c.so
[8.584s] -- Set runtime path of "/data/optimus_ws1/install/ssd_mobilenet_inference_msgs/lib/libssd_mobilenet_inference_msgs__rosidl_typesupport_introspection_c.so" to ""
[8.584s] -- Installing: /data/optimus_ws1/install/ssd_mobilenet_inference_msgs/lib/libssd_mobilenet_inference_msgs__rosidl_typesupport_c.so
[8.587s] -- Set runtime path of "/data/optimus_ws1/install/ssd_mobilenet_inference_msgs/lib/libssd_mobilenet_inference_msgs__rosidl_typesupport_c.so" to ""
[8.587s] -- Up-to-date: /data/optimus_ws1/install/ssd_mobilenet_inference_msgs/include/ssd_mobilenet_inference_msgs/ssd_mobilenet_inference_msgs
[8.587s] -- Up-to-date: /data/optimus_ws1/install/ssd_mobilenet_inference_msgs/include/ssd_mobilenet_inference_msgs/ssd_mobilenet_inference_msgs/msg
[8.587s] -- Up-to-date: /data/optimus_ws1/install/ssd_mobilenet_inference_msgs/include/ssd_mobilenet_inference_msgs/ssd_mobilenet_inference_msgs/msg/detail
[8.588s] -- Installing: /data/optimus_ws1/install/ssd_mobilenet_inference_msgs/include/ssd_mobilenet_inference_msgs/ssd_mobilenet_inference_msgs/msg/detail/inference_result__type_support.cpp
[8.588s] -- Installing: /data/optimus_ws1/install/ssd_mobilenet_inference_msgs/include/ssd_mobilenet_inference_msgs/ssd_mobilenet_inference_msgs/msg/detail/inference_result__rosidl_typesupport_introspection_cpp.hpp
[8.588s] -- Installing: /data/optimus_ws1/install/ssd_mobilenet_inference_msgs/lib/libssd_mobilenet_inference_msgs__rosidl_typesupport_introspection_cpp.so
[8.588s] -- Set runtime path of "/data/optimus_ws1/install/ssd_mobilenet_inference_msgs/lib/libssd_mobilenet_inference_msgs__rosidl_typesupport_introspection_cpp.so" to ""
[8.588s] -- Installing: /data/optimus_ws1/install/ssd_mobilenet_inference_msgs/lib/libssd_mobilenet_inference_msgs__rosidl_typesupport_cpp.so
[8.588s] -- Set runtime path of "/data/optimus_ws1/install/ssd_mobilenet_inference_msgs/lib/libssd_mobilenet_inference_msgs__rosidl_typesupport_cpp.so" to ""
[8.588s] -- Installing: /data/optimus_ws1/install/ssd_mobilenet_inference_msgs/share/ssd_mobilenet_inference_msgs/environment/pythonpath.sh
[8.588s] -- Installing: /data/optimus_ws1/install/ssd_mobilenet_inference_msgs/share/ssd_mobilenet_inference_msgs/environment/pythonpath.dsv
[8.589s] -- Installing: /data/optimus_ws1/install/ssd_mobilenet_inference_msgs/lib/python3.8/site-packages/ssd_mobilenet_inference_msgs-0.0.0-py3.8.egg-info
[8.589s] -- Installing: /data/optimus_ws1/install/ssd_mobilenet_inference_msgs/lib/python3.8/site-packages/ssd_mobilenet_inference_msgs-0.0.0-py3.8.egg-info/SOURCES.txt
[8.589s] -- Installing: /data/optimus_ws1/install/ssd_mobilenet_inference_msgs/lib/python3.8/site-packages/ssd_mobilenet_inference_msgs-0.0.0-py3.8.egg-info/top_level.txt
[8.589s] -- Installing: /data/optimus_ws1/install/ssd_mobilenet_inference_msgs/lib/python3.8/site-packages/ssd_mobilenet_inference_msgs-0.0.0-py3.8.egg-info/PKG-INFO
[8.589s] -- Installing: /data/optimus_ws1/install/ssd_mobilenet_inference_msgs/lib/python3.8/site-packages/ssd_mobilenet_inference_msgs-0.0.0-py3.8.egg-info/dependency_links.txt
[8.589s] -- Installing: /data/optimus_ws1/install/ssd_mobilenet_inference_msgs/lib/python3.8/site-packages/ssd_mobilenet_inference_msgs
[8.589s] -- Installing: /data/optimus_ws1/install/ssd_mobilenet_inference_msgs/lib/python3.8/site-packages/ssd_mobilenet_inference_msgs/_ssd_mobilenet_inference_msgs_s.ep.rosidl_typesupport_fastrtps_c.c
[8.589s] -- Installing: /data/optimus_ws1/install/ssd_mobilenet_inference_msgs/lib/python3.8/site-packages/ssd_mobilenet_inference_msgs/libssd_mobilenet_inference_msgs__rosidl_generator_py.so
[8.589s] -- Installing: /data/optimus_ws1/install/ssd_mobilenet_inference_msgs/lib/python3.8/site-packages/ssd_mobilenet_inference_msgs/ssd_mobilenet_inference_msgs_s__rosidl_typesupport_fastrtps_c.cpython-38-aarch64-linux-gnu.so
[8.590s] -- Installing: /data/optimus_ws1/install/ssd_mobilenet_inference_msgs/lib/python3.8/site-packages/ssd_mobilenet_inference_msgs/ssd_mobilenet_inference_msgs_s__rosidl_typesupport_c.cpython-38-aarch64-linux-gnu.so
[8.590s] -- Installing: /data/optimus_ws1/install/ssd_mobilenet_inference_msgs/lib/python3.8/site-packages/ssd_mobilenet_inference_msgs/_ssd_mobilenet_inference_msgs_s.ep.rosidl_typesupport_c.c
[8.590s] -- Installing: /data/optimus_ws1/install/ssd_mobilenet_inference_msgs/lib/python3.8/site-packages/ssd_mobilenet_inference_msgs/_ssd_mobilenet_inference_msgs_s.ep.rosidl_typesupport_introspection_c.c
[8.590s] -- Installing: /data/optimus_ws1/install/ssd_mobilenet_inference_msgs/lib/python3.8/site-packages/ssd_mobilenet_inference_msgs/ssd_mobilenet_inference_msgs_s__rosidl_typesupport_introspection_c.cpython-38-aarch64-linux-gnu.so
[8.590s] -- Installing: /data/optimus_ws1/install/ssd_mobilenet_inference_msgs/lib/python3.8/site-packages/ssd_mobilenet_inference_msgs/msg
[8.590s] -- Installing: /data/optimus_ws1/install/ssd_mobilenet_inference_msgs/lib/python3.8/site-packages/ssd_mobilenet_inference_msgs/msg/_inference_result.py
[8.590s] -- Installing: /data/optimus_ws1/install/ssd_mobilenet_inference_msgs/lib/python3.8/site-packages/ssd_mobilenet_inference_msgs/msg/_inference_result_s.c
[8.590s] -- Installing: /data/optimus_ws1/install/ssd_mobilenet_inference_msgs/lib/python3.8/site-packages/ssd_mobilenet_inference_msgs/msg/__init__.py
[8.590s] -- Installing: /data/optimus_ws1/install/ssd_mobilenet_inference_msgs/lib/python3.8/site-packages/ssd_mobilenet_inference_msgs/__init__.py
[8.645s] Listing '/data/optimus_ws1/install/ssd_mobilenet_inference_msgs/lib/python3.8/site-packages/ssd_mobilenet_inference_msgs'...
[8.646s] Compiling '/data/optimus_ws1/install/ssd_mobilenet_inference_msgs/lib/python3.8/site-packages/ssd_mobilenet_inference_msgs/__init__.py'...
[8.646s] Listing '/data/optimus_ws1/install/ssd_mobilenet_inference_msgs/lib/python3.8/site-packages/ssd_mobilenet_inference_msgs/msg'...
[8.646s] Compiling '/data/optimus_ws1/install/ssd_mobilenet_inference_msgs/lib/python3.8/site-packages/ssd_mobilenet_inference_msgs/msg/__init__.py'...
[8.646s] Compiling '/data/optimus_ws1/install/ssd_mobilenet_inference_msgs/lib/python3.8/site-packages/ssd_mobilenet_inference_msgs/msg/_inference_result.py'...
[8.655s] -- Installing: /data/optimus_ws1/install/ssd_mobilenet_inference_msgs/lib/python3.8/site-packages/ssd_mobilenet_inference_msgs/ssd_mobilenet_inference_msgs_s__rosidl_typesupport_fastrtps_c.cpython-38-aarch64-linux-gnu.so
[8.655s] -- Set runtime path of "/data/optimus_ws1/install/ssd_mobilenet_inference_msgs/lib/python3.8/site-packages/ssd_mobilenet_inference_msgs/ssd_mobilenet_inference_msgs_s__rosidl_typesupport_fastrtps_c.cpython-38-aarch64-linux-gnu.so" to ""
[8.656s] -- Installing: /data/optimus_ws1/install/ssd_mobilenet_inference_msgs/lib/python3.8/site-packages/ssd_mobilenet_inference_msgs/ssd_mobilenet_inference_msgs_s__rosidl_typesupport_introspection_c.cpython-38-aarch64-linux-gnu.so
[8.656s] -- Set runtime path of "/data/optimus_ws1/install/ssd_mobilenet_inference_msgs/lib/python3.8/site-packages/ssd_mobilenet_inference_msgs/ssd_mobilenet_inference_msgs_s__rosidl_typesupport_introspection_c.cpython-38-aarch64-linux-gnu.so" to ""
[8.656s] -- Installing: /data/optimus_ws1/install/ssd_mobilenet_inference_msgs/lib/python3.8/site-packages/ssd_mobilenet_inference_msgs/ssd_mobilenet_inference_msgs_s__rosidl_typesupport_c.cpython-38-aarch64-linux-gnu.so
[8.657s] -- Set runtime path of "/data/optimus_ws1/install/ssd_mobilenet_inference_msgs/lib/python3.8/site-packages/ssd_mobilenet_inference_msgs/ssd_mobilenet_inference_msgs_s__rosidl_typesupport_c.cpython-38-aarch64-linux-gnu.so" to ""
[8.657s] -- Installing: /data/optimus_ws1/install/ssd_mobilenet_inference_msgs/lib/libssd_mobilenet_inference_msgs__rosidl_generator_py.so
[8.657s] -- Set runtime path of "/data/optimus_ws1/install/ssd_mobilenet_inference_msgs/lib/libssd_mobilenet_inference_msgs__rosidl_generator_py.so" to ""
[8.658s] -- Installing: /data/optimus_ws1/install/ssd_mobilenet_inference_msgs/share/ssd_mobilenet_inference_msgs/msg/InferenceResult.idl
[8.658s] -- Installing: /data/optimus_ws1/install/ssd_mobilenet_inference_msgs/share/ssd_mobilenet_inference_msgs/msg/InferenceResult.msg
[8.658s] -- Installing: /data/optimus_ws1/install/ssd_mobilenet_inference_msgs/share/ament_index/resource_index/package_run_dependencies/ssd_mobilenet_inference_msgs
[8.659s] -- Installing: /data/optimus_ws1/install/ssd_mobilenet_inference_msgs/share/ament_index/resource_index/parent_prefix_path/ssd_mobilenet_inference_msgs
[8.659s] -- Installing: /data/optimus_ws1/install/ssd_mobilenet_inference_msgs/share/ssd_mobilenet_inference_msgs/environment/ament_prefix_path.sh
[8.659s] -- Installing: /data/optimus_ws1/install/ssd_mobilenet_inference_msgs/share/ssd_mobilenet_inference_msgs/environment/ament_prefix_path.dsv
[8.660s] -- Installing: /data/optimus_ws1/install/ssd_mobilenet_inference_msgs/share/ssd_mobilenet_inference_msgs/environment/path.sh
[8.660s] -- Installing: /data/optimus_ws1/install/ssd_mobilenet_inference_msgs/share/ssd_mobilenet_inference_msgs/environment/path.dsv
[8.660s] -- Installing: /data/optimus_ws1/install/ssd_mobilenet_inference_msgs/share/ssd_mobilenet_inference_msgs/local_setup.bash
[8.661s] -- Installing: /data/optimus_ws1/install/ssd_mobilenet_inference_msgs/share/ssd_mobilenet_inference_msgs/local_setup.sh
[8.661s] -- Installing: /data/optimus_ws1/install/ssd_mobilenet_inference_msgs/share/ssd_mobilenet_inference_msgs/local_setup.zsh
[8.661s] -- Installing: /data/optimus_ws1/install/ssd_mobilenet_inference_msgs/share/ssd_mobilenet_inference_msgs/local_setup.dsv
[8.662s] -- Installing: /data/optimus_ws1/install/ssd_mobilenet_inference_msgs/share/ssd_mobilenet_inference_msgs/package.dsv
[8.662s] -- Installing: /data/optimus_ws1/install/ssd_mobilenet_inference_msgs/share/ament_index/resource_index/packages/ssd_mobilenet_inference_msgs
[8.662s] -- Installing: /data/optimus_ws1/install/ssd_mobilenet_inference_msgs/share/ssd_mobilenet_inference_msgs/cmake/export_ssd_mobilenet_inference_msgs__rosidl_generator_cExport.cmake
[8.663s] -- Installing: /data/optimus_ws1/install/ssd_mobilenet_inference_msgs/share/ssd_mobilenet_inference_msgs/cmake/export_ssd_mobilenet_inference_msgs__rosidl_generator_cExport-noconfig.cmake
[8.663s] -- Installing: /data/optimus_ws1/install/ssd_mobilenet_inference_msgs/share/ssd_mobilenet_inference_msgs/cmake/export_ssd_mobilenet_inference_msgs__rosidl_typesupport_fastrtps_cExport.cmake
[8.663s] -- Installing: /data/optimus_ws1/install/ssd_mobilenet_inference_msgs/share/ssd_mobilenet_inference_msgs/cmake/export_ssd_mobilenet_inference_msgs__rosidl_typesupport_fastrtps_cExport-noconfig.cmake
[8.664s] -- Installing: /data/optimus_ws1/install/ssd_mobilenet_inference_msgs/share/ssd_mobilenet_inference_msgs/cmake/export_ssd_mobilenet_inference_msgs__rosidl_generator_cppExport.cmake
[8.664s] -- Installing: /data/optimus_ws1/install/ssd_mobilenet_inference_msgs/share/ssd_mobilenet_inference_msgs/cmake/export_ssd_mobilenet_inference_msgs__rosidl_typesupport_fastrtps_cppExport.cmake
[8.664s] -- Installing: /data/optimus_ws1/install/ssd_mobilenet_inference_msgs/share/ssd_mobilenet_inference_msgs/cmake/export_ssd_mobilenet_inference_msgs__rosidl_typesupport_fastrtps_cppExport-noconfig.cmake
[8.665s] -- Installing: /data/optimus_ws1/install/ssd_mobilenet_inference_msgs/share/ssd_mobilenet_inference_msgs/cmake/ssd_mobilenet_inference_msgs__rosidl_typesupport_introspection_cExport.cmake
[8.665s] -- Installing: /data/optimus_ws1/install/ssd_mobilenet_inference_msgs/share/ssd_mobilenet_inference_msgs/cmake/ssd_mobilenet_inference_msgs__rosidl_typesupport_introspection_cExport-noconfig.cmake
[8.665s] -- Installing: /data/optimus_ws1/install/ssd_mobilenet_inference_msgs/share/ssd_mobilenet_inference_msgs/cmake/ssd_mobilenet_inference_msgs__rosidl_typesupport_cExport.cmake
[8.666s] -- Installing: /data/optimus_ws1/install/ssd_mobilenet_inference_msgs/share/ssd_mobilenet_inference_msgs/cmake/ssd_mobilenet_inference_msgs__rosidl_typesupport_cExport-noconfig.cmake
[8.666s] -- Installing: /data/optimus_ws1/install/ssd_mobilenet_inference_msgs/share/ssd_mobilenet_inference_msgs/cmake/ssd_mobilenet_inference_msgs__rosidl_typesupport_introspection_cppExport.cmake
[8.666s] -- Installing: /data/optimus_ws1/install/ssd_mobilenet_inference_msgs/share/ssd_mobilenet_inference_msgs/cmake/ssd_mobilenet_inference_msgs__rosidl_typesupport_introspection_cppExport-noconfig.cmake
[8.667s] -- Installing: /data/optimus_ws1/install/ssd_mobilenet_inference_msgs/share/ssd_mobilenet_inference_msgs/cmake/ssd_mobilenet_inference_msgs__rosidl_typesupport_cppExport.cmake
[8.667s] -- Installing: /data/optimus_ws1/install/ssd_mobilenet_inference_msgs/share/ssd_mobilenet_inference_msgs/cmake/ssd_mobilenet_inference_msgs__rosidl_typesupport_cppExport-noconfig.cmake
[8.667s] -- Installing: /data/optimus_ws1/install/ssd_mobilenet_inference_msgs/share/ssd_mobilenet_inference_msgs/cmake/export_ssd_mobilenet_inference_msgs__rosidl_generator_pyExport.cmake
[8.667s] -- Installing: /data/optimus_ws1/install/ssd_mobilenet_inference_msgs/share/ssd_mobilenet_inference_msgs/cmake/export_ssd_mobilenet_inference_msgs__rosidl_generator_pyExport-noconfig.cmake
[8.668s] -- Installing: /data/optimus_ws1/install/ssd_mobilenet_inference_msgs/share/ssd_mobilenet_inference_msgs/cmake/rosidl_cmake-extras.cmake
[8.668s] -- Installing: /data/optimus_ws1/install/ssd_mobilenet_inference_msgs/share/ssd_mobilenet_inference_msgs/cmake/ament_cmake_export_include_directories-extras.cmake
[8.668s] -- Installing: /data/optimus_ws1/install/ssd_mobilenet_inference_msgs/share/ssd_mobilenet_inference_msgs/cmake/ament_cmake_export_libraries-extras.cmake
[8.668s] -- Installing: /data/optimus_ws1/install/ssd_mobilenet_inference_msgs/share/ssd_mobilenet_inference_msgs/cmake/ament_cmake_export_targets-extras.cmake
[8.668s] -- Installing: /data/optimus_ws1/install/ssd_mobilenet_inference_msgs/share/ssd_mobilenet_inference_msgs/cmake/rosidl_cmake_export_typesupport_targets-extras.cmake
[8.669s] -- Installing: /data/optimus_ws1/install/ssd_mobilenet_inference_msgs/share/ssd_mobilenet_inference_msgs/cmake/ament_cmake_export_dependencies-extras.cmake
[8.669s] -- Installing: /data/optimus_ws1/install/ssd_mobilenet_inference_msgs/share/ssd_mobilenet_inference_msgs/cmake/rosidl_cmake_export_typesupport_libraries-extras.cmake
[8.669s] -- Installing: /data/optimus_ws1/install/ssd_mobilenet_inference_msgs/share/ssd_mobilenet_inference_msgs/cmake/ssd_mobilenet_inference_msgsConfig.cmake
[8.669s] -- Installing: /data/optimus_ws1/install/ssd_mobilenet_inference_msgs/share/ssd_mobilenet_inference_msgs/cmake/ssd_mobilenet_inference_msgsConfig-version.cmake
[8.670s] -- Installing: /data/optimus_ws1/install/ssd_mobilenet_inference_msgs/share/ssd_mobilenet_inference_msgs/package.xml
[8.689s] Invoked command in '/data/optimus_ws1/build/ssd_mobilenet_inference_msgs' returned '0': PS1=(env) \[\e]0;\u@\h: \w\a\]${debian_chroot:+($debian_chroot)}\u@\h:\w\$ /usr/local/bin/cmake --install /data/optimus_ws1/build/ssd_mobilenet_inference_msgs
