/data/optimus_ws1/install/optimus_vision0/lib/python3.8/site-packages/optimus_vision0/streaming_node copy.py
/data/optimus_ws1/install/optimus_vision0/lib/python3.8/site-packages/optimus_vision0/streaming_node.py
/data/optimus_ws1/install/optimus_vision0/lib/python3.8/site-packages/optimus_vision0/streaming_node_original.py
/data/optimus_ws1/install/optimus_vision0/lib/python3.8/site-packages/optimus_vision0/publication_node.py
/data/optimus_ws1/install/optimus_vision0/lib/python3.8/site-packages/optimus_vision0/publication_node copy.py
/data/optimus_ws1/install/optimus_vision0/lib/python3.8/site-packages/optimus_vision0/__init__.py
/data/optimus_ws1/install/optimus_vision0/lib/python3.8/site-packages/optimus_vision0/util/camera_data.py
/data/optimus_ws1/install/optimus_vision0/lib/python3.8/site-packages/optimus_vision0/util/move_block_api.py
/data/optimus_ws1/install/optimus_vision0/lib/python3.8/site-packages/optimus_vision0/util/robot_navigation_sequence.py
/data/optimus_ws1/install/optimus_vision0/lib/python3.8/site-packages/optimus_vision0/util/temp.py
/data/optimus_ws1/install/optimus_vision0/lib/python3.8/site-packages/optimus_vision0/util/test.py
/data/optimus_ws1/install/optimus_vision0/lib/python3.8/site-packages/optimus_vision0/util/packMasg_client.py
/data/optimus_ws1/install/optimus_vision0/lib/python3.8/site-packages/optimus_vision0/util/temp0.py
/data/optimus_ws1/install/optimus_vision0/lib/python3.8/site-packages/optimus_vision0/util/packMasg_client2.py
/data/optimus_ws1/install/optimus_vision0/lib/python3.8/site-packages/optimus_vision0/util/packMasg_client3.py
/data/optimus_ws1/install/optimus_vision0/lib/python3.8/site-packages/optimus_vision0/util/robot_navigation_sequence_execution.py
/data/optimus_ws1/install/optimus_vision0/lib/python3.8/site-packages/optimus_vision0/__pycache__/streaming_node copy.cpython-38.pyc
/data/optimus_ws1/install/optimus_vision0/lib/python3.8/site-packages/optimus_vision0/__pycache__/streaming_node.cpython-38.pyc
/data/optimus_ws1/install/optimus_vision0/lib/python3.8/site-packages/optimus_vision0/__pycache__/streaming_node_original.cpython-38.pyc
/data/optimus_ws1/install/optimus_vision0/lib/python3.8/site-packages/optimus_vision0/__pycache__/publication_node.cpython-38.pyc
/data/optimus_ws1/install/optimus_vision0/lib/python3.8/site-packages/optimus_vision0/__pycache__/publication_node copy.cpython-38.pyc
/data/optimus_ws1/install/optimus_vision0/lib/python3.8/site-packages/optimus_vision0/__pycache__/__init__.cpython-38.pyc
/data/optimus_ws1/install/optimus_vision0/lib/python3.8/site-packages/optimus_vision0/util/__pycache__/camera_data.cpython-38.pyc
/data/optimus_ws1/install/optimus_vision0/lib/python3.8/site-packages/optimus_vision0/util/__pycache__/move_block_api.cpython-38.pyc
/data/optimus_ws1/install/optimus_vision0/lib/python3.8/site-packages/optimus_vision0/util/__pycache__/robot_navigation_sequence.cpython-38.pyc
/data/optimus_ws1/install/optimus_vision0/lib/python3.8/site-packages/optimus_vision0/util/__pycache__/temp.cpython-38.pyc
/data/optimus_ws1/install/optimus_vision0/lib/python3.8/site-packages/optimus_vision0/util/__pycache__/test.cpython-38.pyc
/data/optimus_ws1/install/optimus_vision0/lib/python3.8/site-packages/optimus_vision0/util/__pycache__/packMasg_client.cpython-38.pyc
/data/optimus_ws1/install/optimus_vision0/lib/python3.8/site-packages/optimus_vision0/util/__pycache__/temp0.cpython-38.pyc
/data/optimus_ws1/install/optimus_vision0/lib/python3.8/site-packages/optimus_vision0/util/__pycache__/packMasg_client2.cpython-38.pyc
/data/optimus_ws1/install/optimus_vision0/lib/python3.8/site-packages/optimus_vision0/util/__pycache__/packMasg_client3.cpython-38.pyc
/data/optimus_ws1/install/optimus_vision0/lib/python3.8/site-packages/optimus_vision0/util/__pycache__/robot_navigation_sequence_execution.cpython-38.pyc
/data/optimus_ws1/install/optimus_vision0/share/ament_index/resource_index/packages/optimus_vision0
/data/optimus_ws1/install/optimus_vision0/share/optimus_vision0/package.xml
/data/optimus_ws1/install/optimus_vision0/share/optimus_vision0/launch/nn_camera.launch.py
/data/optimus_ws1/install/optimus_vision0/lib/python3.8/site-packages/optimus_vision0-0.0.0-py3.8.egg-info/SOURCES.txt
/data/optimus_ws1/install/optimus_vision0/lib/python3.8/site-packages/optimus_vision0-0.0.0-py3.8.egg-info/requires.txt
/data/optimus_ws1/install/optimus_vision0/lib/python3.8/site-packages/optimus_vision0-0.0.0-py3.8.egg-info/entry_points.txt
/data/optimus_ws1/install/optimus_vision0/lib/python3.8/site-packages/optimus_vision0-0.0.0-py3.8.egg-info/top_level.txt
/data/optimus_ws1/install/optimus_vision0/lib/python3.8/site-packages/optimus_vision0-0.0.0-py3.8.egg-info/PKG-INFO
/data/optimus_ws1/install/optimus_vision0/lib/python3.8/site-packages/optimus_vision0-0.0.0-py3.8.egg-info/dependency_links.txt
/data/optimus_ws1/install/optimus_vision0/lib/python3.8/site-packages/optimus_vision0-0.0.0-py3.8.egg-info/zip-safe
/data/optimus_ws1/install/optimus_vision0/lib/optimus_vision0/publication_node
/data/optimus_ws1/install/optimus_vision0/lib/optimus_vision0/streaming_node
