[0.168s] Invoking command in '/home/optimus/virtual/optimus/optimus_ws1_20240711/build/ssd_mobilenet_inference_msgs': CMAKE_PREFIX_PATH=${CMAKE_PREFIX_PATH}:/opt/ros/humble:/home/optimus/virtual/optimus/optimus_ws1_20240711/install/optimus_vision0 /usr/bin/cmake --build /home/optimus/virtual/optimus/optimus_ws1_20240711/build/ssd_mobilenet_inference_msgs -- -j12 -l12
[0.197s] [  3%] Built target ssd_mobilenet_inference_msgs__cpp
[0.208s] [ 12%] Built target ssd_mobilenet_inference_msgs__rosidl_generator_c
[0.212s] [ 22%] Built target ssd_mobilenet_inference_msgs__rosidl_typesupport_cpp
[0.217s] [ 32%] Built target ssd_mobilenet_inference_msgs__rosidl_typesupport_introspection_cpp
[0.217s] [ 32%] Built target ament_cmake_python_copy_ssd_mobilenet_inference_msgs
[0.218s] [ 41%] Built target ssd_mobilenet_inference_msgs__rosidl_typesupport_fastrtps_cpp
[0.225s] [ 51%] Built target ssd_mobilenet_inference_msgs__rosidl_typesupport_introspection_c
[0.229s] [ 61%] Built target ssd_mobilenet_inference_msgs__rosidl_typesupport_c
[0.231s] [ 70%] Built target ssd_mobilenet_inference_msgs__rosidl_typesupport_fastrtps_c
[0.245s] [ 70%] Built target ssd_mobilenet_inference_msgs
[0.266s] [ 74%] Built target ssd_mobilenet_inference_msgs__py
[0.291s] [ 80%] Built target ssd_mobilenet_inference_msgs__rosidl_generator_py
[0.316s] [ 96%] Built target ssd_mobilenet_inference_msgs__rosidl_typesupport_c__pyext
[0.316s] [ 96%] Built target ssd_mobilenet_inference_msgs__rosidl_typesupport_fastrtps_c__pyext
[0.316s] [100%] Built target ssd_mobilenet_inference_msgs__rosidl_typesupport_introspection_c__pyext
[0.368s] running egg_info
[0.369s] writing ssd_mobilenet_inference_msgs.egg-info/PKG-INFO
[0.369s] writing dependency_links to ssd_mobilenet_inference_msgs.egg-info/dependency_links.txt
[0.369s] writing top-level names to ssd_mobilenet_inference_msgs.egg-info/top_level.txt
[0.371s] reading manifest file 'ssd_mobilenet_inference_msgs.egg-info/SOURCES.txt'
[0.371s] writing manifest file 'ssd_mobilenet_inference_msgs.egg-info/SOURCES.txt'
[0.389s] [100%] Built target ament_cmake_python_build_ssd_mobilenet_inference_msgs_egg
[0.397s] Invoked command in '/home/optimus/virtual/optimus/optimus_ws1_20240711/build/ssd_mobilenet_inference_msgs' returned '0': CMAKE_PREFIX_PATH=${CMAKE_PREFIX_PATH}:/opt/ros/humble:/home/optimus/virtual/optimus/optimus_ws1_20240711/install/optimus_vision0 /usr/bin/cmake --build /home/optimus/virtual/optimus/optimus_ws1_20240711/build/ssd_mobilenet_inference_msgs -- -j12 -l12
[0.444s] Invoking command in '/home/optimus/virtual/optimus/optimus_ws1_20240711/build/ssd_mobilenet_inference_msgs': CMAKE_PREFIX_PATH=${CMAKE_PREFIX_PATH}:/opt/ros/humble:/home/optimus/virtual/optimus/optimus_ws1_20240711/install/optimus_vision0 /usr/bin/cmake --install /home/optimus/virtual/optimus/optimus_ws1_20240711/build/ssd_mobilenet_inference_msgs
[0.452s] -- Install configuration: ""
[0.452s] -- Up-to-date: /home/optimus/virtual/optimus/optimus_ws1_20240711/install/ssd_mobilenet_inference_msgs/share/ament_index/resource_index/rosidl_interfaces/ssd_mobilenet_inference_msgs
[0.452s] -- Up-to-date: /home/optimus/virtual/optimus/optimus_ws1_20240711/install/ssd_mobilenet_inference_msgs/include/ssd_mobilenet_inference_msgs/ssd_mobilenet_inference_msgs
[0.452s] -- Up-to-date: /home/optimus/virtual/optimus/optimus_ws1_20240711/install/ssd_mobilenet_inference_msgs/include/ssd_mobilenet_inference_msgs/ssd_mobilenet_inference_msgs/msg
[0.452s] -- Up-to-date: /home/optimus/virtual/optimus/optimus_ws1_20240711/install/ssd_mobilenet_inference_msgs/include/ssd_mobilenet_inference_msgs/ssd_mobilenet_inference_msgs/msg/rosidl_generator_c__visibility_control.h
[0.453s] -- Up-to-date: /home/optimus/virtual/optimus/optimus_ws1_20240711/install/ssd_mobilenet_inference_msgs/include/ssd_mobilenet_inference_msgs/ssd_mobilenet_inference_msgs/msg/inference_result.h
[0.453s] -- Up-to-date: /home/optimus/virtual/optimus/optimus_ws1_20240711/install/ssd_mobilenet_inference_msgs/include/ssd_mobilenet_inference_msgs/ssd_mobilenet_inference_msgs/msg/detail
[0.453s] -- Up-to-date: /home/optimus/virtual/optimus/optimus_ws1_20240711/install/ssd_mobilenet_inference_msgs/include/ssd_mobilenet_inference_msgs/ssd_mobilenet_inference_msgs/msg/detail/inference_result__struct.h
[0.453s] -- Up-to-date: /home/optimus/virtual/optimus/optimus_ws1_20240711/install/ssd_mobilenet_inference_msgs/include/ssd_mobilenet_inference_msgs/ssd_mobilenet_inference_msgs/msg/detail/inference_result__functions.c
[0.453s] -- Up-to-date: /home/optimus/virtual/optimus/optimus_ws1_20240711/install/ssd_mobilenet_inference_msgs/include/ssd_mobilenet_inference_msgs/ssd_mobilenet_inference_msgs/msg/detail/inference_result__type_support.h
[0.453s] -- Up-to-date: /home/optimus/virtual/optimus/optimus_ws1_20240711/install/ssd_mobilenet_inference_msgs/include/ssd_mobilenet_inference_msgs/ssd_mobilenet_inference_msgs/msg/detail/inference_result__functions.h
[0.453s] -- Up-to-date: /home/optimus/virtual/optimus/optimus_ws1_20240711/install/ssd_mobilenet_inference_msgs/share/ssd_mobilenet_inference_msgs/environment/library_path.sh
[0.453s] -- Up-to-date: /home/optimus/virtual/optimus/optimus_ws1_20240711/install/ssd_mobilenet_inference_msgs/share/ssd_mobilenet_inference_msgs/environment/library_path.dsv
[0.454s] -- Up-to-date: /home/optimus/virtual/optimus/optimus_ws1_20240711/install/ssd_mobilenet_inference_msgs/lib/libssd_mobilenet_inference_msgs__rosidl_generator_c.so
[0.454s] -- Up-to-date: /home/optimus/virtual/optimus/optimus_ws1_20240711/install/ssd_mobilenet_inference_msgs/include/ssd_mobilenet_inference_msgs/ssd_mobilenet_inference_msgs
[0.454s] -- Up-to-date: /home/optimus/virtual/optimus/optimus_ws1_20240711/install/ssd_mobilenet_inference_msgs/include/ssd_mobilenet_inference_msgs/ssd_mobilenet_inference_msgs/msg
[0.454s] -- Up-to-date: /home/optimus/virtual/optimus/optimus_ws1_20240711/install/ssd_mobilenet_inference_msgs/include/ssd_mobilenet_inference_msgs/ssd_mobilenet_inference_msgs/msg/rosidl_typesupport_fastrtps_c__visibility_control.h
[0.454s] -- Up-to-date: /home/optimus/virtual/optimus/optimus_ws1_20240711/install/ssd_mobilenet_inference_msgs/include/ssd_mobilenet_inference_msgs/ssd_mobilenet_inference_msgs/msg/detail
[0.454s] -- Up-to-date: /home/optimus/virtual/optimus/optimus_ws1_20240711/install/ssd_mobilenet_inference_msgs/include/ssd_mobilenet_inference_msgs/ssd_mobilenet_inference_msgs/msg/detail/inference_result__rosidl_typesupport_fastrtps_c.h
[0.454s] -- Up-to-date: /home/optimus/virtual/optimus/optimus_ws1_20240711/install/ssd_mobilenet_inference_msgs/lib/libssd_mobilenet_inference_msgs__rosidl_typesupport_fastrtps_c.so
[0.454s] -- Up-to-date: /home/optimus/virtual/optimus/optimus_ws1_20240711/install/ssd_mobilenet_inference_msgs/include/ssd_mobilenet_inference_msgs/ssd_mobilenet_inference_msgs
[0.454s] -- Up-to-date: /home/optimus/virtual/optimus/optimus_ws1_20240711/install/ssd_mobilenet_inference_msgs/include/ssd_mobilenet_inference_msgs/ssd_mobilenet_inference_msgs/msg
[0.454s] -- Up-to-date: /home/optimus/virtual/optimus/optimus_ws1_20240711/install/ssd_mobilenet_inference_msgs/include/ssd_mobilenet_inference_msgs/ssd_mobilenet_inference_msgs/msg/inference_result.hpp
[0.454s] -- Up-to-date: /home/optimus/virtual/optimus/optimus_ws1_20240711/install/ssd_mobilenet_inference_msgs/include/ssd_mobilenet_inference_msgs/ssd_mobilenet_inference_msgs/msg/detail
[0.455s] -- Up-to-date: /home/optimus/virtual/optimus/optimus_ws1_20240711/install/ssd_mobilenet_inference_msgs/include/ssd_mobilenet_inference_msgs/ssd_mobilenet_inference_msgs/msg/detail/inference_result__builder.hpp
[0.455s] -- Up-to-date: /home/optimus/virtual/optimus/optimus_ws1_20240711/install/ssd_mobilenet_inference_msgs/include/ssd_mobilenet_inference_msgs/ssd_mobilenet_inference_msgs/msg/detail/inference_result__struct.hpp
[0.455s] -- Up-to-date: /home/optimus/virtual/optimus/optimus_ws1_20240711/install/ssd_mobilenet_inference_msgs/include/ssd_mobilenet_inference_msgs/ssd_mobilenet_inference_msgs/msg/detail/inference_result__traits.hpp
[0.455s] -- Up-to-date: /home/optimus/virtual/optimus/optimus_ws1_20240711/install/ssd_mobilenet_inference_msgs/include/ssd_mobilenet_inference_msgs/ssd_mobilenet_inference_msgs
[0.455s] -- Up-to-date: /home/optimus/virtual/optimus/optimus_ws1_20240711/install/ssd_mobilenet_inference_msgs/include/ssd_mobilenet_inference_msgs/ssd_mobilenet_inference_msgs/msg
[0.455s] -- Up-to-date: /home/optimus/virtual/optimus/optimus_ws1_20240711/install/ssd_mobilenet_inference_msgs/include/ssd_mobilenet_inference_msgs/ssd_mobilenet_inference_msgs/msg/rosidl_typesupport_fastrtps_cpp__visibility_control.h
[0.455s] -- Up-to-date: /home/optimus/virtual/optimus/optimus_ws1_20240711/install/ssd_mobilenet_inference_msgs/include/ssd_mobilenet_inference_msgs/ssd_mobilenet_inference_msgs/msg/detail
[0.455s] -- Up-to-date: /home/optimus/virtual/optimus/optimus_ws1_20240711/install/ssd_mobilenet_inference_msgs/include/ssd_mobilenet_inference_msgs/ssd_mobilenet_inference_msgs/msg/detail/dds_fastrtps
[0.455s] -- Up-to-date: /home/optimus/virtual/optimus/optimus_ws1_20240711/install/ssd_mobilenet_inference_msgs/include/ssd_mobilenet_inference_msgs/ssd_mobilenet_inference_msgs/msg/detail/inference_result__rosidl_typesupport_fastrtps_cpp.hpp
[0.455s] -- Up-to-date: /home/optimus/virtual/optimus/optimus_ws1_20240711/install/ssd_mobilenet_inference_msgs/lib/libssd_mobilenet_inference_msgs__rosidl_typesupport_fastrtps_cpp.so
[0.455s] -- Up-to-date: /home/optimus/virtual/optimus/optimus_ws1_20240711/install/ssd_mobilenet_inference_msgs/include/ssd_mobilenet_inference_msgs/ssd_mobilenet_inference_msgs
[0.456s] -- Up-to-date: /home/optimus/virtual/optimus/optimus_ws1_20240711/install/ssd_mobilenet_inference_msgs/include/ssd_mobilenet_inference_msgs/ssd_mobilenet_inference_msgs/msg
[0.456s] -- Up-to-date: /home/optimus/virtual/optimus/optimus_ws1_20240711/install/ssd_mobilenet_inference_msgs/include/ssd_mobilenet_inference_msgs/ssd_mobilenet_inference_msgs/msg/detail
[0.456s] -- Up-to-date: /home/optimus/virtual/optimus/optimus_ws1_20240711/install/ssd_mobilenet_inference_msgs/include/ssd_mobilenet_inference_msgs/ssd_mobilenet_inference_msgs/msg/detail/inference_result__rosidl_typesupport_introspection_c.h
[0.456s] -- Up-to-date: /home/optimus/virtual/optimus/optimus_ws1_20240711/install/ssd_mobilenet_inference_msgs/include/ssd_mobilenet_inference_msgs/ssd_mobilenet_inference_msgs/msg/detail/inference_result__type_support.c
[0.456s] -- Up-to-date: /home/optimus/virtual/optimus/optimus_ws1_20240711/install/ssd_mobilenet_inference_msgs/include/ssd_mobilenet_inference_msgs/ssd_mobilenet_inference_msgs/msg/rosidl_typesupport_introspection_c__visibility_control.h
[0.456s] -- Up-to-date: /home/optimus/virtual/optimus/optimus_ws1_20240711/install/ssd_mobilenet_inference_msgs/lib/libssd_mobilenet_inference_msgs__rosidl_typesupport_introspection_c.so
[0.456s] -- Up-to-date: /home/optimus/virtual/optimus/optimus_ws1_20240711/install/ssd_mobilenet_inference_msgs/lib/libssd_mobilenet_inference_msgs__rosidl_typesupport_c.so
[0.456s] -- Up-to-date: /home/optimus/virtual/optimus/optimus_ws1_20240711/install/ssd_mobilenet_inference_msgs/include/ssd_mobilenet_inference_msgs/ssd_mobilenet_inference_msgs
[0.456s] -- Up-to-date: /home/optimus/virtual/optimus/optimus_ws1_20240711/install/ssd_mobilenet_inference_msgs/include/ssd_mobilenet_inference_msgs/ssd_mobilenet_inference_msgs/msg
[0.456s] -- Up-to-date: /home/optimus/virtual/optimus/optimus_ws1_20240711/install/ssd_mobilenet_inference_msgs/include/ssd_mobilenet_inference_msgs/ssd_mobilenet_inference_msgs/msg/detail
[0.456s] -- Up-to-date: /home/optimus/virtual/optimus/optimus_ws1_20240711/install/ssd_mobilenet_inference_msgs/include/ssd_mobilenet_inference_msgs/ssd_mobilenet_inference_msgs/msg/detail/inference_result__rosidl_typesupport_introspection_cpp.hpp
[0.457s] -- Up-to-date: /home/optimus/virtual/optimus/optimus_ws1_20240711/install/ssd_mobilenet_inference_msgs/include/ssd_mobilenet_inference_msgs/ssd_mobilenet_inference_msgs/msg/detail/inference_result__type_support.cpp
[0.457s] -- Up-to-date: /home/optimus/virtual/optimus/optimus_ws1_20240711/install/ssd_mobilenet_inference_msgs/lib/libssd_mobilenet_inference_msgs__rosidl_typesupport_introspection_cpp.so
[0.457s] -- Up-to-date: /home/optimus/virtual/optimus/optimus_ws1_20240711/install/ssd_mobilenet_inference_msgs/lib/libssd_mobilenet_inference_msgs__rosidl_typesupport_cpp.so
[0.457s] -- Up-to-date: /home/optimus/virtual/optimus/optimus_ws1_20240711/install/ssd_mobilenet_inference_msgs/share/ssd_mobilenet_inference_msgs/environment/pythonpath.sh
[0.457s] -- Up-to-date: /home/optimus/virtual/optimus/optimus_ws1_20240711/install/ssd_mobilenet_inference_msgs/share/ssd_mobilenet_inference_msgs/environment/pythonpath.dsv
[0.457s] -- Up-to-date: /home/optimus/virtual/optimus/optimus_ws1_20240711/install/ssd_mobilenet_inference_msgs/local/lib/python3.10/dist-packages/ssd_mobilenet_inference_msgs-0.0.0-py3.10.egg-info
[0.457s] -- Installing: /home/optimus/virtual/optimus/optimus_ws1_20240711/install/ssd_mobilenet_inference_msgs/local/lib/python3.10/dist-packages/ssd_mobilenet_inference_msgs-0.0.0-py3.10.egg-info/top_level.txt
[0.457s] -- Installing: /home/optimus/virtual/optimus/optimus_ws1_20240711/install/ssd_mobilenet_inference_msgs/local/lib/python3.10/dist-packages/ssd_mobilenet_inference_msgs-0.0.0-py3.10.egg-info/PKG-INFO
[0.457s] -- Installing: /home/optimus/virtual/optimus/optimus_ws1_20240711/install/ssd_mobilenet_inference_msgs/local/lib/python3.10/dist-packages/ssd_mobilenet_inference_msgs-0.0.0-py3.10.egg-info/SOURCES.txt
[0.457s] -- Installing: /home/optimus/virtual/optimus/optimus_ws1_20240711/install/ssd_mobilenet_inference_msgs/local/lib/python3.10/dist-packages/ssd_mobilenet_inference_msgs-0.0.0-py3.10.egg-info/dependency_links.txt
[0.457s] -- Up-to-date: /home/optimus/virtual/optimus/optimus_ws1_20240711/install/ssd_mobilenet_inference_msgs/local/lib/python3.10/dist-packages/ssd_mobilenet_inference_msgs
[0.458s] -- Up-to-date: /home/optimus/virtual/optimus/optimus_ws1_20240711/install/ssd_mobilenet_inference_msgs/local/lib/python3.10/dist-packages/ssd_mobilenet_inference_msgs/ssd_mobilenet_inference_msgs_s__rosidl_typesupport_c.cpython-310-x86_64-linux-gnu.so
[0.458s] -- Up-to-date: /home/optimus/virtual/optimus/optimus_ws1_20240711/install/ssd_mobilenet_inference_msgs/local/lib/python3.10/dist-packages/ssd_mobilenet_inference_msgs/_ssd_mobilenet_inference_msgs_s.ep.rosidl_typesupport_introspection_c.c
[0.458s] -- Up-to-date: /home/optimus/virtual/optimus/optimus_ws1_20240711/install/ssd_mobilenet_inference_msgs/local/lib/python3.10/dist-packages/ssd_mobilenet_inference_msgs/__init__.py
[0.458s] -- Up-to-date: /home/optimus/virtual/optimus/optimus_ws1_20240711/install/ssd_mobilenet_inference_msgs/local/lib/python3.10/dist-packages/ssd_mobilenet_inference_msgs/ssd_mobilenet_inference_msgs_s__rosidl_typesupport_introspection_c.cpython-310-x86_64-linux-gnu.so
[0.458s] -- Up-to-date: /home/optimus/virtual/optimus/optimus_ws1_20240711/install/ssd_mobilenet_inference_msgs/local/lib/python3.10/dist-packages/ssd_mobilenet_inference_msgs/_ssd_mobilenet_inference_msgs_s.ep.rosidl_typesupport_fastrtps_c.c
[0.458s] -- Up-to-date: /home/optimus/virtual/optimus/optimus_ws1_20240711/install/ssd_mobilenet_inference_msgs/local/lib/python3.10/dist-packages/ssd_mobilenet_inference_msgs/msg
[0.458s] -- Up-to-date: /home/optimus/virtual/optimus/optimus_ws1_20240711/install/ssd_mobilenet_inference_msgs/local/lib/python3.10/dist-packages/ssd_mobilenet_inference_msgs/msg/__init__.py
[0.458s] -- Up-to-date: /home/optimus/virtual/optimus/optimus_ws1_20240711/install/ssd_mobilenet_inference_msgs/local/lib/python3.10/dist-packages/ssd_mobilenet_inference_msgs/msg/_inference_result_s.c
[0.458s] -- Up-to-date: /home/optimus/virtual/optimus/optimus_ws1_20240711/install/ssd_mobilenet_inference_msgs/local/lib/python3.10/dist-packages/ssd_mobilenet_inference_msgs/msg/_inference_result.py
[0.458s] -- Up-to-date: /home/optimus/virtual/optimus/optimus_ws1_20240711/install/ssd_mobilenet_inference_msgs/local/lib/python3.10/dist-packages/ssd_mobilenet_inference_msgs/ssd_mobilenet_inference_msgs_s__rosidl_typesupport_fastrtps_c.cpython-310-x86_64-linux-gnu.so
[0.458s] -- Up-to-date: /home/optimus/virtual/optimus/optimus_ws1_20240711/install/ssd_mobilenet_inference_msgs/local/lib/python3.10/dist-packages/ssd_mobilenet_inference_msgs/libssd_mobilenet_inference_msgs__rosidl_generator_py.so
[0.459s] -- Up-to-date: /home/optimus/virtual/optimus/optimus_ws1_20240711/install/ssd_mobilenet_inference_msgs/local/lib/python3.10/dist-packages/ssd_mobilenet_inference_msgs/_ssd_mobilenet_inference_msgs_s.ep.rosidl_typesupport_c.c
[0.474s] Listing '/home/optimus/virtual/optimus/optimus_ws1_20240711/install/ssd_mobilenet_inference_msgs/local/lib/python3.10/dist-packages/ssd_mobilenet_inference_msgs'...
[0.474s] Listing '/home/optimus/virtual/optimus/optimus_ws1_20240711/install/ssd_mobilenet_inference_msgs/local/lib/python3.10/dist-packages/ssd_mobilenet_inference_msgs/msg'...
[0.477s] -- Up-to-date: /home/optimus/virtual/optimus/optimus_ws1_20240711/install/ssd_mobilenet_inference_msgs/local/lib/python3.10/dist-packages/ssd_mobilenet_inference_msgs/ssd_mobilenet_inference_msgs_s__rosidl_typesupport_fastrtps_c.cpython-310-x86_64-linux-gnu.so
[0.477s] -- Up-to-date: /home/optimus/virtual/optimus/optimus_ws1_20240711/install/ssd_mobilenet_inference_msgs/local/lib/python3.10/dist-packages/ssd_mobilenet_inference_msgs/ssd_mobilenet_inference_msgs_s__rosidl_typesupport_introspection_c.cpython-310-x86_64-linux-gnu.so
[0.477s] -- Up-to-date: /home/optimus/virtual/optimus/optimus_ws1_20240711/install/ssd_mobilenet_inference_msgs/local/lib/python3.10/dist-packages/ssd_mobilenet_inference_msgs/ssd_mobilenet_inference_msgs_s__rosidl_typesupport_c.cpython-310-x86_64-linux-gnu.so
[0.478s] -- Up-to-date: /home/optimus/virtual/optimus/optimus_ws1_20240711/install/ssd_mobilenet_inference_msgs/lib/libssd_mobilenet_inference_msgs__rosidl_generator_py.so
[0.478s] -- Up-to-date: /home/optimus/virtual/optimus/optimus_ws1_20240711/install/ssd_mobilenet_inference_msgs/share/ssd_mobilenet_inference_msgs/msg/InferenceResult.idl
[0.478s] -- Up-to-date: /home/optimus/virtual/optimus/optimus_ws1_20240711/install/ssd_mobilenet_inference_msgs/share/ssd_mobilenet_inference_msgs/msg/InferenceResult.msg
[0.478s] -- Up-to-date: /home/optimus/virtual/optimus/optimus_ws1_20240711/install/ssd_mobilenet_inference_msgs/share/ament_index/resource_index/package_run_dependencies/ssd_mobilenet_inference_msgs
[0.478s] -- Up-to-date: /home/optimus/virtual/optimus/optimus_ws1_20240711/install/ssd_mobilenet_inference_msgs/share/ament_index/resource_index/parent_prefix_path/ssd_mobilenet_inference_msgs
[0.478s] -- Up-to-date: /home/optimus/virtual/optimus/optimus_ws1_20240711/install/ssd_mobilenet_inference_msgs/share/ssd_mobilenet_inference_msgs/environment/ament_prefix_path.sh
[0.478s] -- Up-to-date: /home/optimus/virtual/optimus/optimus_ws1_20240711/install/ssd_mobilenet_inference_msgs/share/ssd_mobilenet_inference_msgs/environment/ament_prefix_path.dsv
[0.479s] -- Up-to-date: /home/optimus/virtual/optimus/optimus_ws1_20240711/install/ssd_mobilenet_inference_msgs/share/ssd_mobilenet_inference_msgs/environment/path.sh
[0.479s] -- Up-to-date: /home/optimus/virtual/optimus/optimus_ws1_20240711/install/ssd_mobilenet_inference_msgs/share/ssd_mobilenet_inference_msgs/environment/path.dsv
[0.479s] -- Up-to-date: /home/optimus/virtual/optimus/optimus_ws1_20240711/install/ssd_mobilenet_inference_msgs/share/ssd_mobilenet_inference_msgs/local_setup.bash
[0.479s] -- Up-to-date: /home/optimus/virtual/optimus/optimus_ws1_20240711/install/ssd_mobilenet_inference_msgs/share/ssd_mobilenet_inference_msgs/local_setup.sh
[0.479s] -- Up-to-date: /home/optimus/virtual/optimus/optimus_ws1_20240711/install/ssd_mobilenet_inference_msgs/share/ssd_mobilenet_inference_msgs/local_setup.zsh
[0.479s] -- Up-to-date: /home/optimus/virtual/optimus/optimus_ws1_20240711/install/ssd_mobilenet_inference_msgs/share/ssd_mobilenet_inference_msgs/local_setup.dsv
[0.479s] -- Installing: /home/optimus/virtual/optimus/optimus_ws1_20240711/install/ssd_mobilenet_inference_msgs/share/ssd_mobilenet_inference_msgs/package.dsv
[0.479s] -- Up-to-date: /home/optimus/virtual/optimus/optimus_ws1_20240711/install/ssd_mobilenet_inference_msgs/share/ament_index/resource_index/packages/ssd_mobilenet_inference_msgs
[0.479s] -- Up-to-date: /home/optimus/virtual/optimus/optimus_ws1_20240711/install/ssd_mobilenet_inference_msgs/share/ssd_mobilenet_inference_msgs/cmake/export_ssd_mobilenet_inference_msgs__rosidl_generator_cExport.cmake
[0.480s] -- Up-to-date: /home/optimus/virtual/optimus/optimus_ws1_20240711/install/ssd_mobilenet_inference_msgs/share/ssd_mobilenet_inference_msgs/cmake/export_ssd_mobilenet_inference_msgs__rosidl_generator_cExport-noconfig.cmake
[0.480s] -- Up-to-date: /home/optimus/virtual/optimus/optimus_ws1_20240711/install/ssd_mobilenet_inference_msgs/share/ssd_mobilenet_inference_msgs/cmake/export_ssd_mobilenet_inference_msgs__rosidl_typesupport_fastrtps_cExport.cmake
[0.481s] -- Up-to-date: /home/optimus/virtual/optimus/optimus_ws1_20240711/install/ssd_mobilenet_inference_msgs/share/ssd_mobilenet_inference_msgs/cmake/export_ssd_mobilenet_inference_msgs__rosidl_typesupport_fastrtps_cExport-noconfig.cmake
[0.481s] -- Up-to-date: /home/optimus/virtual/optimus/optimus_ws1_20240711/install/ssd_mobilenet_inference_msgs/share/ssd_mobilenet_inference_msgs/cmake/export_ssd_mobilenet_inference_msgs__rosidl_generator_cppExport.cmake
[0.481s] -- Up-to-date: /home/optimus/virtual/optimus/optimus_ws1_20240711/install/ssd_mobilenet_inference_msgs/share/ssd_mobilenet_inference_msgs/cmake/export_ssd_mobilenet_inference_msgs__rosidl_typesupport_fastrtps_cppExport.cmake
[0.481s] -- Up-to-date: /home/optimus/virtual/optimus/optimus_ws1_20240711/install/ssd_mobilenet_inference_msgs/share/ssd_mobilenet_inference_msgs/cmake/export_ssd_mobilenet_inference_msgs__rosidl_typesupport_fastrtps_cppExport-noconfig.cmake
[0.481s] -- Up-to-date: /home/optimus/virtual/optimus/optimus_ws1_20240711/install/ssd_mobilenet_inference_msgs/share/ssd_mobilenet_inference_msgs/cmake/ssd_mobilenet_inference_msgs__rosidl_typesupport_introspection_cExport.cmake
[0.482s] -- Up-to-date: /home/optimus/virtual/optimus/optimus_ws1_20240711/install/ssd_mobilenet_inference_msgs/share/ssd_mobilenet_inference_msgs/cmake/ssd_mobilenet_inference_msgs__rosidl_typesupport_introspection_cExport-noconfig.cmake
[0.482s] -- Up-to-date: /home/optimus/virtual/optimus/optimus_ws1_20240711/install/ssd_mobilenet_inference_msgs/share/ssd_mobilenet_inference_msgs/cmake/ssd_mobilenet_inference_msgs__rosidl_typesupport_cExport.cmake
[0.482s] -- Up-to-date: /home/optimus/virtual/optimus/optimus_ws1_20240711/install/ssd_mobilenet_inference_msgs/share/ssd_mobilenet_inference_msgs/cmake/ssd_mobilenet_inference_msgs__rosidl_typesupport_cExport-noconfig.cmake
[0.482s] -- Up-to-date: /home/optimus/virtual/optimus/optimus_ws1_20240711/install/ssd_mobilenet_inference_msgs/share/ssd_mobilenet_inference_msgs/cmake/ssd_mobilenet_inference_msgs__rosidl_typesupport_introspection_cppExport.cmake
[0.483s] -- Up-to-date: /home/optimus/virtual/optimus/optimus_ws1_20240711/install/ssd_mobilenet_inference_msgs/share/ssd_mobilenet_inference_msgs/cmake/ssd_mobilenet_inference_msgs__rosidl_typesupport_introspection_cppExport-noconfig.cmake
[0.483s] -- Up-to-date: /home/optimus/virtual/optimus/optimus_ws1_20240711/install/ssd_mobilenet_inference_msgs/share/ssd_mobilenet_inference_msgs/cmake/ssd_mobilenet_inference_msgs__rosidl_typesupport_cppExport.cmake
[0.483s] -- Up-to-date: /home/optimus/virtual/optimus/optimus_ws1_20240711/install/ssd_mobilenet_inference_msgs/share/ssd_mobilenet_inference_msgs/cmake/ssd_mobilenet_inference_msgs__rosidl_typesupport_cppExport-noconfig.cmake
[0.483s] -- Up-to-date: /home/optimus/virtual/optimus/optimus_ws1_20240711/install/ssd_mobilenet_inference_msgs/share/ssd_mobilenet_inference_msgs/cmake/export_ssd_mobilenet_inference_msgs__rosidl_generator_pyExport.cmake
[0.483s] -- Up-to-date: /home/optimus/virtual/optimus/optimus_ws1_20240711/install/ssd_mobilenet_inference_msgs/share/ssd_mobilenet_inference_msgs/cmake/export_ssd_mobilenet_inference_msgs__rosidl_generator_pyExport-noconfig.cmake
[0.483s] -- Up-to-date: /home/optimus/virtual/optimus/optimus_ws1_20240711/install/ssd_mobilenet_inference_msgs/share/ssd_mobilenet_inference_msgs/cmake/rosidl_cmake-extras.cmake
[0.484s] -- Up-to-date: /home/optimus/virtual/optimus/optimus_ws1_20240711/install/ssd_mobilenet_inference_msgs/share/ssd_mobilenet_inference_msgs/cmake/ament_cmake_export_include_directories-extras.cmake
[0.484s] -- Up-to-date: /home/optimus/virtual/optimus/optimus_ws1_20240711/install/ssd_mobilenet_inference_msgs/share/ssd_mobilenet_inference_msgs/cmake/ament_cmake_export_libraries-extras.cmake
[0.484s] -- Up-to-date: /home/optimus/virtual/optimus/optimus_ws1_20240711/install/ssd_mobilenet_inference_msgs/share/ssd_mobilenet_inference_msgs/cmake/ament_cmake_export_targets-extras.cmake
[0.484s] -- Up-to-date: /home/optimus/virtual/optimus/optimus_ws1_20240711/install/ssd_mobilenet_inference_msgs/share/ssd_mobilenet_inference_msgs/cmake/rosidl_cmake_export_typesupport_targets-extras.cmake
[0.484s] -- Up-to-date: /home/optimus/virtual/optimus/optimus_ws1_20240711/install/ssd_mobilenet_inference_msgs/share/ssd_mobilenet_inference_msgs/cmake/ament_cmake_export_dependencies-extras.cmake
[0.485s] -- Up-to-date: /home/optimus/virtual/optimus/optimus_ws1_20240711/install/ssd_mobilenet_inference_msgs/share/ssd_mobilenet_inference_msgs/cmake/rosidl_cmake_export_typesupport_libraries-extras.cmake
[0.485s] -- Up-to-date: /home/optimus/virtual/optimus/optimus_ws1_20240711/install/ssd_mobilenet_inference_msgs/share/ssd_mobilenet_inference_msgs/cmake/ssd_mobilenet_inference_msgsConfig.cmake
[0.485s] -- Up-to-date: /home/optimus/virtual/optimus/optimus_ws1_20240711/install/ssd_mobilenet_inference_msgs/share/ssd_mobilenet_inference_msgs/cmake/ssd_mobilenet_inference_msgsConfig-version.cmake
[0.485s] -- Up-to-date: /home/optimus/virtual/optimus/optimus_ws1_20240711/install/ssd_mobilenet_inference_msgs/share/ssd_mobilenet_inference_msgs/package.xml
[0.486s] Invoked command in '/home/optimus/virtual/optimus/optimus_ws1_20240711/build/ssd_mobilenet_inference_msgs' returned '0': CMAKE_PREFIX_PATH=${CMAKE_PREFIX_PATH}:/opt/ros/humble:/home/optimus/virtual/optimus/optimus_ws1_20240711/install/optimus_vision0 /usr/bin/cmake --install /home/optimus/virtual/optimus/optimus_ws1_20240711/build/ssd_mobilenet_inference_msgs
