[0.173s] Invoking command in '/home/optimus/virtual/optimus/optimus_ws1_20240711/build/ssd_mobilenet_inference_msgs': CMAKE_PREFIX_PATH=${CMAKE_PREFIX_PATH}:/home/optimus/virtual/optimus/optimus_ws1_20240711/install/optimus_vision0:/opt/ros/humble /usr/bin/cmake --build /home/optimus/virtual/optimus/optimus_ws1_20240711/build/ssd_mobilenet_inference_msgs -- -j12 -l12
[0.203s] [35m[1mConsolidate compiler generated dependencies of target ssd_mobilenet_inference_msgs__rosidl_generator_c[0m
[0.203s] [  3%] Built target ssd_mobilenet_inference_msgs__cpp
[0.210s] [35m[1mConsolidate compiler generated dependencies of target ssd_mobilenet_inference_msgs__rosidl_typesupport_cpp[0m
[0.215s] [ 12%] Built target ssd_mobilenet_inference_msgs__rosidl_generator_c
[0.215s] [35m[1mConsolidate compiler generated dependencies of target ssd_mobilenet_inference_msgs__rosidl_typesupport_fastrtps_cpp[0m
[0.215s] [35m[1mConsolidate compiler generated dependencies of target ssd_mobilenet_inference_msgs__rosidl_typesupport_introspection_cpp[0m
[0.218s] [ 22%] Built target ssd_mobilenet_inference_msgs__rosidl_typesupport_cpp
[0.223s] [35m[1mConsolidate compiler generated dependencies of target ssd_mobilenet_inference_msgs__rosidl_typesupport_introspection_c[0m
[0.224s] [ 22%] Built target ament_cmake_python_copy_ssd_mobilenet_inference_msgs
[0.226s] [35m[1mConsolidate compiler generated dependencies of target ssd_mobilenet_inference_msgs__rosidl_typesupport_c[0m
[0.226s] [35m[1mConsolidate compiler generated dependencies of target ssd_mobilenet_inference_msgs__rosidl_typesupport_fastrtps_c[0m
[0.227s] [ 32%] Built target ssd_mobilenet_inference_msgs__rosidl_typesupport_introspection_cpp
[0.229s] [ 41%] Built target ssd_mobilenet_inference_msgs__rosidl_typesupport_fastrtps_cpp
[0.232s] [ 51%] Built target ssd_mobilenet_inference_msgs__rosidl_typesupport_introspection_c
[0.236s] [ 61%] Built target ssd_mobilenet_inference_msgs__rosidl_typesupport_fastrtps_c
[0.237s] [ 70%] Built target ssd_mobilenet_inference_msgs__rosidl_typesupport_c
[0.259s] [ 70%] Built target ssd_mobilenet_inference_msgs
[0.282s] [ 74%] Built target ssd_mobilenet_inference_msgs__py
[0.293s] [35m[1mConsolidate compiler generated dependencies of target ssd_mobilenet_inference_msgs__rosidl_generator_py[0m
[0.308s] [ 80%] Built target ssd_mobilenet_inference_msgs__rosidl_generator_py
[0.319s] [35m[1mConsolidate compiler generated dependencies of target ssd_mobilenet_inference_msgs__rosidl_typesupport_fastrtps_c__pyext[0m
[0.319s] [35m[1mConsolidate compiler generated dependencies of target ssd_mobilenet_inference_msgs__rosidl_typesupport_c__pyext[0m
[0.319s] [35m[1mConsolidate compiler generated dependencies of target ssd_mobilenet_inference_msgs__rosidl_typesupport_introspection_c__pyext[0m
[0.333s] [ 93%] Built target ssd_mobilenet_inference_msgs__rosidl_typesupport_fastrtps_c__pyext
[0.333s] [ 93%] Built target ssd_mobilenet_inference_msgs__rosidl_typesupport_introspection_c__pyext
[0.334s] [100%] Built target ssd_mobilenet_inference_msgs__rosidl_typesupport_c__pyext
[0.382s] running egg_info
[0.383s] writing ssd_mobilenet_inference_msgs.egg-info/PKG-INFO
[0.383s] writing dependency_links to ssd_mobilenet_inference_msgs.egg-info/dependency_links.txt
[0.383s] writing top-level names to ssd_mobilenet_inference_msgs.egg-info/top_level.txt
[0.384s] reading manifest file 'ssd_mobilenet_inference_msgs.egg-info/SOURCES.txt'
[0.385s] writing manifest file 'ssd_mobilenet_inference_msgs.egg-info/SOURCES.txt'
[0.404s] [100%] Built target ament_cmake_python_build_ssd_mobilenet_inference_msgs_egg
[0.413s] Invoked command in '/home/optimus/virtual/optimus/optimus_ws1_20240711/build/ssd_mobilenet_inference_msgs' returned '0': CMAKE_PREFIX_PATH=${CMAKE_PREFIX_PATH}:/home/optimus/virtual/optimus/optimus_ws1_20240711/install/optimus_vision0:/opt/ros/humble /usr/bin/cmake --build /home/optimus/virtual/optimus/optimus_ws1_20240711/build/ssd_mobilenet_inference_msgs -- -j12 -l12
[0.472s] Invoking command in '/home/optimus/virtual/optimus/optimus_ws1_20240711/build/ssd_mobilenet_inference_msgs': CMAKE_PREFIX_PATH=${CMAKE_PREFIX_PATH}:/home/optimus/virtual/optimus/optimus_ws1_20240711/install/optimus_vision0:/opt/ros/humble /usr/bin/cmake --install /home/optimus/virtual/optimus/optimus_ws1_20240711/build/ssd_mobilenet_inference_msgs
[0.481s] -- Install configuration: ""
[0.481s] -- Up-to-date: /home/optimus/virtual/optimus/optimus_ws1_20240711/install/ssd_mobilenet_inference_msgs/share/ament_index/resource_index/rosidl_interfaces/ssd_mobilenet_inference_msgs
[0.482s] -- Up-to-date: /home/optimus/virtual/optimus/optimus_ws1_20240711/install/ssd_mobilenet_inference_msgs/include/ssd_mobilenet_inference_msgs/ssd_mobilenet_inference_msgs
[0.482s] -- Up-to-date: /home/optimus/virtual/optimus/optimus_ws1_20240711/install/ssd_mobilenet_inference_msgs/include/ssd_mobilenet_inference_msgs/ssd_mobilenet_inference_msgs/msg
[0.482s] -- Up-to-date: /home/optimus/virtual/optimus/optimus_ws1_20240711/install/ssd_mobilenet_inference_msgs/include/ssd_mobilenet_inference_msgs/ssd_mobilenet_inference_msgs/msg/rosidl_generator_c__visibility_control.h
[0.482s] -- Up-to-date: /home/optimus/virtual/optimus/optimus_ws1_20240711/install/ssd_mobilenet_inference_msgs/include/ssd_mobilenet_inference_msgs/ssd_mobilenet_inference_msgs/msg/inference_result.h
[0.482s] -- Up-to-date: /home/optimus/virtual/optimus/optimus_ws1_20240711/install/ssd_mobilenet_inference_msgs/include/ssd_mobilenet_inference_msgs/ssd_mobilenet_inference_msgs/msg/detail
[0.482s] -- Up-to-date: /home/optimus/virtual/optimus/optimus_ws1_20240711/install/ssd_mobilenet_inference_msgs/include/ssd_mobilenet_inference_msgs/ssd_mobilenet_inference_msgs/msg/detail/inference_result__struct.h
[0.483s] -- Up-to-date: /home/optimus/virtual/optimus/optimus_ws1_20240711/install/ssd_mobilenet_inference_msgs/include/ssd_mobilenet_inference_msgs/ssd_mobilenet_inference_msgs/msg/detail/inference_result__functions.c
[0.483s] -- Up-to-date: /home/optimus/virtual/optimus/optimus_ws1_20240711/install/ssd_mobilenet_inference_msgs/include/ssd_mobilenet_inference_msgs/ssd_mobilenet_inference_msgs/msg/detail/inference_result__type_support.h
[0.483s] -- Up-to-date: /home/optimus/virtual/optimus/optimus_ws1_20240711/install/ssd_mobilenet_inference_msgs/include/ssd_mobilenet_inference_msgs/ssd_mobilenet_inference_msgs/msg/detail/inference_result__functions.h
[0.483s] -- Up-to-date: /home/optimus/virtual/optimus/optimus_ws1_20240711/install/ssd_mobilenet_inference_msgs/share/ssd_mobilenet_inference_msgs/environment/library_path.sh
[0.483s] -- Up-to-date: /home/optimus/virtual/optimus/optimus_ws1_20240711/install/ssd_mobilenet_inference_msgs/share/ssd_mobilenet_inference_msgs/environment/library_path.dsv
[0.483s] -- Up-to-date: /home/optimus/virtual/optimus/optimus_ws1_20240711/install/ssd_mobilenet_inference_msgs/lib/libssd_mobilenet_inference_msgs__rosidl_generator_c.so
[0.483s] -- Up-to-date: /home/optimus/virtual/optimus/optimus_ws1_20240711/install/ssd_mobilenet_inference_msgs/include/ssd_mobilenet_inference_msgs/ssd_mobilenet_inference_msgs
[0.483s] -- Up-to-date: /home/optimus/virtual/optimus/optimus_ws1_20240711/install/ssd_mobilenet_inference_msgs/include/ssd_mobilenet_inference_msgs/ssd_mobilenet_inference_msgs/msg
[0.484s] -- Up-to-date: /home/optimus/virtual/optimus/optimus_ws1_20240711/install/ssd_mobilenet_inference_msgs/include/ssd_mobilenet_inference_msgs/ssd_mobilenet_inference_msgs/msg/rosidl_typesupport_fastrtps_c__visibility_control.h
[0.484s] -- Up-to-date: /home/optimus/virtual/optimus/optimus_ws1_20240711/install/ssd_mobilenet_inference_msgs/include/ssd_mobilenet_inference_msgs/ssd_mobilenet_inference_msgs/msg/detail
[0.484s] -- Up-to-date: /home/optimus/virtual/optimus/optimus_ws1_20240711/install/ssd_mobilenet_inference_msgs/include/ssd_mobilenet_inference_msgs/ssd_mobilenet_inference_msgs/msg/detail/inference_result__rosidl_typesupport_fastrtps_c.h
[0.484s] -- Up-to-date: /home/optimus/virtual/optimus/optimus_ws1_20240711/install/ssd_mobilenet_inference_msgs/lib/libssd_mobilenet_inference_msgs__rosidl_typesupport_fastrtps_c.so
[0.484s] -- Up-to-date: /home/optimus/virtual/optimus/optimus_ws1_20240711/install/ssd_mobilenet_inference_msgs/include/ssd_mobilenet_inference_msgs/ssd_mobilenet_inference_msgs
[0.484s] -- Up-to-date: /home/optimus/virtual/optimus/optimus_ws1_20240711/install/ssd_mobilenet_inference_msgs/include/ssd_mobilenet_inference_msgs/ssd_mobilenet_inference_msgs/msg
[0.484s] -- Up-to-date: /home/optimus/virtual/optimus/optimus_ws1_20240711/install/ssd_mobilenet_inference_msgs/include/ssd_mobilenet_inference_msgs/ssd_mobilenet_inference_msgs/msg/inference_result.hpp
[0.484s] -- Up-to-date: /home/optimus/virtual/optimus/optimus_ws1_20240711/install/ssd_mobilenet_inference_msgs/include/ssd_mobilenet_inference_msgs/ssd_mobilenet_inference_msgs/msg/detail
[0.484s] -- Up-to-date: /home/optimus/virtual/optimus/optimus_ws1_20240711/install/ssd_mobilenet_inference_msgs/include/ssd_mobilenet_inference_msgs/ssd_mobilenet_inference_msgs/msg/detail/inference_result__builder.hpp
[0.484s] -- Up-to-date: /home/optimus/virtual/optimus/optimus_ws1_20240711/install/ssd_mobilenet_inference_msgs/include/ssd_mobilenet_inference_msgs/ssd_mobilenet_inference_msgs/msg/detail/inference_result__struct.hpp
[0.485s] -- Up-to-date: /home/optimus/virtual/optimus/optimus_ws1_20240711/install/ssd_mobilenet_inference_msgs/include/ssd_mobilenet_inference_msgs/ssd_mobilenet_inference_msgs/msg/detail/inference_result__traits.hpp
[0.485s] -- Up-to-date: /home/optimus/virtual/optimus/optimus_ws1_20240711/install/ssd_mobilenet_inference_msgs/include/ssd_mobilenet_inference_msgs/ssd_mobilenet_inference_msgs
[0.485s] -- Up-to-date: /home/optimus/virtual/optimus/optimus_ws1_20240711/install/ssd_mobilenet_inference_msgs/include/ssd_mobilenet_inference_msgs/ssd_mobilenet_inference_msgs/msg
[0.485s] -- Up-to-date: /home/optimus/virtual/optimus/optimus_ws1_20240711/install/ssd_mobilenet_inference_msgs/include/ssd_mobilenet_inference_msgs/ssd_mobilenet_inference_msgs/msg/rosidl_typesupport_fastrtps_cpp__visibility_control.h
[0.485s] -- Up-to-date: /home/optimus/virtual/optimus/optimus_ws1_20240711/install/ssd_mobilenet_inference_msgs/include/ssd_mobilenet_inference_msgs/ssd_mobilenet_inference_msgs/msg/detail
[0.485s] -- Up-to-date: /home/optimus/virtual/optimus/optimus_ws1_20240711/install/ssd_mobilenet_inference_msgs/include/ssd_mobilenet_inference_msgs/ssd_mobilenet_inference_msgs/msg/detail/dds_fastrtps
[0.485s] -- Up-to-date: /home/optimus/virtual/optimus/optimus_ws1_20240711/install/ssd_mobilenet_inference_msgs/include/ssd_mobilenet_inference_msgs/ssd_mobilenet_inference_msgs/msg/detail/inference_result__rosidl_typesupport_fastrtps_cpp.hpp
[0.485s] -- Up-to-date: /home/optimus/virtual/optimus/optimus_ws1_20240711/install/ssd_mobilenet_inference_msgs/lib/libssd_mobilenet_inference_msgs__rosidl_typesupport_fastrtps_cpp.so
[0.485s] -- Up-to-date: /home/optimus/virtual/optimus/optimus_ws1_20240711/install/ssd_mobilenet_inference_msgs/include/ssd_mobilenet_inference_msgs/ssd_mobilenet_inference_msgs
[0.486s] -- Up-to-date: /home/optimus/virtual/optimus/optimus_ws1_20240711/install/ssd_mobilenet_inference_msgs/include/ssd_mobilenet_inference_msgs/ssd_mobilenet_inference_msgs/msg
[0.486s] -- Up-to-date: /home/optimus/virtual/optimus/optimus_ws1_20240711/install/ssd_mobilenet_inference_msgs/include/ssd_mobilenet_inference_msgs/ssd_mobilenet_inference_msgs/msg/detail
[0.486s] -- Up-to-date: /home/optimus/virtual/optimus/optimus_ws1_20240711/install/ssd_mobilenet_inference_msgs/include/ssd_mobilenet_inference_msgs/ssd_mobilenet_inference_msgs/msg/detail/inference_result__rosidl_typesupport_introspection_c.h
[0.486s] -- Up-to-date: /home/optimus/virtual/optimus/optimus_ws1_20240711/install/ssd_mobilenet_inference_msgs/include/ssd_mobilenet_inference_msgs/ssd_mobilenet_inference_msgs/msg/detail/inference_result__type_support.c
[0.486s] -- Up-to-date: /home/optimus/virtual/optimus/optimus_ws1_20240711/install/ssd_mobilenet_inference_msgs/include/ssd_mobilenet_inference_msgs/ssd_mobilenet_inference_msgs/msg/rosidl_typesupport_introspection_c__visibility_control.h
[0.486s] -- Up-to-date: /home/optimus/virtual/optimus/optimus_ws1_20240711/install/ssd_mobilenet_inference_msgs/lib/libssd_mobilenet_inference_msgs__rosidl_typesupport_introspection_c.so
[0.486s] -- Up-to-date: /home/optimus/virtual/optimus/optimus_ws1_20240711/install/ssd_mobilenet_inference_msgs/lib/libssd_mobilenet_inference_msgs__rosidl_typesupport_c.so
[0.486s] -- Up-to-date: /home/optimus/virtual/optimus/optimus_ws1_20240711/install/ssd_mobilenet_inference_msgs/include/ssd_mobilenet_inference_msgs/ssd_mobilenet_inference_msgs
[0.486s] -- Up-to-date: /home/optimus/virtual/optimus/optimus_ws1_20240711/install/ssd_mobilenet_inference_msgs/include/ssd_mobilenet_inference_msgs/ssd_mobilenet_inference_msgs/msg
[0.486s] -- Up-to-date: /home/optimus/virtual/optimus/optimus_ws1_20240711/install/ssd_mobilenet_inference_msgs/include/ssd_mobilenet_inference_msgs/ssd_mobilenet_inference_msgs/msg/detail
[0.487s] -- Up-to-date: /home/optimus/virtual/optimus/optimus_ws1_20240711/install/ssd_mobilenet_inference_msgs/include/ssd_mobilenet_inference_msgs/ssd_mobilenet_inference_msgs/msg/detail/inference_result__rosidl_typesupport_introspection_cpp.hpp
[0.487s] -- Up-to-date: /home/optimus/virtual/optimus/optimus_ws1_20240711/install/ssd_mobilenet_inference_msgs/include/ssd_mobilenet_inference_msgs/ssd_mobilenet_inference_msgs/msg/detail/inference_result__type_support.cpp
[0.487s] -- Up-to-date: /home/optimus/virtual/optimus/optimus_ws1_20240711/install/ssd_mobilenet_inference_msgs/lib/libssd_mobilenet_inference_msgs__rosidl_typesupport_introspection_cpp.so
[0.487s] -- Up-to-date: /home/optimus/virtual/optimus/optimus_ws1_20240711/install/ssd_mobilenet_inference_msgs/lib/libssd_mobilenet_inference_msgs__rosidl_typesupport_cpp.so
[0.487s] -- Up-to-date: /home/optimus/virtual/optimus/optimus_ws1_20240711/install/ssd_mobilenet_inference_msgs/share/ssd_mobilenet_inference_msgs/environment/pythonpath.sh
[0.487s] -- Up-to-date: /home/optimus/virtual/optimus/optimus_ws1_20240711/install/ssd_mobilenet_inference_msgs/share/ssd_mobilenet_inference_msgs/environment/pythonpath.dsv
[0.487s] -- Up-to-date: /home/optimus/virtual/optimus/optimus_ws1_20240711/install/ssd_mobilenet_inference_msgs/local/lib/python3.10/dist-packages/ssd_mobilenet_inference_msgs-0.0.0-py3.10.egg-info
[0.487s] -- Installing: /home/optimus/virtual/optimus/optimus_ws1_20240711/install/ssd_mobilenet_inference_msgs/local/lib/python3.10/dist-packages/ssd_mobilenet_inference_msgs-0.0.0-py3.10.egg-info/top_level.txt
[0.487s] -- Installing: /home/optimus/virtual/optimus/optimus_ws1_20240711/install/ssd_mobilenet_inference_msgs/local/lib/python3.10/dist-packages/ssd_mobilenet_inference_msgs-0.0.0-py3.10.egg-info/PKG-INFO
[0.487s] -- Installing: /home/optimus/virtual/optimus/optimus_ws1_20240711/install/ssd_mobilenet_inference_msgs/local/lib/python3.10/dist-packages/ssd_mobilenet_inference_msgs-0.0.0-py3.10.egg-info/SOURCES.txt
[0.487s] -- Installing: /home/optimus/virtual/optimus/optimus_ws1_20240711/install/ssd_mobilenet_inference_msgs/local/lib/python3.10/dist-packages/ssd_mobilenet_inference_msgs-0.0.0-py3.10.egg-info/dependency_links.txt
[0.488s] -- Up-to-date: /home/optimus/virtual/optimus/optimus_ws1_20240711/install/ssd_mobilenet_inference_msgs/local/lib/python3.10/dist-packages/ssd_mobilenet_inference_msgs
[0.488s] -- Up-to-date: /home/optimus/virtual/optimus/optimus_ws1_20240711/install/ssd_mobilenet_inference_msgs/local/lib/python3.10/dist-packages/ssd_mobilenet_inference_msgs/ssd_mobilenet_inference_msgs_s__rosidl_typesupport_c.cpython-310-x86_64-linux-gnu.so
[0.488s] -- Up-to-date: /home/optimus/virtual/optimus/optimus_ws1_20240711/install/ssd_mobilenet_inference_msgs/local/lib/python3.10/dist-packages/ssd_mobilenet_inference_msgs/_ssd_mobilenet_inference_msgs_s.ep.rosidl_typesupport_introspection_c.c
[0.488s] -- Up-to-date: /home/optimus/virtual/optimus/optimus_ws1_20240711/install/ssd_mobilenet_inference_msgs/local/lib/python3.10/dist-packages/ssd_mobilenet_inference_msgs/__init__.py
[0.488s] -- Up-to-date: /home/optimus/virtual/optimus/optimus_ws1_20240711/install/ssd_mobilenet_inference_msgs/local/lib/python3.10/dist-packages/ssd_mobilenet_inference_msgs/ssd_mobilenet_inference_msgs_s__rosidl_typesupport_introspection_c.cpython-310-x86_64-linux-gnu.so
[0.488s] -- Up-to-date: /home/optimus/virtual/optimus/optimus_ws1_20240711/install/ssd_mobilenet_inference_msgs/local/lib/python3.10/dist-packages/ssd_mobilenet_inference_msgs/_ssd_mobilenet_inference_msgs_s.ep.rosidl_typesupport_fastrtps_c.c
[0.488s] -- Up-to-date: /home/optimus/virtual/optimus/optimus_ws1_20240711/install/ssd_mobilenet_inference_msgs/local/lib/python3.10/dist-packages/ssd_mobilenet_inference_msgs/msg
[0.488s] -- Up-to-date: /home/optimus/virtual/optimus/optimus_ws1_20240711/install/ssd_mobilenet_inference_msgs/local/lib/python3.10/dist-packages/ssd_mobilenet_inference_msgs/msg/__init__.py
[0.488s] -- Up-to-date: /home/optimus/virtual/optimus/optimus_ws1_20240711/install/ssd_mobilenet_inference_msgs/local/lib/python3.10/dist-packages/ssd_mobilenet_inference_msgs/msg/_inference_result_s.c
[0.488s] -- Up-to-date: /home/optimus/virtual/optimus/optimus_ws1_20240711/install/ssd_mobilenet_inference_msgs/local/lib/python3.10/dist-packages/ssd_mobilenet_inference_msgs/msg/_inference_result.py
[0.489s] -- Up-to-date: /home/optimus/virtual/optimus/optimus_ws1_20240711/install/ssd_mobilenet_inference_msgs/local/lib/python3.10/dist-packages/ssd_mobilenet_inference_msgs/ssd_mobilenet_inference_msgs_s__rosidl_typesupport_fastrtps_c.cpython-310-x86_64-linux-gnu.so
[0.489s] -- Up-to-date: /home/optimus/virtual/optimus/optimus_ws1_20240711/install/ssd_mobilenet_inference_msgs/local/lib/python3.10/dist-packages/ssd_mobilenet_inference_msgs/libssd_mobilenet_inference_msgs__rosidl_generator_py.so
[0.489s] -- Up-to-date: /home/optimus/virtual/optimus/optimus_ws1_20240711/install/ssd_mobilenet_inference_msgs/local/lib/python3.10/dist-packages/ssd_mobilenet_inference_msgs/_ssd_mobilenet_inference_msgs_s.ep.rosidl_typesupport_c.c
[0.524s] Listing '/home/optimus/virtual/optimus/optimus_ws1_20240711/install/ssd_mobilenet_inference_msgs/local/lib/python3.10/dist-packages/ssd_mobilenet_inference_msgs'...
[0.524s] Listing '/home/optimus/virtual/optimus/optimus_ws1_20240711/install/ssd_mobilenet_inference_msgs/local/lib/python3.10/dist-packages/ssd_mobilenet_inference_msgs/msg'...
[0.530s] -- Up-to-date: /home/optimus/virtual/optimus/optimus_ws1_20240711/install/ssd_mobilenet_inference_msgs/local/lib/python3.10/dist-packages/ssd_mobilenet_inference_msgs/ssd_mobilenet_inference_msgs_s__rosidl_typesupport_fastrtps_c.cpython-310-x86_64-linux-gnu.so
[0.530s] -- Up-to-date: /home/optimus/virtual/optimus/optimus_ws1_20240711/install/ssd_mobilenet_inference_msgs/local/lib/python3.10/dist-packages/ssd_mobilenet_inference_msgs/ssd_mobilenet_inference_msgs_s__rosidl_typesupport_introspection_c.cpython-310-x86_64-linux-gnu.so
[0.530s] -- Up-to-date: /home/optimus/virtual/optimus/optimus_ws1_20240711/install/ssd_mobilenet_inference_msgs/local/lib/python3.10/dist-packages/ssd_mobilenet_inference_msgs/ssd_mobilenet_inference_msgs_s__rosidl_typesupport_c.cpython-310-x86_64-linux-gnu.so
[0.530s] -- Up-to-date: /home/optimus/virtual/optimus/optimus_ws1_20240711/install/ssd_mobilenet_inference_msgs/lib/libssd_mobilenet_inference_msgs__rosidl_generator_py.so
[0.531s] -- Up-to-date: /home/optimus/virtual/optimus/optimus_ws1_20240711/install/ssd_mobilenet_inference_msgs/share/ssd_mobilenet_inference_msgs/msg/InferenceResult.idl
[0.531s] -- Up-to-date: /home/optimus/virtual/optimus/optimus_ws1_20240711/install/ssd_mobilenet_inference_msgs/share/ssd_mobilenet_inference_msgs/msg/InferenceResult.msg
[0.531s] -- Up-to-date: /home/optimus/virtual/optimus/optimus_ws1_20240711/install/ssd_mobilenet_inference_msgs/share/ament_index/resource_index/package_run_dependencies/ssd_mobilenet_inference_msgs
[0.531s] -- Up-to-date: /home/optimus/virtual/optimus/optimus_ws1_20240711/install/ssd_mobilenet_inference_msgs/share/ament_index/resource_index/parent_prefix_path/ssd_mobilenet_inference_msgs
[0.531s] -- Up-to-date: /home/optimus/virtual/optimus/optimus_ws1_20240711/install/ssd_mobilenet_inference_msgs/share/ssd_mobilenet_inference_msgs/environment/ament_prefix_path.sh
[0.531s] -- Up-to-date: /home/optimus/virtual/optimus/optimus_ws1_20240711/install/ssd_mobilenet_inference_msgs/share/ssd_mobilenet_inference_msgs/environment/ament_prefix_path.dsv
[0.531s] -- Up-to-date: /home/optimus/virtual/optimus/optimus_ws1_20240711/install/ssd_mobilenet_inference_msgs/share/ssd_mobilenet_inference_msgs/environment/path.sh
[0.532s] -- Up-to-date: /home/optimus/virtual/optimus/optimus_ws1_20240711/install/ssd_mobilenet_inference_msgs/share/ssd_mobilenet_inference_msgs/environment/path.dsv
[0.532s] -- Up-to-date: /home/optimus/virtual/optimus/optimus_ws1_20240711/install/ssd_mobilenet_inference_msgs/share/ssd_mobilenet_inference_msgs/local_setup.bash
[0.532s] -- Up-to-date: /home/optimus/virtual/optimus/optimus_ws1_20240711/install/ssd_mobilenet_inference_msgs/share/ssd_mobilenet_inference_msgs/local_setup.sh
[0.532s] -- Up-to-date: /home/optimus/virtual/optimus/optimus_ws1_20240711/install/ssd_mobilenet_inference_msgs/share/ssd_mobilenet_inference_msgs/local_setup.zsh
[0.532s] -- Up-to-date: /home/optimus/virtual/optimus/optimus_ws1_20240711/install/ssd_mobilenet_inference_msgs/share/ssd_mobilenet_inference_msgs/local_setup.dsv
[0.532s] -- Installing: /home/optimus/virtual/optimus/optimus_ws1_20240711/install/ssd_mobilenet_inference_msgs/share/ssd_mobilenet_inference_msgs/package.dsv
[0.532s] -- Up-to-date: /home/optimus/virtual/optimus/optimus_ws1_20240711/install/ssd_mobilenet_inference_msgs/share/ament_index/resource_index/packages/ssd_mobilenet_inference_msgs
[0.533s] -- Up-to-date: /home/optimus/virtual/optimus/optimus_ws1_20240711/install/ssd_mobilenet_inference_msgs/share/ssd_mobilenet_inference_msgs/cmake/export_ssd_mobilenet_inference_msgs__rosidl_generator_cExport.cmake
[0.533s] -- Up-to-date: /home/optimus/virtual/optimus/optimus_ws1_20240711/install/ssd_mobilenet_inference_msgs/share/ssd_mobilenet_inference_msgs/cmake/export_ssd_mobilenet_inference_msgs__rosidl_generator_cExport-noconfig.cmake
[0.533s] -- Up-to-date: /home/optimus/virtual/optimus/optimus_ws1_20240711/install/ssd_mobilenet_inference_msgs/share/ssd_mobilenet_inference_msgs/cmake/export_ssd_mobilenet_inference_msgs__rosidl_typesupport_fastrtps_cExport.cmake
[0.533s] -- Up-to-date: /home/optimus/virtual/optimus/optimus_ws1_20240711/install/ssd_mobilenet_inference_msgs/share/ssd_mobilenet_inference_msgs/cmake/export_ssd_mobilenet_inference_msgs__rosidl_typesupport_fastrtps_cExport-noconfig.cmake
[0.533s] -- Up-to-date: /home/optimus/virtual/optimus/optimus_ws1_20240711/install/ssd_mobilenet_inference_msgs/share/ssd_mobilenet_inference_msgs/cmake/export_ssd_mobilenet_inference_msgs__rosidl_generator_cppExport.cmake
[0.533s] -- Up-to-date: /home/optimus/virtual/optimus/optimus_ws1_20240711/install/ssd_mobilenet_inference_msgs/share/ssd_mobilenet_inference_msgs/cmake/export_ssd_mobilenet_inference_msgs__rosidl_typesupport_fastrtps_cppExport.cmake
[0.533s] -- Up-to-date: /home/optimus/virtual/optimus/optimus_ws1_20240711/install/ssd_mobilenet_inference_msgs/share/ssd_mobilenet_inference_msgs/cmake/export_ssd_mobilenet_inference_msgs__rosidl_typesupport_fastrtps_cppExport-noconfig.cmake
[0.533s] -- Up-to-date: /home/optimus/virtual/optimus/optimus_ws1_20240711/install/ssd_mobilenet_inference_msgs/share/ssd_mobilenet_inference_msgs/cmake/ssd_mobilenet_inference_msgs__rosidl_typesupport_introspection_cExport.cmake
[0.533s] -- Up-to-date: /home/optimus/virtual/optimus/optimus_ws1_20240711/install/ssd_mobilenet_inference_msgs/share/ssd_mobilenet_inference_msgs/cmake/ssd_mobilenet_inference_msgs__rosidl_typesupport_introspection_cExport-noconfig.cmake
[0.534s] -- Up-to-date: /home/optimus/virtual/optimus/optimus_ws1_20240711/install/ssd_mobilenet_inference_msgs/share/ssd_mobilenet_inference_msgs/cmake/ssd_mobilenet_inference_msgs__rosidl_typesupport_cExport.cmake
[0.534s] -- Up-to-date: /home/optimus/virtual/optimus/optimus_ws1_20240711/install/ssd_mobilenet_inference_msgs/share/ssd_mobilenet_inference_msgs/cmake/ssd_mobilenet_inference_msgs__rosidl_typesupport_cExport-noconfig.cmake
[0.534s] -- Up-to-date: /home/optimus/virtual/optimus/optimus_ws1_20240711/install/ssd_mobilenet_inference_msgs/share/ssd_mobilenet_inference_msgs/cmake/ssd_mobilenet_inference_msgs__rosidl_typesupport_introspection_cppExport.cmake
[0.534s] -- Up-to-date: /home/optimus/virtual/optimus/optimus_ws1_20240711/install/ssd_mobilenet_inference_msgs/share/ssd_mobilenet_inference_msgs/cmake/ssd_mobilenet_inference_msgs__rosidl_typesupport_introspection_cppExport-noconfig.cmake
[0.534s] -- Up-to-date: /home/optimus/virtual/optimus/optimus_ws1_20240711/install/ssd_mobilenet_inference_msgs/share/ssd_mobilenet_inference_msgs/cmake/ssd_mobilenet_inference_msgs__rosidl_typesupport_cppExport.cmake
[0.534s] -- Up-to-date: /home/optimus/virtual/optimus/optimus_ws1_20240711/install/ssd_mobilenet_inference_msgs/share/ssd_mobilenet_inference_msgs/cmake/ssd_mobilenet_inference_msgs__rosidl_typesupport_cppExport-noconfig.cmake
[0.534s] -- Up-to-date: /home/optimus/virtual/optimus/optimus_ws1_20240711/install/ssd_mobilenet_inference_msgs/share/ssd_mobilenet_inference_msgs/cmake/export_ssd_mobilenet_inference_msgs__rosidl_generator_pyExport.cmake
[0.534s] -- Up-to-date: /home/optimus/virtual/optimus/optimus_ws1_20240711/install/ssd_mobilenet_inference_msgs/share/ssd_mobilenet_inference_msgs/cmake/export_ssd_mobilenet_inference_msgs__rosidl_generator_pyExport-noconfig.cmake
[0.534s] -- Up-to-date: /home/optimus/virtual/optimus/optimus_ws1_20240711/install/ssd_mobilenet_inference_msgs/share/ssd_mobilenet_inference_msgs/cmake/rosidl_cmake-extras.cmake
[0.534s] -- Up-to-date: /home/optimus/virtual/optimus/optimus_ws1_20240711/install/ssd_mobilenet_inference_msgs/share/ssd_mobilenet_inference_msgs/cmake/ament_cmake_export_include_directories-extras.cmake
[0.534s] -- Up-to-date: /home/optimus/virtual/optimus/optimus_ws1_20240711/install/ssd_mobilenet_inference_msgs/share/ssd_mobilenet_inference_msgs/cmake/ament_cmake_export_libraries-extras.cmake
[0.535s] -- Up-to-date: /home/optimus/virtual/optimus/optimus_ws1_20240711/install/ssd_mobilenet_inference_msgs/share/ssd_mobilenet_inference_msgs/cmake/ament_cmake_export_targets-extras.cmake
[0.535s] -- Up-to-date: /home/optimus/virtual/optimus/optimus_ws1_20240711/install/ssd_mobilenet_inference_msgs/share/ssd_mobilenet_inference_msgs/cmake/rosidl_cmake_export_typesupport_targets-extras.cmake
[0.535s] -- Up-to-date: /home/optimus/virtual/optimus/optimus_ws1_20240711/install/ssd_mobilenet_inference_msgs/share/ssd_mobilenet_inference_msgs/cmake/ament_cmake_export_dependencies-extras.cmake
[0.535s] -- Up-to-date: /home/optimus/virtual/optimus/optimus_ws1_20240711/install/ssd_mobilenet_inference_msgs/share/ssd_mobilenet_inference_msgs/cmake/rosidl_cmake_export_typesupport_libraries-extras.cmake
[0.535s] -- Up-to-date: /home/optimus/virtual/optimus/optimus_ws1_20240711/install/ssd_mobilenet_inference_msgs/share/ssd_mobilenet_inference_msgs/cmake/ssd_mobilenet_inference_msgsConfig.cmake
[0.535s] -- Up-to-date: /home/optimus/virtual/optimus/optimus_ws1_20240711/install/ssd_mobilenet_inference_msgs/share/ssd_mobilenet_inference_msgs/cmake/ssd_mobilenet_inference_msgsConfig-version.cmake
[0.535s] -- Up-to-date: /home/optimus/virtual/optimus/optimus_ws1_20240711/install/ssd_mobilenet_inference_msgs/share/ssd_mobilenet_inference_msgs/package.xml
[0.536s] Invoked command in '/home/optimus/virtual/optimus/optimus_ws1_20240711/build/ssd_mobilenet_inference_msgs' returned '0': CMAKE_PREFIX_PATH=${CMAKE_PREFIX_PATH}:/home/optimus/virtual/optimus/optimus_ws1_20240711/install/optimus_vision0:/opt/ros/humble /usr/bin/cmake --install /home/optimus/virtual/optimus/optimus_ws1_20240711/build/ssd_mobilenet_inference_msgs
